[18:18:29] Syringe 0.7.3.0
[18:18:29] ===============

[18:18:29] WinMain: arguments = ""gamemd.exe" -SPAWN -LOG -SPEEDCONTROL -CD -b=45 -icon Resources/clienticon.ico"
[18:18:29] WinMain: Trying to load executable file "gamemd.exe"...

[18:18:29] SyringeDebugger::RetrieveInfo: Retrieving info from the executable file...
[18:18:29] SyringeDebugger::RetrieveInfo: Executable information successfully retrieved.
[18:18:29] 	exe = gamemd.exe
[18:18:29] 	pImLoadLibrary = 0x007E1220
[18:18:29] 	pImGetProcAddress = 0x007E1250
[18:18:29] 	pcEntryPoint = 0x007CD80F
[18:18:29] 	dwExeSize = 0x00497110
[18:18:29] 	dwExeCRC = 0x54CC0A13
[18:18:29] 	dwTimestamp = 0x3BDF544E

[18:18:29] SyringeDebugger::RetrieveInfo: Opening gamemd.exe to determine imports.
[18:18:29] WinMain: SyringeDebugger::FindDLLs();

[18:18:29] SyringeDebugger::FindDLLs: Recognized DLL: ".basic_patch.dll"
[18:18:29] SyringeDebugger::FindDLLs: Recognized DLL: "Ares.dll"
[18:18:29] SyringeDebugger::Handshake: Calling "Ares.dll" ...
[18:18:29] SyringeDebugger::Handshake: Answers "Found Yuri's Revenge 1.001 (modified). Applying Ares 3.0." (0)
[18:18:29] SyringeDebugger::FindDLLs: Recognized DLL: "cncnet5.dll"
[18:18:30] SyringeDebugger::FindDLLs: Recognized DLL: "PatcherLoader.dll"
[18:18:30] SyringeDebugger::Handshake: Calling "PatcherLoader.dll" ...
[18:18:30] SyringeDebugger::Handshake: Answers "Patcher Loader Handshake" (0)
[18:18:30] SyringeDebugger::FindDLLs: Recognized DLL: "phobos.dll"
[18:18:30] SyringeDebugger::FindDLLs: Recognized DLL: "rename.dll"
[18:18:30] SyringeDebugger::FindDLLs: Recognized DLL: "SIWinterIsComing#198.dll"
[18:18:30] SyringeDebugger::FindDLLs: Recognized DLL: "UnlimboW.dll"
[18:18:30] SyringeDebugger::FindDLLs: Done (2940 hooks added).

[18:18:30] WinMain: SyringeDebugger::Run("-SPAWN -LOG -SPEEDCONTROL -CD -b=45 -icon Resources/clienticon.ico");

[18:18:30] SyringeDebugger::Run: Running process to debug. cmd = "gamemd.exe -SPAWN -LOG -SPEEDCONTROL -CD -b=45 -icon Resources/clienticon.ico"
[18:18:30] SyringeDebugger::Run: Allocating 0x580 bytes...
[18:18:30] SyringeDebugger::Run: pAlloc = 0x001C0000
[18:18:30] SyringeDebugger::Run: Writing DLL loader & caller code...
[18:18:30] SyringeDebugger::Run: pcLoadLibrary = 0x001C0000
[18:18:30] SyringeDebugger::Run: Entering debug loop...
[18:18:30] SyringeDebugger::HandleException: Could not retrieve ProcAddress for: cncnet5.dll - MZź
[18:18:30] SyringeDebugger::HandleException: Could not retrieve ProcAddress for: rename.dll - MZź
[18:18:31] SyringeDebugger::HandleException: Finished retrieving proc addresses.
[18:18:31] SyringeDebugger::HandleException: Creating code hooks.
[18:18:31] SyringeDebugger::HandleException: Exception (Code: 0x04242420 at 0x7628E702)!
[18:18:31] 	The process tried to (null) 0x6F700000.

[18:18:31] Registers:
[18:18:31] 	EAX = 0x0019E858	ECX = 0x00000003	EDX = 0x00000000
[18:18:31] 	EBX = 0x00000001	ESP = 0x0019E858	EBP = 0x0019E8B0
[18:18:31] 	ESI = 0x00000000	EDI = 0x00000001	EIP = 0x7628E702

[18:18:31] 	Stack dump:
[18:18:31] 	0x0019E858:	0x04242420
[18:18:31] 	0x0019E85C:	0x00000000
[18:18:31] 	0x0019E860:	0x00000000
[18:18:31] 	0x0019E864:	0x7628E702
[18:18:31] 	0x0019E868:	0x00000003
[18:18:31] 	0x0019E86C:	0x31415927
[18:18:31] 	0x0019E870:	0x6F700000
[18:18:31] 	0x0019E874:	0x0019E938
[18:18:31] 	0x0019E878:	0x0019E950
[18:18:31] 	0x0019E87C:	0x00000000
[18:18:31] 	0x0019E880:	0x00000000
[18:18:31] 	0x0019E884:	0x0019E8B4
[18:18:31] 	0x0019E888:	0x77632151
[18:18:31] 	0x0019E88C:	0x00000000
[18:18:31] 	0x0019E890:	0x00000000
[18:18:31] 	0x0019E894:	0x00000000
[18:18:31] 	0x0019E898:	0x00800000
[18:18:31] 	0x0019E89C:	0x0019E908
[18:18:31] 	0x0019E8A0:	0x00200000
[18:18:31] 	0x0019E8A4:	0x0019E8E8
[18:18:31] 	0x0019E8A8:	0x0019E8E8
[18:18:31] 	0x0019E8AC:	0x4922BE2B
[18:18:31] 	0x0019E8B0:	0x0019E92C
[18:18:31] 	0x0019E8B4:	0x6FC41C56
[18:18:31] 	0x0019E8B8:	0x04242420
[18:18:31] 	0x0019E8BC:	0x00000000
[18:18:31] 	0x0019E8C0:	0x00000003
[18:18:31] 	0x0019E8C4:	0x0019E90C
[18:18:31] 	0x0019E8C8:	0x3693B0CF
[18:18:31] 	0x0019E8CC:	0x00000001
[18:18:31] 	0x0019E8D0:	0x0101BFA0
[18:18:31] 	0x0019E8D4:	0x00000001
[18:18:31] 	0x0019E8D8:	0x00000000
[18:18:31] 	0x0019E8DC:	0x00000000
[18:18:31] 	0x0019E8E0:	0x00000000
[18:18:31] 	0x0019E8E4:	0x00000000
[18:18:31] 	0x0019E8E8:	0x00320000
[18:18:31] 	0x0019E8EC:	0x0019E8F8
[18:18:31] 	0x0019E8F0:	0x00000000
[18:18:31] 	0x0019E8F4:	0x00000000
[18:18:31] 	0x0019E8F8:	0x00000000
[18:18:31] 	0x0019E8FC:	0x00000000
[18:18:31] 	0x0019E900:	0x00000000
[18:18:31] 	0x0019E904:	0x00000000
[18:18:31] 	0x0019E908:	0x00000000
[18:18:31] 	0x0019E90C:	0x31415927
[18:18:31] 	0x0019E910:	0x6F700000
[18:18:31] 	0x0019E914:	0x0019E938
[18:18:31] 	0x0019E918:	0x3693B0CF
[18:18:31] 	0x0019E91C:	0x0019E8C8
[18:18:31] 	0x0019E920:	0x0019EDD4
[18:18:31] 	0x0019E924:	0x6FDB3320
[18:18:31] 	0x0019E928:	0x00000002
[18:18:31] 	0x0019E92C:	0x0019ED68
[18:18:31] 	0x0019E930:	0x6F7FA03B
[18:18:31] 	0x0019E934:	0x0019E938
[18:18:31] 	0x0019E938:	0x74DEACFB
[18:18:31] 	0x0019E93C:	0x0000015C
[18:18:31] 	0x0019E940:	0x00005268
[18:18:31] 	0x0019E944:	0x00000000
[18:18:31] 	0x0019E948:	0x00000000
[18:18:31] 	0x0019E94C:	0x00000000
[18:18:31] 	0x0019E950:	0x0DDD0000
[18:18:31] 	0x0019E954:	0x00000108
[18:18:31] 	0x0019E958:	0x0DDD04B0
[18:18:31] 	0x0019E95C:	0x0DDD0000
[18:18:31] 	0x0019E960:	0x773BF208
[18:18:31] 	0x0019E964:	0x0019EAAE
[18:18:31] 	0x0019E968:	0x773BC25F
[18:18:31] 	0x0019E96C:	0x00000000
[18:18:31] 	0x0019E970:	0x7749E990
[18:18:31] 	0x0019E974:	0x00F37520
[18:18:31] 	0x0019E978:	0x00D98BA8
[18:18:31] 	0x0019E97C:	0x0019EAB0
[18:18:31] 	0x0019E980:	0x0019E9BC
[18:18:31] 	0x0019E984:	0x773BC4FF
[18:18:31] 	0x0019E988:	0x0019EA90
[18:18:31] 	0x0019E98C:	0x00F3754C
[18:18:31] 	0x0019E990:	0x00000001
[18:18:31] 	0x0019E994:	0x0019EA90
[18:18:31] 	0x0019E998:	0x536CD652
[18:18:31] 	0x0019E99C:	0x00000000
[18:18:31] 	0x0019E9A0:	0x00F37520
[18:18:31] 	0x0019E9A4:	0x00000000
[18:18:31] 	0x0019E9A8:	0x7749E990
[18:18:31] 	0x0019E9AC:	0x0019EA90
[18:18:31] 	0x0019E9B0:	0x0019E9F8
[18:18:31] 	0x0019E9B4:	0x773BA8A2
[18:18:31] 	0x0019E9B8:	0x0019EA90
[18:18:31] 	0x0019E9BC:	0x00000000
[18:18:31] 	0x0019E9C0:	0x00000000
[18:18:31] 	0x0019E9C4:	0x0019E9F4
[18:18:31] 	0x0019E9C8:	0x77632011
[18:18:31] 	0x0019E9CC:	0x00F37520
[18:18:31] 	0x0019E9D0:	0x00000000
[18:18:31] 	0x0019E9D4:	0x00000001
[18:18:31] 	0x0019E9D8:	0x773FD08B
[18:18:31] 	0x0019E9DC:	0x00F37520
[18:18:31] 	0x0019E9E0:	0x00000000
[18:18:31] 	0x0019E9E4:	0x00F37520
[18:18:31] 	0x0019E9E8:	0x0019ECAC
[18:18:31] 	0x0019E9EC:	0x773B8857
[18:18:31] 	0x0019E9F0:	0x773D1ED5
[18:18:31] 	0x0019E9F4:	0x776323DD
[18:18:31] 	0x0019E9F8:	0x00000010
[18:18:31] 	0x0019E9FC:	0x00000001
[18:18:31] 	0x0019EA00:	0x0019EAC0
[18:18:31] 	0x0019EA04:	0x00000000
[18:18:31] 	0x0019EA08:	0x00000010
[18:18:31] 	0x0019EA0C:	0x0019EA34
[18:18:31] 	0x0019EA10:	0x0000000B
[18:18:31] 	0x0019EA14:	0x00F376C8
[18:18:31] 	0x0019EA18:	0x00000000
[18:18:31] 	0x0019EA1C:	0x0019E9F4
[18:18:31] 	0x0019EA20:	0x00000009
[18:18:31] 	0x0019EA24:	0x0019EB8C
[18:18:31] 	0x0019EA28:	0x773EF5E0
[18:18:31] 	0x0019EA2C:	0x00329A31
[18:18:31] 	0x0019EA30:	0x00000000
[18:18:31] 	0x0019EA34:	0x00000000
[18:18:31] 	0x0019EA38:	0x773D1DE1
[18:18:31] 	0x0019EA3C:	0x0019EAC0
[18:18:31] 	0x0019EA40:	0x00000011
[18:18:31] 	0x0019EA44:	0x00000001
[18:18:31] 	0x0019EA48:	0x00000000
[18:18:31] 	0x0019EA4C:	0x6F7F9E74
[18:18:31] 	0x0019EA50:	0x00000075
[18:18:31] 	0x0019EA54:	0x00000000
[18:18:31] 	0x0019EA58:	0x00F3AEA0
[18:18:31] 	0x0019EA5C:	0x00F46100
[18:18:31] 	0x0019EA60:	0x0019EB9C
[18:18:31] 	0x0019EA64:	0x0019EB9C
[18:18:31] 	0x0019EA68:	0x74DEACE3
[18:18:31] 	0x0019EA6C:	0x74E439E0
[18:18:31] 	0x0019EA70:	0x05C8D6B9
[18:18:31] 	0x0019EA74:	0x00F37520
[18:18:31] 	0x0019EA78:	0x74DEAA30
[18:18:31] 	0x0019EA7C:	0x74DEACFB
[18:18:31] 	0x0019EA80:	0x0019EBD4
[18:18:31] 	0x0019EA84:	0x0000000B
[18:18:31] 	0x0019EA88:	0xFFFF000F
[18:18:31] 	0x0019EA8C:	0x00FF7228
[18:18:31] 	0x0019EA90:	0x007583CD
[18:18:31] 	0x0019EA94:	0xFFFFFFFF
[18:18:31] 	0x0019EA98:	0x00000048
[18:18:31] 	0x0019EA9C:	0x00000005
[18:18:31] 	0x0019EAA0:	0x00F376C8
[18:18:31] 	0x0019EAA4:	0x00000014
[18:18:31] 	0x0019EAA8:	0x00F46100
[18:18:31] 	0x0019EAAC:	0x0019EB20
[18:18:31] 	0x0019EAB0:	0x00000000
[18:18:31] 	0x0019EAB4:	0x01000008
[18:18:31] 	0x0019EAB8:	0x00F3AEA0
[18:18:31] 	0x0019EABC:	0x018B3D70
[18:18:31] 	0x0019EAC0:	0x74DEAD22
[18:18:31] 	0x0019EAC4:	0x773B5C46
[18:18:31] 	0x0019EAC8:	0x7626BC4F
[18:18:31] 	0x0019EACC:	0x75838264
[18:18:31] 	0x0019EAD0:	0x6F7F9E74
[18:18:31] 	0x0019EAD4:	0x6F7F519A
[18:18:31] 	0x0019EAD8:	0x6F7F528F
[18:18:31] 	0x0019EADC:	0x6F7F5368
[18:18:31] 	0x0019EAE0:	0x6F7EF462
[18:18:31] 	0x0019EAE4:	0x6F7EF736
[18:18:31] 	0x0019EAE8:	0x6F7E87E2
[18:18:31] 	0x0019EAEC:	0x6F977EED
[18:18:31] 	0x0019EAF0:	0x6F977DB8
[18:18:31] 	0x0019EAF4:	0x695D1979
[18:18:31] 	0x0019EAF8:	0x695D6FA5
[18:18:31] 	0x0019EAFC:	0x75820000
[18:18:31] 	0x0019EB00:	0x74DEAD22
[18:18:31] 	0x0019EB04:	0x00000000
[18:18:31] 	0x0019EB08:	0x773B5C46
[18:18:31] 	0x0019EB0C:	0x00000000
[18:18:31] 	0x0019EB10:	0x7626BC4F
[18:18:31] 	0x0019EB14:	0x00000000
[18:18:31] 	0x0019EB18:	0x75838264
[18:18:31] 	0x0019EB1C:	0x00000000
[18:18:31] 	0x0019EB20:	0x6F7F9E74
[18:18:31] 	0x0019EB24:	0x00000000
[18:18:31] 	0x0019EB28:	0x6F7F519A
[18:18:31] 	0x0019EB2C:	0x00000000
[18:18:31] 	0x0019EB30:	0x6F7F528F
[18:18:31] 	0x0019EB34:	0x00000000
[18:18:31] 	0x0019EB38:	0x6F7F5368
[18:18:31] 	0x0019EB3C:	0x00000000
[18:18:31] 	0x0019EB40:	0x6F7EF462
[18:18:31] 	0x0019EB44:	0x00000000
[18:18:31] 	0x0019EB48:	0x6F7EF736
[18:18:31] 	0x0019EB4C:	0x00000000
[18:18:31] 	0x0019EB50:	0x6F7E87E2
[18:18:31] 	0x0019EB54:	0x00000000
[18:18:31] 	0x0019EB58:	0x6F977EED
[18:18:31] 	0x0019EB5C:	0x00000000
[18:18:31] 	0x0019EB60:	0x6F977DB8
[18:18:31] 	0x0019EB64:	0x00000000
[18:18:31] 	0x0019EB68:	0x695D1979
[18:18:31] 	0x0019EB6C:	0x00000000
[18:18:31] 	0x0019EB70:	0x695D6FA5
[18:18:31] 	0x0019EB74:	0x00000000
[18:18:31] 	0x0019EB78:	0x00000000
[18:18:31] 	0x0019EB7C:	0x00000000
[18:18:31] 	0x0019EB80:	0x05C8D6B9
[18:18:31] 	0x0019EB84:	0x0019EA70
[18:18:31] 	0x0019EB88:	0x00000000
[18:18:31] 	0x0019EB8C:	0x0019ED10
[18:18:31] 	0x0019EB90:	0x74DF1F80
[18:18:31] 	0x0019EB94:	0x7132C825
[18:18:31] 	0x0019EB98:	0xFFFFFFFE
[18:18:31] 	0x0019EB9C:	0x0019ECA0
[18:18:31] 	0x0019EBA0:	0x773B5C46
[18:18:31] 	0x0019EBA4:	0x0019EBD4
[18:18:31] 	0x0019EBA8:	0x00F37520
[18:18:31] 	0x0019EBAC:	0x00F37520
[18:18:31] 	0x0019EBB0:	0x00000000
[18:18:31] 	0x0019EBB4:	0x773B5B89
[18:18:31] 	0x0019EBB8:	0x00000003
[18:18:31] 	0x0019EBBC:	0x75820000
[18:18:31] 	0x0019EBC0:	0x773B5C86
[18:18:31] 	0x0019EBC4:	0x00010001
[18:18:31] 	0x0019EBC8:	0x0019ECD4
[18:18:31] 	0x0019EBCC:	0x6F7F9F30
[18:18:31] 	0x0019EBD0:	0x0101D178
[18:18:31] 	0x0019EBD4:	0x00000000
[18:18:31] 	0x0019EBD8:	0x00000000
[18:18:31] 	0x0019EBDC:	0x00000000
[18:18:31] 	0x0019EBE0:	0x6F7F9E74
[18:18:31] 	0x0019EBE4:	0x00000009
[18:18:31] 	0x0019EBE8:	0x0001D180
[18:18:31] 	0x0019EBEC:	0x7583CD40
[18:18:31] 	0x0019EBF0:	0x6F7F9F30
[18:18:31] 	0x0019EBF4:	0x00F33218
[18:18:31] 	0x0019EBF8:	0x00000009
[18:18:31] 	0x0019EBFC:	0x00F37520
[18:18:31] 	0x0019EC00:	0x01000198
[18:18:31] 	0x0019EC04:	0x000007FF
[18:18:31] 	0x0019EC08:	0x0019ED10
[18:18:31] 	0x0019EC0C:	0x773EF5E0
[18:18:31] 	0x0019EC10:	0x003286B1
[18:18:31] 	0x0019EC14:	0xFFFFFFFE
[18:18:31] 	0x0019EC18:	0x0019ECA8
[18:18:31] 	0x0019EC1C:	0x773BD742
[18:18:31] 	0x0019EC20:	0x0000008C
[18:18:31] 	0x0019EC24:	0x00000098
[18:18:31] 	0x0019EC28:	0x00F302F0
[18:18:31] 	0x0019EC2C:	0x0019EC78
[18:18:31] 	0x0019EC30:	0x00000454
[18:18:31] 	0x0019EC34:	0x00F30000
[18:18:31] 	0x0019EC38:	0x00000000
[18:18:31] 	0x0019EC3C:	0x773EF5E0
[18:18:31] 	0x0019EC40:	0x003286B1
[18:18:31] 	0x0019EC44:	0xFFFFFFFE
[18:18:31] 	0x0019EC48:	0x0019ECD8
[18:18:31] 	0x0019EC4C:	0x773BD742
[18:18:31] 	0x0019EC50:	0x00000C20
[18:18:31] 	0x0019EC54:	0x00000C28

[18:18:31] SyringeDebugger::HandleException: Exception (Code: 0xE06D7363 at 0x7628E702)!
[18:18:31] SyringeDebugger::HandleException: Exception (Code: 0xE06D7363 at 0x7628E702)!
[18:18:31] SyringeDebugger::HandleException: Exception (Code: 0xE06D7363 at 0x7628E702)!
[18:18:31] SyringeDebugger::HandleException: Exception (Code: 0xE06D7363 at 0x7628E702)!
[18:18:31] SyringeDebugger::HandleException: Exception (Code: 0xE06D7363 at 0x7628E702)!
[18:18:31] SyringeDebugger::HandleException: Exception (Code: 0xE06D7363 at 0x7628E702)!
[18:18:31] SyringeDebugger::HandleException: Exception (Code: 0xE06D7363 at 0x7628E702)!
[18:18:31] SyringeDebugger::HandleException: Exception (Code: 0xE06D7363 at 0x7628E702)!
[18:18:31] SyringeDebugger::HandleException: Exception (Code: 0xE06D7363 at 0x7628E702)!
[18:18:31] SyringeDebugger::HandleException: Exception (Code: 0xE06D7363 at 0x7628E702)!
[18:18:35] SyringeDebugger::HandleException: Exception (Code: 0xE06D7363 at 0x7628E702)!
[18:18:35] SyringeDebugger::HandleException: Exception (Code: 0xE06D7363 at 0x7628E702)!
[18:18:36] SyringeDebugger::HandleException: Exception (Code: 0xE06D7363 at 0x7628E702)!
[18:18:36] SyringeDebugger::HandleException: Exception (Code: 0xE06D7363 at 0x7628E702)!
[18:18:36] SyringeDebugger::HandleException: Exception (Code: 0xE06D7363 at 0x7628E702)!
[18:18:36] SyringeDebugger::HandleException: Exception (Code: 0xE06D7363 at 0x7628E702)!
[18:18:36] SyringeDebugger::HandleException: Exception (Code: 0xE06D7363 at 0x7628E702)!
[18:18:36] SyringeDebugger::HandleException: Exception (Code: 0xE06D7363 at 0x7628E702)!
[18:18:36] SyringeDebugger::HandleException: Exception (Code: 0xE06D7363 at 0x7628E702)!
[18:18:36] SyringeDebugger::HandleException: Exception (Code: 0xE06D7363 at 0x7628E702)!
[18:18:36] SyringeDebugger::HandleException: Exception (Code: 0xE06D7363 at 0x7628E702)!
[18:18:36] SyringeDebugger::HandleException: Exception (Code: 0xE06D7363 at 0x7628E702)!
[18:18:36] SyringeDebugger::HandleException: Exception (Code: 0xE06D7363 at 0x7628E702)!
[18:18:36] SyringeDebugger::HandleException: Exception (Code: 0xE06D7363 at 0x7628E702)!
[18:18:36] SyringeDebugger::HandleException: Exception (Code: 0xE06D7363 at 0x7628E702)!
[18:18:36] SyringeDebugger::HandleException: Exception (Code: 0xE06D7363 at 0x7628E702)!
[18:18:36] SyringeDebugger::HandleException: Exception (Code: 0xE06D7363 at 0x7628E702)!
[18:18:36] SyringeDebugger::HandleException: Exception (Code: 0xE06D7363 at 0x7628E702)!
[18:18:36] SyringeDebugger::HandleException: Exception (Code: 0xE06D7363 at 0x7628E702)!
[18:18:36] SyringeDebugger::HandleException: Exception (Code: 0xE06D7363 at 0x7628E702)!
[18:18:36] SyringeDebugger::HandleException: Exception (Code: 0xE06D7363 at 0x7628E702)!
[18:18:36] SyringeDebugger::HandleException: Exception (Code: 0xE06D7363 at 0x7628E702)!
[18:18:36] SyringeDebugger::HandleException: Exception (Code: 0xE06D7363 at 0x7628E702)!
[18:18:36] SyringeDebugger::HandleException: Exception (Code: 0xE06D7363 at 0x7628E702)!
[18:18:39] SyringeDebugger::HandleException: Exception (Code: 0xE06D7363 at 0x7628E702)!
[18:18:39] SyringeDebugger::HandleException: Exception (Code: 0xE06D7363 at 0x7628E702)!
[18:18:39] SyringeDebugger::HandleException: Exception (Code: 0xE06D7363 at 0x7628E702)!
[18:18:39] SyringeDebugger::HandleException: Exception (Code: 0xE06D7363 at 0x7628E702)!
[18:18:39] SyringeDebugger::HandleException: Exception (Code: 0xE06D7363 at 0x7628E702)!
[18:18:39] SyringeDebugger::HandleException: Exception (Code: 0xE06D7363 at 0x7628E702)!
[18:18:40] SyringeDebugger::HandleException: Exception (Code: 0xE0434F4E at 0x7628E702)!
[18:31:22] SyringeDebugger::HandleException: Exception (Code: 0xC0000005 at 0x00422131)!
[18:31:36] SyringeDebugger::HandleException: Exception (Code: 0xC0000005 at 0x773BFC33)!
[18:31:36] SyringeDebugger::Run: Done with exit code C0000005 (3221225477).

[18:31:36] WinMain: SyringeDebugger::Run finished.
[18:31:36] WinMain: Exiting on success.
