Initialized Ares version: 20.333.289
Ares requires a CPU with SSE support. Available.
Set Process Affinity: 1 (1)
Optimizing list of CD drives for NoCD mode.
[Phobos] Initialized version: Special merge Build #45+3_3
[Phobos] Modules presumably injected by Syringe:
Module cncnet5.dll  base address : 0x6BBC0000.
Module Ares.dll  base address : 0x7A7D0000.
Module Phobos.dll  base address : 0x7A8B0000.
Module SIWinterIsComing.dll  base address : 0x7A9F0000.
Module Phobos.dll  base address : 0x5CB40000.
Other modules:
Module "AcGenral.dll"  base address : 0x5CBD0000.
Module msvcrt.dll  base address : 0x76B80000.
Module sechost.dll.mui  base address : 0x76E00000.
Module Win32u.DLL  base address : 0x77110000.
Module gdi32  base address : 0x750F0000.
Module gdi32  base address : 0x755E0000.
Module msvcp_win.dll  base address : 0x753D0000.
Module ucrtbase.dll  base address : 0x77130000.
Module OLEAUT32.DLL  base address : 0x766A0000.
Module SAMCLI.DLL  base address : 0x745F0000.
Module VERSION.DLL  base address : 0x74C70000.
Module security.dll  base address : 0x746E0000.
Module SRVCLI.DLL  base address : 0x73A20000.
Module NETUTILS.DLL  base address : 0x74610000.
Module imm32  base address : 0x76670000.
Module ddraw.dll  base address : 0x5CB70000.
Module resampledmo.dll  base address : 0x5A1C0000.
Module WINMMbase.DLL.MUI  base address : 0x5A1A0000.
Module msdmo.dll  base address : 0x5F880000.
Module DBGHELP.DLL  base address : 0x71BD0000.
Module DBGCORE.DLL  base address : 0x70EE0000.
Module mscoree.dll  base address : 0x6FFA0000.
Module msvcp140.dll  base address : 0x72A30000.
Module vcruntime140.dll  base address : 0x72A10000.
[Phobos] Detected Ares 3.0.
Checking available disk space
Using GetDiskFreeSpaceEx
Free disk space is 43962 Mb
Init Encryption Keys.
Init_Keys - declarations
Init_Keys - Load
Init_Keys - Init fast key
 EXPANDMG99.MIX EXPANDMG93.MIX EXPANDMG92.MIX EXPANDMG69.MIX EXPANDMG68.MIX EXPANDMG67.MIX EXPANDMG66.MIX EXPANDMG65.MIX EXPANDMG64.MIX EXPANDMG63.MIX EXPANDMG62.MIX EXPANDMG61.MIX EXPANDMG60.MIX EXPANDMG20.MIX EXPANDMG06.MIX EXPANDMG04.MIX EXPANDMG03.MIX CACHE.MIX CACHE.MIX CACHE.MIX LOCAL.MIXMaxLabelLen = 31
Language: US
[Phobos] Applying AppIcon from "RESOURCES/CLIENTICON.ICO"
Focus_Restore()
Focus_Restore(): _MouseCaptured = false
Focus gained
Default
Prep direct draw.
Prep direct draw.
SetDisplayMode: 1920x1080x16
Checking hardware region fill capability...OK
Checking overlapped blit capability...Failed!
Display mode set
DSurface::Create_Primary
DSurface::AllowStretchBlits = true
DSurface::AllowHWFill = true
DSurface::Create_Primary - Creating surface
CreateSurface OK
DSurface::Create_Primary done
Allocating new surfaces
CompositeSurface (1752x1080) VRAM ENABLE_3D
TileSurface (1752x1080) VRAM ENABLE_3D
SidebarSurface (168x1080) VRAM
HiddenSurface (1920x1080) VRAM
AlternateSurface (1920x1080) VRAM
Calc_Confining_Rect(0,0,1920,1080)
Profile: CPU:26 (2422Mhz Pentium III)
Profile: RAM:10 (2048Mb)
Profile: VRAM:9 (16Mb)
Profile: VRAM speed:5 (0 blits per second)
Overall performance profile = 5
Main_Game
Init Game
Bootstrap.....LOADED NTRLMD.MIXLOADED NEUTRAL.MIX
event mempool size = 192000
 ...OK
Init Mouse
Init CDROM
Calling Force_CD_Available
Init Secondary Mixfiles....
 CONQMD.MIX CONQUER.MIX CAMEOMD.MIX CAMEO.MIX mapsmd03.mixMULTIMD.MIX THEME.MIX movmd03.mix ...OK
Init Campaigns
Init Heaps
Init Threads
Reading Game Settings
-------- Loading RA2MD.INI settings --------
GameSpeed = 1
Difficulty = 1
CampDifficulty = 0
ScrollMethod = 0
ScrollRate = 0
AutoScroll is ON
DetailLevel = 2
SideBar on RIGHT
Sidebar Text is ON
ActionLines are ON
ShowHidden is ON
ToolTips are ON
Resolution = 1920 X 1080
StretchMovies is OFF
AllowHiRes is OFF
SoundVolume = 0.500000
VoiceVolume = 0.500000
ScoreVolume = 0.400000
ScoreRepeat is OFF
ScoreShuffle is ON
Emulated sound card latency default = 9
--------- Loading Ares global settings -----------
QuickExit is OFF
AllowMultiEngineer is OFF
CampaignList is OFF
ShowDebugCampaigns is OFF
Color count is 16
Mod is The Moment of Genesis (1.0.0) with FABCD527
--------- Complete -------------------------------
Init Anim System
Init Color Remap Tables
Creating TacticalMap
Reading SOUNDMD.INI
Reading EVAMD.INI
Reading THEMEMD.INI
Reading MOVIEMD.INI
Init Bulk Data
RadarClass::One_Time()
Set_View_Dimensions(0,0,1752,1048)
Deleting ZBuffer
Allocating ZBuffer (1752x1048)
Deleting ABuffer
Allocating ABuffer (1752x1048)
MessageListClass::Init(Width: 1738)
MessageListClass::Set_Width(1744)
Set_View_Dimensions(exit)
Checking available disk space
Using GetDiskFreeSpaceEx
Free disk space is 43962 Mb
Session one time init. UniqueID is af69faa4
Init Rules
[Developer warning]An INI section inherits from section 'DisplaySD', which doesn't exist or has not been parsed yet.
Init random number
Seed is 0031e9a6
Init Commands
Game Init Completed.
ExceptionReturnStack = 0019D478
ExceptionReturnAddress = 0048CDA8
Init random number
Seed is 0031e9b5
WinsockInterface constructed
WinsockInterface init.
About to call WSAStartup
Winsock initialised OK
Winsock version is 1.1
Found protocol UDP/IPv6, max frame size is 65527
Found protocol UDP/IP, max frame size is 65527
Found protocol UDP/IP, max frame size is 65527
Found protocol UDP/IP, max frame size is 65527
Found protocol Vmbus, max frame size is 0
Found protocol afunix, max frame size is 0
About to open primary UDP socket
About to bind the UDP socket to port 0
Socket option SO_RCVBUF set OK
Socket option SO_SNDBUF set OK
Primary UDP Socket init complete
IPX Manager: RetryDelta = 60
MaxAhead is 15
**** IPXManagerClass::Init ***
About to open primary UDP socket
About to bind the UDP socket to port 1234
Socket option SO_RCVBUF set OK
Socket option SO_SNDBUF set OK
Primary UDP Socket init complete
About to query the host name
About to call gethostbyname
Found local address: 192.168.19.103
About to open alternate UDP socket
About to bind the UDP socket
Socket option SO_RCVBUF set OK
Socket option SO_SNDBUF set OK
Alternate UDP Socket init complete
FD_WRITE - No OutBuffers left - nothing to do
FD_WRITE - No AltOutBuffers left - nothing to do
Processing sides.
Side 0: GDI 
  Americans
  Entente
Side 1: Nod 
  Russia
  China
  ASEAN
Side 2: ThirdSide 
  Confusion
  Defense
  Spread
Side 3: TraceRL 
  Rylade
Side 4: Civilian 
  Neutral
Side 5: Mutant 
  Special

LOADING GAME [SAVE7508.SAV]
Converting 0 nodes.
About to load the game
Map.Init_Clear()
MapClass::Init_Clear entry
MapClass::Init_Clear done
RadarClass::Init_Clear
RadarClass::Init_Clear done
Logic.Init()
CurrentObjects.Clear()
Scen->Clear_All_Waypoints()
Init_Campaigns()
Scenario Load: ElapsedTimer = 204474
Preparing Mixfiles for Side 01.
     Initilizing SIDEC02MD.MIX
     Initilizing SIDEC02.MIX
     Initilizing SIDENC02.MIX
RadarClass::Init_For_House()
Allocating new surfaces
Deleting AlternateSurface
Deleting HiddenSurface
Deleting CompositeSurface
Deleting TileSurface
Deleting SidebarSurface
CompositeSurface (1752x1080) VRAM ENABLE_3D
TileSurface (1752x1080) VRAM ENABLE_3D
SidebarSurface (168x1080) VRAM
HiddenSurface (1920x1080) VRAM
AlternateSurface (1920x1080) VRAM
Set_View_Dimensions(0,0,1752,1048)
Deleting ZBuffer
Allocating ZBuffer (1752x1048)
Deleting ABuffer
Allocating ABuffer (1752x1048)
MessageListClass::Init(Width: 1738)
MessageListClass::Set_Width(1744)
Set_View_Dimensions(exit)
Init theater URBAN
[SIWIC] 开始从存档读取 [Empty] 类型的原型
Loaded 239 isometric tiles consuming 1315 Kb
[Phobos] Replacing image for BEEFK with HTNK.
[Phobos] Replacing image for BEEFK with HTNK.
[Phobos] Replacing image for ROBO with ROBO.
[Phobos] Replacing image for ROBO with ROBO.
[Phobos] Replacing image for BEEFK with HTNK.
[Phobos] Replacing image for BEEFK with HTNK.
[Phobos] Replacing image for BEEFK with HTNK.
[Phobos] Replacing image for SDOG with DOG.
[Phobos] Replacing image for LUNR with LUNR.
[Phobos] Replacing image for CAML with JOSH.
[Phobos] Replacing image for DNOB with DNOB.
Sound frame size = 21504 bytes
Sound buffer size = 86016 bytes
Loading global Ares data
Finished loading the game
Converting 58204 nodes.
[Developer fatal]Pointer 2009F7B8 could not be remapped from 3ABF13E0!
[Developer fatal]Pointer 2009F7C0 could not be remapped from 3ABF19D0!
[Developer fatal]Pointer 2009F7C8 could not be remapped from 3ABFB0E0!
[Developer fatal]Pointer 2009F7D0 could not be remapped from 3ABFB6C0!
[Developer fatal]Pointer 2009F7D8 could not be remapped from 3AB7D8B0!
[Developer fatal]Pointer 2009F7E0 could not be remapped from 3AB63970!
[Phobos] Recalculated 6 extra palettes across 143 color schemes (total: 858).
     Releasing NEUTRAL.MIX
     Releasing NTRLMD.MIX
LOADING GAME [Saved Games\SAVE7508.SAV] - Complete

Entering Create_Connections
IPX Manager: RetryDelta = 60
MaxAhead is 24
Tooltips are on.
Capture_Mouse()
[Developer warning]An INI section inherits from section 'DisplaySD', which doesn't exist or has not been parsed yet.
Weapons factory bib clear - kicking out unit
Sound frame size = 11264 bytes
Sound buffer size = 45056 bytes
Sound frame size = 11264 bytes
Sound buffer size = 45056 bytes
Sound frame size = 11264 bytes
Sound buffer size = 45056 bytes
Sound frame size = 11264 bytes
Sound buffer size = 45056 bytes
Sound frame size = 11264 bytes
Sound buffer size = 45056 bytes
Sound frame size = 11264 bytes
Sound buffer size = 45056 bytes
Sound frame size = 11264 bytes
Sound buffer size = 45056 bytes
Sound frame size = 11264 bytes
Sound buffer size = 45056 bytes
Sound frame size = 11264 bytes
Sound buffer size = 45056 bytes
Sound frame size = 11264 bytes
Sound buffer size = 45056 bytes
Sound frame size = 11264 bytes
Sound buffer size = 45056 bytes
Sound frame size = 21504 bytes
Sound buffer size = 86016 bytes
Sound frame size = 21504 bytes
Sound buffer size = 86016 bytes
Sound frame size = 21504 bytes
Sound buffer size = 86016 bytes
Sound frame size = 21504 bytes
Sound buffer size = 86016 bytes
Sound frame size = 21504 bytes
Sound buffer size = 86016 bytes
Sound frame size = 11264 bytes
Sound buffer size = 45056 bytes
Adding event PLACE
Sound frame size = 11264 bytes
Sound buffer size = 45056 bytes
Sound frame size = 21504 bytes
Sound buffer size = 86016 bytes
Regular findpath failure: (81,181) to (111, 162)
Regular findpath failure: (81,181) to (85, 178)
Regular findpath failure: (81,181) to (81, 175)
Regular findpath failure: (81,181) to (81, 175)
Regular findpath failure: (81,181) to (81, 175)
Regular findpath failure: (81,181) to (85, 178)
Regular findpath failure: (81,181) to (85, 178)
Regular findpath failure: (81,181) to (85, 178)
Regular findpath failure: (81,181) to (85, 178)
Sound frame size = 11264 bytes
Sound buffer size = 45056 bytes
Sound frame size = 11264 bytes
Sound buffer size = 45056 bytes
Regular findpath failure: (81,181) to (85, 175)
Regular findpath failure: (81,181) to (85, 175)
Regular findpath failure: (81,181) to (85, 175)
Regular findpath failure: (81,181) to (85, 175)
Regular findpath failure: (81,181) to (85, 175)
Regular findpath failure: (81,181) to (85, 175)
(0045022c) : Computer is abandoning production of Allied Lightning Guide Tower[GALGTR]
Regular findpath failure: (81,181) to (87, 174)
Regular findpath failure: (81,181) to (87, 174)
Regular findpath failure: (81,181) to (87, 174)
Regular findpath failure: (81,181) to (90, 174)
Regular findpath failure: (81,181) to (90, 174)
Regular findpath failure: (81,181) to (90, 174)
Regular findpath failure: (81,181) to (86, 182)
Regular findpath failure: (81,181) to (85, 178)
Regular findpath failure: (81,181) to (86, 174)
Regular findpath failure: (81,181) to (86, 174)
Regular findpath failure: (81,181) to (86, 174)
Regular findpath failure: (81,181) to (85, 177)
Regular findpath failure: (81,181) to (85, 178)
Regular findpath failure: (81,181) to (85, 177)
Regular findpath failure: (81,181) to (86, 174)
Regular findpath failure: (81,181) to (86, 174)
Regular findpath failure: (81,181) to (86, 174)
Sound frame size = 11264 bytes
Sound buffer size = 45056 bytes
Sound frame size = 11264 bytes
Sound buffer size = 45056 bytes
Sound frame size = 11264 bytes
Sound buffer size = 45056 bytes
Regular findpath failure: (81,181) to (85, 178)
Regular findpath failure: (81,181) to (86, 174)
Regular findpath failure: (81,181) to (86, 174)
Regular findpath failure: (81,181) to (86, 174)
Regular findpath failure: (81,181) to (86, 183)
Regular findpath failure: (81,181) to (86, 182)
Regular findpath failure: (81,181) to (85, 174)
Regular findpath failure: (81,181) to (85, 174)
Regular findpath failure: (81,181) to (85, 174)
Regular findpath failure: (81,181) to (85, 178)
Regular findpath failure: (81,181) to (85, 178)
Regular findpath failure: (81,181) to (85, 177)
Regular findpath failure: (81,181) to (85, 177)
Adding event PLACE
Regular findpath failure: (81,181) to (83, 173)
Regular findpath failure: (81,181) to (83, 173)
Regular findpath failure: (81,181) to (83, 173)
Regular findpath failure: (81,181) to (85, 177)
Sound frame size = 21504 bytes
Sound buffer size = 86016 bytes
Sound frame size = 21504 bytes
Sound buffer size = 86016 bytes
Sound frame size = 21504 bytes
Sound buffer size = 86016 bytes
Regular findpath failure: (81,181) to (85, 177)
Regular findpath failure: (81,181) to (86, 182)
Regular findpath failure: (81,181) to (86, 182)
Regular findpath failure: (81,181) to (86, 182)
Regular findpath failure: (81,181) to (91, 174)
Regular findpath failure: (81,181) to (91, 174)
Regular findpath failure: (81,181) to (91, 174)
Regular findpath failure: (81,181) to (81, 175)
Regular findpath failure: (81,181) to (81, 175)
Regular findpath failure: (81,181) to (81, 175)
Regular findpath failure: (81,181) to (85, 177)
Sound frame size = 21504 bytes
Sound buffer size = 86016 bytes
Sound frame size = 21504 bytes
Sound buffer size = 86016 bytes
Regular findpath failure: (81,181) to (81, 175)
Regular findpath failure: (81,181) to (81, 175)
Regular findpath failure: (81,181) to (81, 175)
Regular findpath failure: (81,181) to (80, 175)
Regular findpath failure: (81,181) to (80, 175)
Regular findpath failure: (81,181) to (80, 175)
Regular findpath failure: (81,181) to (86, 182)
Regular findpath failure: (81,181) to (85, 177)
Regular findpath failure: (81,181) to (85, 177)
Regular findpath failure: (81,181) to (92, 175)
Regular findpath failure: (81,181) to (92, 175)
Regular findpath failure: (81,181) to (92, 175)
Regular findpath failure: (81,181) to (80, 176)
Regular findpath failure: (81,181) to (86, 182)
(0045022c) : Computer is abandoning production of Allied Lightning Guide Tower[GALGTR]
Regular findpath failure: (81,181) to (81, 175)
Regular findpath failure: (81,181) to (81, 175)
Regular findpath failure: (81,181) to (81, 175)
Regular findpath failure: (81,181) to (81, 174)
Regular findpath failure: (81,181) to (81, 174)
Regular findpath failure: (81,181) to (81, 174)
Regular findpath failure: (81,181) to (85, 177)
Sound frame size = 11264 bytes
Sound buffer size = 45056 bytes
Sound frame size = 11264 bytes
Sound buffer size = 45056 bytes
Sound frame size = 11264 bytes
Sound buffer size = 45056 bytes
Sound frame size = 21504 bytes
Sound buffer size = 86016 bytes
Sound frame size = 21504 bytes
Sound buffer size = 86016 bytes
Sound frame size = 21504 bytes
Sound buffer size = 86016 bytes
[LAUNCH] SpyPlaneSpecial
Sound frame size = 11264 bytes
Sound buffer size = 45056 bytes
Sound frame size = 11264 bytes
Sound buffer size = 45056 bytes
Sound frame size = 21504 bytes
Sound buffer size = 86016 bytes
Sound frame size = 21504 bytes
Sound buffer size = 86016 bytes
(0045022c) : Computer is abandoning production of Allied Lightning Guide Tower[GALGTR]
Sound frame size = 11264 bytes
Sound buffer size = 45056 bytes
Sound frame size = 11264 bytes
Sound buffer size = 45056 bytes
Sound frame size = 11264 bytes
Sound buffer size = 45056 bytes
Sound frame size = 21504 bytes
Sound buffer size = 86016 bytes
Sound frame size = 11264 bytes
Sound buffer size = 45056 bytes
Sound frame size = 11264 bytes
Sound buffer size = 45056 bytes
Weapons factory bib clear - kicking out unit
Weapons factory bib clear - kicking out unit
Sound frame size = 11264 bytes
Sound buffer size = 45056 bytes
Sound frame size = 21504 bytes
Sound buffer size = 86016 bytes
Sound frame size = 21504 bytes
Sound buffer size = 86016 bytes
Sound frame size = 21504 bytes
Sound buffer size = 86016 bytes
(0045022c) : Computer is abandoning production of Allied Lightning Guide Tower[GALGTR]
Sound frame size = 21504 bytes
Sound buffer size = 86016 bytes
Sound frame size = 21504 bytes
Sound buffer size = 86016 bytes
Sound frame size = 11264 bytes
Sound buffer size = 45056 bytes
Sound frame size = 11264 bytes
Sound buffer size = 45056 bytes
Sound frame size = 11264 bytes
Sound buffer size = 45056 bytes
Adding event DEPLOY
Adding event DEPLOY
Adding event DEPLOY
Adding event DEPLOY
Adding event DEPLOY
Sound frame size = 21504 bytes
Sound buffer size = 86016 bytes
Sound frame size = 21504 bytes
Sound buffer size = 86016 bytes
Sound frame size = 11264 bytes
Sound buffer size = 45056 bytes
(0045022c) : Computer is abandoning production of Allied Lightning Guide Tower[GALGTR]
Sound frame size = 21504 bytes
Sound buffer size = 86016 bytes
Sound frame size = 11264 bytes
Sound buffer size = 45056 bytes
Sound frame size = 11264 bytes
Sound buffer size = 45056 bytes
Sound frame size = 11264 bytes
Sound buffer size = 45056 bytes
Sound frame size = 21504 bytes
Sound buffer size = 86016 bytes
Sound frame size = 21504 bytes
Sound buffer size = 86016 bytes
Sound frame size = 21504 bytes
Sound buffer size = 86016 bytes
Sound frame size = 11264 bytes
Sound buffer size = 45056 bytes
(0045022c) : Computer is abandoning production of Allied Lightning Guide Tower[GALGTR]
Sound frame size = 11264 bytes
Sound buffer size = 45056 bytes
Sound frame size = 11264 bytes
Sound buffer size = 45056 bytes
Sound frame size = 11264 bytes
Sound buffer size = 45056 bytes
Sound frame size = 21504 bytes
Sound buffer size = 86016 bytes
Sound frame size = 21504 bytes
Sound buffer size = 86016 bytes
Sound frame size = 21504 bytes
Sound buffer size = 86016 bytes
[LAUNCH] ParaDropSpecial
Sound frame size = 21504 bytes
Sound buffer size = 86016 bytes
Sound frame size = 21504 bytes
Sound buffer size = 86016 bytes
Adding event DEPLOY
Adding event DEPLOY
Adding event DEPLOY
Adding event DEPLOY
Adding event DEPLOY
Adding event DEPLOY
Adding event DEPLOY
Adding event DEPLOY
Adding event DEPLOY
Adding event DEPLOY
Adding event DEPLOY
Adding event DEPLOY
Adding event DEPLOY
Adding event DEPLOY
Adding event DEPLOY
Adding event DEPLOY
Adding event DEPLOY
Adding event DEPLOY
Adding event DEPLOY
Adding event DEPLOY
Adding event DEPLOY
Adding event DEPLOY
Adding event DEPLOY
Adding event DEPLOY
Adding event DEPLOY
Adding event DEPLOY
Adding event DEPLOY
Adding event DEPLOY
Sound frame size = 11264 bytes
Sound buffer size = 45056 bytes
Sound frame size = 11264 bytes
Sound buffer size = 45056 bytes
Sound frame size = 11264 bytes
Sound buffer size = 45056 bytes
(0045022c) : Computer is abandoning production of Allied Lightning Guide Tower[GALGTR]
Weapons factory bib clear - kicking out unit
Weapons factory bib clear - kicking out unit
Sound frame size = 11264 bytes
Sound buffer size = 45056 bytes
Sound frame size = 11264 bytes
Sound buffer size = 45056 bytes
Adding event PLACE
[SIWIC] 从格子中移除单位时未找到单位 , 格子位置 159 204, 单位类型 ALPLANE
(0045022c) : Computer is abandoning production of Allied Lightning Guide Tower[GALGTR]
[LAUNCH] HullBlackSpecial
[LAUNCH] HullBlackGlory
Adding event PLACE
(0045022c) : Computer is abandoning production of Allied Lightning Guide Tower[GALGTR]
Adding event ARCHIVE
[LAUNCH] ParaDropSpecial
Adding event PLACE
[LAUNCH] HullBlackcial
Create_One_Of...
Creating a new team named 'ENT T4 B 1'.
Create_One_Of...
Creating a new team named 'ENT T4 B 2'.
(0045022c) : Computer is abandoning production of Allied Lightning Guide Tower[GALGTR]
Weapons factory bib clear - kicking out unit
Weapons factory bib clear - kicking out unit
Regular findpath failure: (81,181) to (92, 176)
Regular findpath failure: (81,181) to (86, 182)
Regular findpath failure: (81,181) to (87, 185)
Regular findpath failure: (81,181) to (86, 181)
Regular findpath failure: (81,181) to (85, 185)
Regular findpath failure: (81,181) to (86, 183)
(0045022c) : Computer is abandoning production of Allied Lightning Guide Tower[GALGTR]
Weapons factory bib clear - kicking out unit
Regular findpath failure: (81,181) to (92, 176)
Regular findpath failure: (81,181) to (86, 183)
(0045022c) : Computer is abandoning production of Allied Lightning Guide Tower[GALGTR]
Regular findpath failure: (81,181) to (92, 176)
Regular findpath failure: (81,181) to (86, 182)
Regular findpath failure: (81,181) to (86, 181)
Regular findpath failure: (81,181) to (86, 181)
Regular findpath failure: (81,181) to (86, 182)
Regular findpath failure: (81,181) to (86, 181)
Regular findpath failure: (81,181) to (87, 185)
Regular findpath failure: (81,181) to (87, 184)
Regular findpath failure: (81,181) to (84, 185)
[LAUNCH] SpySatelliteSpecial
Regular findpath failure: (81,181) to (86, 181)
Regular findpath failure: (81,181) to (86, 181)
[LAUNCH] SovietGlorySpecial
[LAUNCH] WarChestSpecial
Regular findpath failure: (81,181) to (85, 179)
Regular findpath failure: (81,181) to (86, 181)
Regular findpath failure: (81,181) to (84, 185)
Regular findpath failure: (81,181) to (86, 183)
Regular findpath failure: (81,181) to (86, 182)
Regular findpath failure: (81,181) to (86, 181)
Regular findpath failure: (81,181) to (86, 182)
Regular findpath failure: (81,181) to (92, 176)
Regular findpath failure: (81,181) to (87, 174)
Regular findpath failure: (81,181) to (87, 174)
Regular findpath failure: (81,181) to (87, 174)
Regular findpath failure: (81,181) to (85, 176)
Regular findpath failure: (81,181) to (92, 177)
[Phobos] CreateUnit: Using stored turret facing 12
Regular findpath failure: (81,181) to (85, 179)
Regular findpath failure: (81,181) to (86, 182)
Regular findpath failure: (81,181) to (80, 176)
Regular findpath failure: (81,181) to (82, 173)
Regular findpath failure: (81,181) to (82, 173)
Regular findpath failure: (81,181) to (82, 173)
Regular findpath failure: (81,181) to (86, 182)
(0045022c) : Computer is abandoning production of Allied Lightning Guide Tower[GALGTR]
Create_One_Of...
Creating a new team named 'USA W 1 1'.
Create_One_Of...
Creating a new team named 'USA W 1 1'.
Regular findpath failure: (81,181) to (86, 181)
Regular findpath failure: (81,181) to (86, 181)
Regular findpath failure: (81,181) to (86, 181)
Regular findpath failure: (81,181) to (85, 176)
[LAUNCH] TKDONSpecial
Regular findpath failure: (81,181) to (92, 176)
Regular findpath failure: (81,181) to (83, 176)
Regular findpath failure: (81,181) to (85, 176)
Regular findpath failure: (81,181) to (86, 181)
Regular findpath failure: (81,181) to (84, 176)
Adding event DEPLOY
Adding event DEPLOY
Adding event DEPLOY
Adding event DEPLOY
Adding event DEPLOY
Regular findpath failure: (81,181) to (86, 181)
Regular findpath failure: (81,181) to (85, 176)
Regular findpath failure: (81,181) to (83, 173)
Regular findpath failure: (81,181) to (83, 173)
Regular findpath failure: (81,181) to (83, 173)
(0045022c) : Computer is abandoning production of Allied Lightning Guide Tower[GALGTR]
Weapons factory bib clear - kicking out unit
Weapons factory bib clear - kicking out unit
[LAUNCH] HonorSymbol1Special
Regular findpath failure: (81,181) to (92, 176)
Regular findpath failure: (81,181) to (85, 176)
Regular findpath failure: (81,181) to (80, 176)
Regular findpath failure: (81,181) to (86, 181)
Regular findpath failure: (81,181) to (85, 176)
[LAUNCH] HullBlackcial
Regular findpath failure: (81,181) to (86, 181)
Regular findpath failure: (81,181) to (85, 176)
Regular findpath failure: (81,181) to (86, 183)
Regular findpath failure: (81,181) to (85, 176)
[LAUNCH] HonorSymbol1Special
Regular findpath failure: (81,181) to (92, 176)
Regular findpath failure: (81,181) to (86, 181)
Regular findpath failure: (81,181) to (86, 182)
Regular findpath failure: (81,181) to (86, 181)
Regular findpath failure: (81,181) to (84, 176)
(0045022c) : Computer is abandoning production of Allied Lightning Guide Tower[GALGTR]
Regular findpath failure: (81,181) to (86, 181)
Regular findpath failure: (81,181) to (86, 183)
Regular findpath failure: (81,181) to (86, 181)
Regular findpath failure: (81,181) to (87, 184)
Regular findpath failure: (81,181) to (85, 178)
Regular findpath failure: (81,181) to (86, 182)
Regular findpath failure: (81,181) to (86, 181)
Regular findpath failure: (81,181) to (86, 183)
Regular findpath failure: (77,170) to (83, 176)
[Phobos] CreateUnit: Using stored turret facing 233
Weapons factory bib clear - kicking out unit
[LAUNCH] ParaDropSpecial
Regular findpath failure: (81,181) to (92, 176)
Regular findpath failure: (81,181) to (91, 183)
Regular findpath failure: (81,181) to (86, 181)
Regular findpath failure: (81,181) to (91, 174)
Regular findpath failure: (81,181) to (91, 174)
Regular findpath failure: (81,181) to (91, 174)
Regular findpath failure: (81,181) to (85, 177)
Regular findpath failure: (81,181) to (79, 176)
Regular findpath failure: (81,181) to (79, 176)
Regular findpath failure: (81,181) to (79, 176)
Regular findpath failure: (81,181) to (86, 181)
Regular findpath failure: (81,181) to (86, 182)
Regular findpath failure: (81,181) to (85, 177)
Adding event PLACE
[LAUNCH] HonorSymbol1Special
Regular findpath failure: (81,181) to (92, 179)
Regular findpath failure: (81,181) to (86, 181)
Sound frame size = 21504 bytes
Sound buffer size = 86016 bytes
(0045022c) : Computer is abandoning production of Allied Lightning Guide Tower[GALGTR]
Regular findpath failure: (81,181) to (111, 162)
Regular findpath failure: (81,181) to (85, 179)
Regular findpath failure: (81,181) to (86, 184)
Regular findpath failure: (81,181) to (85, 177)
Regular findpath failure: (81,181) to (86, 181)
Regular findpath failure: (81,181) to (85, 179)
Regular findpath failure: (81,181) to (91, 183)
Create_One_Of...
Creating a new team named 'USA T1 A 1'.
Create_One_Of...
Creating a new team named 'USA T1 A 2'.
Regular findpath failure: (81,181) to (86, 185)
Regular findpath failure: (81,181) to (86, 182)
Regular findpath failure: (81,181) to (85, 179)
Regular findpath failure: (81,181) to (91, 183)
Regular findpath failure: (81,181) to (93, 183)
Sound frame size = 11264 bytes
Sound buffer size = 45056 bytes
[LAUNCH] HullBlackcial
Weapons factory bib clear - kicking out unit
(0045022c) : Computer is abandoning production of Allied Lightning Guide Tower[GALGTR]
Warning.  A* without HS: (130,65) to (131, 64)
Adding event PLACE
[LAUNCH] HonorSymbol2Special
Weapons factory bib clear - kicking out unit
[LAUNCH] HonorSymbol1Special
Weapons factory bib clear - kicking out unit
[LAUNCH] WarChestSpecial
(0045022c) : Computer is abandoning production of Allied Lightning Guide Tower[GALGTR]
Adding event PLACE
Sound frame size = 21504 bytes
Sound buffer size = 86016 bytes
Sound frame size = 11264 bytes
Sound buffer size = 45056 bytes
[SIWIC] 从格子中移除单位时未找到单位 , 格子位置 130 227, 单位类型 FLYGON_A
(0044ec0b) : Computer is abandoning production of Leone Havy Tank[LEONEHK]
Creating survivor type 'Conscript' from building type 'Soviet War Factory'
Survivor unlimbo OK
Creating survivor type 'Conscript' from building type 'Soviet War Factory'
Survivor unlimbo OK
Creating survivor type 'Conscript' from building type 'Soviet War Factory'
Survivor unlimbo OK
Creating survivor type 'Conscript' from building type 'Soviet War Factory'
Survivor unlimbo OK
Regular findpath failure: (104,177) to (105, 179)
Warning.  A* without HS: (104,177) to (105, 179)
(0045022c) : Computer is abandoning production of Allied Lightning Guide Tower[GALGTR]
Paused ElapsedTimer = 55476
Tooltips are off.
Release_Mouse()
Default
Default
Checking available disk space
Using GetDiskFreeSpaceEx
Free disk space is 43962 Mb
Default

SAVING GAME [SAVE7508.SAV - su lian 1v4 liang ke ji]
About to save the game
Scenario Save: ElapsedTimer = -1
[SIWIC] 开始向存档保存 [Empty] 类型的原型
Saving global Ares data
Finished saving the game
SAVING GAME [Saved Games\SAVE7508.SAV] - Complete

Default
Default
Default
Default
Default
Default
Default
Capture_Mouse()
Resume ElapsedTimer = 55476
Tooltips are on.
Adding event PLACE
Weapons factory bib clear - kicking out unit
(0045022c) : Computer is abandoning production of Allied Lightning Guide Tower[GALGTR]
[LAUNCH] HullBlackcial
[LAUNCH] HonorSymbol1Special
Adding event PLACE
Sound frame size = 21504 bytes
Sound buffer size = 86016 bytes
Weapons factory bib clear - kicking out unit
Weapons factory bib clear - kicking out unit
(0045022c) : Computer is abandoning production of Allied Lightning Guide Tower[GALGTR]
[LAUNCH] IceBoom04Special
Sound frame size = 11264 bytes
Sound buffer size = 45056 bytes
Adding event PLACE
(0045022c) : Computer is abandoning production of Allied Lightning Guide Tower[GALGTR]
[Phobos] CreateUnit: Using stored turret facing 251
[SIWIC] 从格子中移除单位时未找到单位 , 格子位置 105 208, 单位类型 FLYGON_A
Adding event PLACE
(0045022c) : Computer is abandoning production of Allied Lightning Guide Tower[GALGTR]
Sound frame size = 21504 bytes
Sound buffer size = 86016 bytes
Sound frame size = 11264 bytes
Sound buffer size = 45056 bytes
[SIWIC] 从格子中移除单位时未找到单位 , 格子位置 133 156, 单位类型 EPPLANE
(0045022c) : Computer is abandoning production of Allied Lightning Guide Tower[GALGTR]
Weapons factory bib clear - kicking out unit
[LAUNCH] HonorSymbol2Special
Sound frame size = 21504 bytes
Sound buffer size = 86016 bytes
Weapons factory bib clear - kicking out unit
Create_One_Of...
Creating a new team named 'USA F T2 A 1'.
Create_One_Of...
Creating a new team named 'USA F T2 A 2'.
Weapons factory bib clear - kicking out unit
[LAUNCH] HullBlackcial
Adding event PLACE
(0045022c) : Computer is abandoning production of Allied Lightning Guide Tower[GALGTR]
Sound frame size = 11264 bytes
Sound buffer size = 45056 bytes
Sound frame size = 21504 bytes
Sound buffer size = 86016 bytes
Adding event PLACE
Weapons factory bib clear - kicking out unit
(0045022c) : Computer is abandoning production of Allied Lightning Guide Tower[GALGTR]
Sound frame size = 11264 bytes
Sound buffer size = 45056 bytes
Weapons factory bib clear - kicking out unit
(0045022c) : Computer is abandoning production of Allied Lightning Guide Tower[GALGTR]
[SIWIC] 从格子中移除单位时未找到单位 , 格子位置 155 194, 单位类型 ALPLANE
Weapons factory bib clear - kicking out unit
(0045022c) : Computer is abandoning production of Allied Lightning Guide Tower[GALGTR]
Weapons factory bib clear - kicking out unit
(0045022c) : Computer is abandoning production of Allied Lightning Guide Tower[GALGTR]
[LAUNCH] BlackActionSpecial
Weapons factory bib clear - kicking out unit
[SIWIC] 从格子中移除单位时未找到单位 , 格子位置 107 201, 单位类型 FLYGON_A
Regular findpath failure: (103,177) to (104, 158)
Regular findpath failure: (103,177) to (84, 185)
(0045022c) : Computer is abandoning production of Allied Lightning Guide Tower[GALGTR]
Sound frame size = 21504 bytes
Sound buffer size = 86016 bytes
Adding event PLACE
Regular findpath failure: (81,181) to (101, 179)
Weapons factory bib clear - kicking out unit
[SIWIC] 从格子中移除单位时未找到单位 , 格子位置 104 207, 单位类型 FLYGON
Regular findpath failure: (81,181) to (101, 179)
Create_One_Of...
Creating a new team named 'USA W 1 1'.
Create_One_Of...
Creating a new team named 'USA W 1 1'.
Sound frame size = 11264 bytes
Sound buffer size = 45056 bytes
Regular findpath failure: (103,177) to (87, 184)
Regular findpath failure: (103,177) to (86, 181)
Regular findpath failure: (103,177) to (85, 179)
Regular findpath failure: (103,177) to (86, 183)
Regular findpath failure: (103,177) to (81, 182)
Regular findpath failure: (103,177) to (85, 179)
Regular findpath failure: (103,177) to (86, 181)
Regular findpath failure: (103,177) to (81, 182)
Regular findpath failure: (103,177) to (87, 174)
Regular findpath failure: (103,177) to (85, 175)
Regular findpath failure: (103,177) to (85, 179)
(0045022c) : Computer is abandoning production of Allied Lightning Guide Tower[GALGTR]
Regular findpath failure: (81,181) to (101, 179)
Regular findpath failure: (103,177) to (103, 175)
Weapons factory bib clear - kicking out unit
Regular findpath failure: (81,181) to (85, 179)
Regular findpath failure: (81,181) to (86, 181)
Regular findpath failure: (103,177) to (105, 179)
Regular findpath failure: (103,177) to (104, 158)
Regular findpath failure: (81,181) to (101, 179)
Regular findpath failure: (81,181) to (85, 177)
Regular findpath failure: (81,181) to (85, 177)
Regular findpath failure: (81,181) to (86, 183)
Regular findpath failure: (81,181) to (85, 177)
Regular findpath failure: (81,181) to (86, 184)
Regular findpath failure: (81,181) to (85, 177)
(0045022c) : Computer is abandoning production of Allied Lightning Guide Tower[GALGTR]
Weapons factory clearing LEONEHK from bib
Weapons factory bib clear - kicking out unit
Regular findpath failure: (103,177) to (103, 175)
Regular findpath failure: (103,177) to (87, 184)
Weapons factory bib clear - kicking out unit
Weapons factory clearing LEONEHK from bib
Sound frame size = 21504 bytes
Sound buffer size = 86016 bytes
Weapons factory clearing LEONEHK from bib
Regular findpath failure: (81,181) to (101, 179)
Regular findpath failure: (81,181) to (85, 177)
Regular findpath failure: (81,181) to (85, 175)
Regular findpath failure: (81,181) to (85, 175)
Regular findpath failure: (81,181) to (85, 175)
Regular findpath failure: (81,181) to (87, 184)
Regular findpath failure: (81,181) to (86, 183)
Regular findpath failure: (81,181) to (86, 181)
Regular findpath failure: (81,181) to (84, 176)
Regular findpath failure: (81,181) to (86, 181)
Regular findpath failure: (81,181) to (86, 181)
Weapons factory bib clear - kicking out unit
Regular findpath failure: (81,181) to (86, 181)
Regular findpath failure: (81,181) to (86, 183)
Sound frame size = 11264 bytes
Sound buffer size = 45056 bytes
Regular findpath failure: (81,181) to (88, 185)
(0045022c) : Computer is abandoning production of Allied Lightning Guide Tower[GALGTR]
Regular findpath failure: (103,177) to (102, 175)
Regular findpath failure: (103,177) to (85, 177)
Regular findpath failure: (81,181) to (101, 179)
Regular findpath failure: (81,181) to (92, 175)
Regular findpath failure: (81,181) to (92, 175)
Regular findpath failure: (81,181) to (92, 175)
Regular findpath failure: (81,181) to (88, 184)
Regular findpath failure: (81,181) to (80, 176)
Regular findpath failure: (81,181) to (86, 181)
A USA T4 C 1 Team has chosen ( 156, 201) for its GatherAtEnemy cell.
Regular findpath failure: (81,181) to (101, 175)
Regular findpath failure: (81,181) to (86, 181)
Regular findpath failure: (81,181) to (86, 181)
(0045022c) : Computer is abandoning production of Allied Lightning Guide Tower[GALGTR]
Regular findpath failure: (81,181) to (86, 181)
Regular findpath failure: (81,181) to (91, 183)
Regular findpath failure: (81,181) to (86, 183)
Weapons factory clearing LEONEHK from bib
Weapons factory clearing LEONEHK from bib area
Weapons factory clearing LEONEHK from bib area
Regular findpath failure: (81,181) to (88, 184)
Regular findpath failure: (81,181) to (86, 183)
Regular findpath failure: (81,181) to (88, 185)
(0044ec0b) : Computer is abandoning production of Lushu Tank[CTNK]
Creating survivor type 'Conscript' from building type 'Soviet War Factory'
Survivor unlimbo OK
Creating survivor type 'Conscript' from building type 'Soviet War Factory'
Survivor unlimbo OK
Creating survivor type 'Conscript' from building type 'Soviet War Factory'
Survivor unlimbo OK
Creating survivor type 'Conscript' from building type 'Soviet War Factory'
Survivor unlimbo OK
Regular findpath failure: (81,181) to (86, 181)
Regular findpath failure: (81,181) to (86, 184)
Regular findpath failure: (81,181) to (84, 176)
Regular findpath failure: (81,181) to (86, 181)
[SIWIC] 从格子中移除单位时未找到单位 , 格子位置 159 192, 单位类型 APACHE
Regular findpath failure: (81,181) to (85, 185)
Regular findpath failure: (81,181) to (90, 174)
Regular findpath failure: (81,181) to (90, 174)
Regular findpath failure: (81,181) to (90, 174)
Regular findpath failure: (81,181) to (78, 177)
Regular findpath failure: (81,181) to (78, 177)
Regular findpath failure: (81,181) to (78, 177)
Regular findpath failure: (81,181) to (86, 183)
[SIWIC] 从格子中移除单位时未找到单位 , 格子位置 159 193, 单位类型 APACHE
Regular findpath failure: (81,181) to (85, 177)
Regular findpath failure: (81,181) to (83, 176)
Regular findpath failure: (81,181) to (86, 181)
Regular findpath failure: (81,181) to (86, 184)
Regular findpath failure: (81,181) to (85, 185)
Regular findpath failure: (81,181) to (87, 184)
Regular findpath failure: (81,181) to (86, 181)
Regular findpath failure: (81,181) to (85, 185)
Adding event PLACE
[LAUNCH] HullBlackcial
(0045022c) : Computer is abandoning production of Allied Lightning Guide Tower[GALGTR]
Weapons factory bib clear - kicking out unit
Adding event PLACE
Weapons factory bib clear - kicking out unit
(0045022c) : Computer is abandoning production of Allied Lightning Guide Tower[GALGTR]
Weapons factory bib clear - kicking out unit
(0045022c) : Computer is abandoning production of Allied Lightning Guide Tower[GALGTR]
[Phobos] CreateUnit: Using stored turret facing 3
[SIWIC] 从格子中移除单位时未找到单位 , 格子位置 160 194, 单位类型 APACHE
(0045022c) : Computer is abandoning production of Allied Lightning Guide Tower[GALGTR]
Weapons factory bib clear - kicking out unit
Weapons factory bib clear - kicking out unit
Create_One_Of...
Creating a new team named 'USA W 1 1'.
Create_One_Of...
Creating a new team named 'USA W 1 1'.
[SIWIC] 从格子中移除单位时未找到单位 , 格子位置 158 193, 单位类型 APACHE
[SIWIC] 从格子中移除单位时未找到单位 , 格子位置 159 194, 单位类型 APACHE
[SIWIC] 从格子中移除单位时未找到单位 , 格子位置 159 193, 单位类型 APACHE
Adding event PLACE
(0045022c) : Computer is abandoning production of Allied Lightning Guide Tower[GALGTR]
Sound frame size = 21504 bytes
Sound buffer size = 86016 bytes
Sound frame size = 11264 bytes
Sound buffer size = 45056 bytes
[Phobos] CreateUnit: Using stored turret facing 10
Weapons factory bib clear - kicking out unit
[Phobos] CreateUnit: Using stored turret facing 247
(0045022c) : Computer is abandoning production of Allied Lightning Guide Tower[GALGTR]
[Phobos] CreateUnit: Using stored turret facing 17
Weapons factory bib clear - kicking out unit
(0045022c) : Computer is abandoning production of Allied Lightning Guide Tower[GALGTR]
Regular findpath failure: (81,181) to (86, 181)
Regular findpath failure: (81,181) to (86, 181)
Regular findpath failure: (81,181) to (86, 181)
Regular findpath failure: (81,181) to (86, 181)
Regular findpath failure: (81,181) to (86, 181)
Regular findpath failure: (81,181) to (86, 182)
Regular findpath failure: (81,181) to (87, 184)
Create_One_Of...
Creating a new team named 'USA T1 A 1'.
Create_One_Of...
Creating a new team named 'USA T1 A 2'.
Sound frame size = 21504 bytes
Sound buffer size = 86016 bytes
Adding event DEPLOY
Adding event DEPLOY
Adding event DEPLOY
Adding event DEPLOY
Adding event DEPLOY
Adding event DEPLOY
Adding event DEPLOY
Adding event DEPLOY
Adding event DEPLOY
Adding event DEPLOY
Adding event DEPLOY
(0045022c) : Computer is abandoning production of Allied Lightning Guide Tower[GALGTR]
Sound frame size = 11264 bytes
Sound buffer size = 45056 bytes
[Phobos] CreateUnit: Using stored turret facing 19
[SIWIC] 从格子中移除单位时未找到单位 , 格子位置 161 195, 单位类型 APACHE
[Phobos] CreateUnit: Using stored turret facing 76
(0045022c) : Computer is abandoning production of Allied Lightning Guide Tower[GALGTR]
Weapons factory bib clear - kicking out unit
(0045022c) : Computer is abandoning production of Allied Lightning Guide Tower[GALGTR]
Sound frame size = 21504 bytes
Sound buffer size = 86016 bytes
Weapons factory bib clear - kicking out unit
Sound frame size = 11264 bytes
Sound buffer size = 45056 bytes
Create_One_Of...
Creating a new team named 'ENT T3 D 1'.
Create_One_Of...
Creating a new team named 'USA T3 D 2'.
Create_One_Of...
Creating a new team named 'USA T3 E 1'.
Create_One_Of...
Creating a new team named 'USA T3 E 2'.
(0045022c) : Computer is abandoning production of Allied Lightning Guide Tower[GALGTR]
[LAUNCH] WarChestSpecial
Weapons factory bib clear - kicking out unit
Weapons factory bib clear - kicking out unit
Weapons factory bib clear - kicking out unit
(0045022c) : Computer is abandoning production of Allied Lightning Guide Tower[GALGTR]
Weapons factory bib clear - kicking out unit
Weapons factory bib clear - kicking out unit
Weapons factory clearing CTNK from bib
[Phobos] CreateUnit: Using stored turret facing 168
Weapons factory bib clear - kicking out unit
Weapons factory bib clear - kicking out unit
(0045022c) : Computer is abandoning production of Allied Lightning Guide Tower[GALGTR]
[Phobos] CreateUnit: Using stored turret facing 34
Adding event PLACE
(0045022c) : Computer is abandoning production of Allied Lightning Guide Tower[GALGTR]
[Phobos] CreateUnit: Using stored turret facing 68
Weapons factory clearing LEONEHK from bib
Weapons factory clearing CTNK from bib area
Weapons factory clearing LEONEHK from bib
Weapons factory clearing CTNK from bib area
Regular findpath failure: (76,167) to (88, 174)
Regular findpath failure: (76,167) to (88, 174)
Regular findpath failure: (76,167) to (86, 182)
Regular findpath failure: (76,167) to (81, 181)
Weapons factory clearing BIBIAN from bib
Regular findpath failure: (76,167) to (91, 183)
Regular findpath failure: (76,167) to (86, 181)
Regular findpath failure: (76,167) to (85, 176)
Regular findpath failure: (76,167) to (86, 181)
Regular findpath failure: (76,167) to (86, 181)
Regular findpath failure: (76,167) to (81, 183)
Regular findpath failure: (76,167) to (86, 182)
Regular findpath failure: (76,167) to (81, 181)
Regular findpath failure: (76,167) to (84, 185)
Regular findpath failure: (76,167) to (88, 184)
Regular findpath failure: (76,167) to (86, 181)
Regular findpath failure: (76,167) to (86, 182)
Regular findpath failure: (76,167) to (86, 181)
Regular findpath failure: (76,167) to (86, 182)
Regular findpath failure: (76,167) to (91, 183)
Regular findpath failure: (76,167) to (86, 182)
Regular findpath failure: (76,167) to (81, 181)
Regular findpath failure: (76,167) to (81, 183)
(0045022c) : Computer is abandoning production of Allied Lightning Guide Tower[GALGTR]
Weapons factory clearing LEONEHK from bib
Weapons factory clearing BIBIAN from bib
Weapons factory bib clear - kicking out unit
Weapons factory bib clear - kicking out unit
Weapons factory bib clear - kicking out unit
Weapons factory clearing LEONEHK from bib
Weapons factory bib clear - kicking out unit
Weapons factory clearing LEONEHK from bib
Weapons factory clearing LEONEHK from bib
(0045022c) : Computer is abandoning production of Allied Lightning Guide Tower[GALGTR]
Weapons factory clearing LEONEHK from bib
Weapons factory bib clear - kicking out unit
Adding event PLACE
(0045022c) : Computer is abandoning production of Allied Lightning Guide Tower[GALGTR]
Weapons factory bib clear - kicking out unit
Weapons factory bib clear - kicking out unit
Weapons factory clearing BIBIAN from bib
Weapons factory clearing BIBIAN from bib
Adding event PLACE
Weapons factory bib clear - kicking out unit
(0045022c) : Computer is abandoning production of Allied Lightning Guide Tower[GALGTR]
Weapons factory bib clear - kicking out unit
Weapons factory bib clear - kicking out unit
Weapons factory bib clear - kicking out unit
Create_One_Of...
Creating a new team named 'RUS T1 B 1'.
Create_One_Of...
Creating a new team named 'RUS T1 B 2'.
[Phobos] CreateUnit: Using stored turret facing 240
(0045022c) : Computer is abandoning production of Allied Lightning Guide Tower[GALGTR]
Weapons factory bib clear - kicking out unit
(0045022c) : Computer is abandoning production of Allied Lightning Guide Tower[GALGTR]
(0045022c) : Computer is abandoning production of Allied Lightning Guide Tower[GALGTR]
Weapons factory bib clear - kicking out unit
Weapons factory bib clear - kicking out unit
Weapons factory bib clear - kicking out unit
Adding event PLACE
Weapons factory clearing BIBIAN from bib
Weapons factory clearing BIBIAN from bib
Create_One_Of...
Creating a new team named 'ENT T4 B 1'.
Create_One_Of...
Creating a new team named 'ENT T4 B 2'.
(0045022c) : Computer is abandoning production of Allied Lightning Guide Tower[GALGTR]
Weapons factory bib clear - kicking out unit
[LAUNCH] PsychicRevealSpecial
Weapons factory bib clear - kicking out unit
Weapons factory bib clear - kicking out unit
Adding event PLACE
(0045022c) : Computer is abandoning production of Allied Lightning Guide Tower[GALGTR]
Weapons factory bib clear - kicking out unit
Weapons factory bib clear - kicking out unit
Adding event PLACE
(0045022c) : Computer is abandoning production of Allied Lightning Guide Tower[GALGTR]
Adding event PLACE
(0045022c) : Computer is abandoning production of Allied Lightning Guide Tower[GALGTR]
Create_One_Of...
Creating a new team named 'USA T4 C 1'.
Create_One_Of...
Creating a new team named 'USA T4 C 2'.
Weapons factory bib clear - kicking out unit
Weapons factory bib clear - kicking out unit
(0045022c) : Computer is abandoning production of Allied Lightning Guide Tower[GALGTR]
A USA T4 C 1 Team has chosen ( 156, 201) for its GatherAtEnemy cell.
[Phobos] CreateUnit: Using stored turret facing 220
[LAUNCH] SpySatelliteSpecial
Sound frame size = 21504 bytes
Sound buffer size = 86016 bytes
Sound frame size = 11264 bytes
Sound buffer size = 45056 bytes
(0045022c) : Computer is abandoning production of Allied Lightning Guide Tower[GALGTR]
[LAUNCH] WarChestSpecial
[LAUNCH] WarChestSpecial
Weapons factory bib clear - kicking out unit
Weapons factory bib clear - kicking out unit
[LAUNCH] ParaDropSpecial
(0045022c) : Computer is abandoning production of Allied Lightning Guide Tower[GALGTR]
Weapons factory bib clear - kicking out unit
Weapons factory bib clear - kicking out unit
(0045022c) : Computer is abandoning production of Allied Lightning Guide Tower[GALGTR]
A USA T4 C 1 Team has chosen ( 156, 201) for its GatherAtEnemy cell.
(0045022c) : Computer is abandoning production of Allied Lightning Guide Tower[GALGTR]
(0045022c) : Computer is abandoning production of Allied Lightning Guide Tower[GALGTR]
Weapons factory bib clear - kicking out unit
Weapons factory bib clear - kicking out unit
(0045022c) : Computer is abandoning production of Allied Lightning Guide Tower[GALGTR]
A USA T4 C 1 Team has chosen ( 156, 201) for its GatherAtEnemy cell.
Weapons factory bib clear - kicking out unit
Weapons factory bib clear - kicking out unit
[LAUNCH] SpyPlaneSpecial
(0045022c) : Computer is abandoning production of Allied Lightning Guide Tower[GALGTR]
Adding event PLACE
(0045022c) : Computer is abandoning production of Allied Lightning Guide Tower[GALGTR]
Weapons factory bib clear - kicking out unit
Weapons factory bib clear - kicking out unit
[SIWIC] 从格子中移除单位时未找到单位 , 格子位置 116 155, 单位类型 APACHE
(0045022c) : Computer is abandoning production of Allied Lightning Guide Tower[GALGTR]
Adding event PLACE
[LAUNCH] IceBoom04Special
[LAUNCH] LightningGuideSpecial
[LAUNCH] MalignantPulseSpecial
A USA T4 C 1 Team has chosen ( 156, 201) for its GatherAtEnemy cell.
(0045022c) : Computer is abandoning production of Allied Lightning Guide Tower[GALGTR]
Adding event PLACE
Create_One_Of...
Creating a new team named 'ENT T3 H 1'.
Create_One_Of...
Creating a new team named 'ENT T3 H 2'.
[LAUNCH] ParaDropSpecial
(0045022c) : Computer is abandoning production of Allied Lightning Guide Tower[GALGTR]
Weapons factory bib clear - kicking out unit
Weapons factory bib clear - kicking out unit
Weapons factory bib clear - kicking out unit
Weapons factory bib clear - kicking out unit
(0045022c) : Computer is abandoning production of Allied Lightning Guide Tower[GALGTR]
[SIWIC] 从格子中移除单位时未找到单位 , 格子位置 118 228, 单位类型 SUPLANE
A USA T4 C 1 Team has chosen ( 156, 201) for its GatherAtEnemy cell.
(0045022c) : Computer is abandoning production of Allied Lightning Guide Tower[GALGTR]
[LAUNCH] ParaDropSpecial
(0045022c) : Computer is abandoning production of Allied Lightning Guide Tower[GALGTR]
Weapons factory bib clear - kicking out unit
Weapons factory bib clear - kicking out unit
(0045022c) : Computer is abandoning production of Allied Lightning Guide Tower[GALGTR]
A USA T4 C 1 Team has chosen ( 156, 201) for its GatherAtEnemy cell.
(0045022c) : Computer is abandoning production of Allied Lightning Guide Tower[GALGTR]
Adding event PLACE
[LAUNCH] SpySatelliteSpecial
Sound frame size = 21504 bytes
Sound buffer size = 86016 bytes
[LAUNCH] WarChestSpecial
Weapons factory bib clear - kicking out unit
Sound frame size = 11264 bytes
Sound buffer size = 45056 bytes
Weapons factory bib clear - kicking out unit
(0045022c) : Computer is abandoning production of Allied Lightning Guide Tower[GALGTR]
[LAUNCH] TKDONSpecial
(0045022c) : Computer is abandoning production of Allied Lightning Guide Tower[GALGTR]
A USA T4 C 1 Team has chosen ( 156, 201) for its GatherAtEnemy cell.
Adding event DEPLOY
Adding event DEPLOY
Adding event DEPLOY
Adding event DEPLOY
Adding event DEPLOY
Adding event DEPLOY
Adding event DEPLOY
Adding event DEPLOY
Adding event DEPLOY
Adding event DEPLOY
Adding event DEPLOY
Adding event DEPLOY
Adding event DEPLOY
Adding event DEPLOY
Adding event DEPLOY
Adding event DEPLOY
Adding event DEPLOY
Adding event DEPLOY
(0045022c) : Computer is abandoning production of Allied Lightning Guide Tower[GALGTR]
Weapons factory bib clear - kicking out unit
[LAUNCH] ParaDropSpecial
[SIWIC] 从格子中移除单位时未找到单位 , 格子位置 161 186, 单位类型 APACHE
(0045022c) : Computer is abandoning production of Allied Lightning Guide Tower[GALGTR]
Weapons factory bib clear - kicking out unit
(0045022c) : Computer is abandoning production of Allied Lightning Guide Tower[GALGTR]
[Phobos] CreateUnit: Using stored turret facing 189
[Phobos] CreateUnit: Using stored turret facing 152
Regular findpath failure: (90,113) to (84, 109)
Regular findpath failure: (90,113) to (84, 109)
Regular findpath failure: (90,113) to (87, 105)
Create_One_Of...
Creating a new team named 'USA W 1 1'.
Create_One_Of...
Creating a new team named 'USA W 1 1'.
Weapons factory clearing MIND from bib
Weapons factory clearing MEDUSAVE from bib area
Adding event PLACE
Weapons factory clearing MIND from bib
[LAUNCH] WarChestSpecial
(0045022c) : Computer is abandoning production of Allied Lightning Guide Tower[GALGTR]
Weapons factory bib clear - kicking out unit
Adding event PLACE
[SIWIC] 从格子中移除单位时未找到单位 , 格子位置 102 168, 单位类型 EPPLANE
(0045022c) : Computer is abandoning production of Allied Lightning Guide Tower[GALGTR]
Weapons factory bib clear - kicking out unit
Regular findpath failure: (90,113) to (85, 104)
Regular findpath failure: (90,113) to (87, 106)
Adding event PLACE
Regular findpath failure: (90,113) to (82, 105)
Regular findpath failure: (90,113) to (87, 105)
Regular findpath failure: (90,113) to (85, 102)
Regular findpath failure: (90,113) to (85, 112)
Regular findpath failure: (90,113) to (85, 112)
Regular findpath failure: (90,113) to (87, 105)
Regular findpath failure: (90,113) to (83, 107)
Regular findpath failure: (90,113) to (87, 106)
Regular findpath failure: (90,113) to (93, 104)
(0045022c) : Computer is abandoning production of Allied Lightning Guide Tower[GALGTR]
Weapons factory bib clear - kicking out unit
Create_One_Of...
Creating a new team named 'ENT T3 H 1'.
Create_One_Of...
Creating a new team named 'ENT T3 H 2'.
Adding event PLACE
(0045022c) : Computer is abandoning production of Allied Lightning Guide Tower[GALGTR]
Release_Mouse()
Exception handler fired!
Exception C0000005 at 00422131
