Initialized Ares version: 20.333.289
Ares requires a CPU with SSE support. Available.
Set Process Affinity: 1 (1)
Optimizing list of CD drives for NoCD mode.
[Phobos] Initialized version: Special merge Build #45+3_3
[Phobos] Modules presumably injected by Syringe:
Module cncnet5.dll  base address : 0x6BBC0000.
Module Ares.dll  base address : 0x62040000.
Module Phobos.dll  base address : 0x61DA0000.
Module SIWinterIsComing.dll  base address : 0x612A0000.
Module Phobos.dll  base address : 0x61D70000.
Other modules:
Module "AcGenral.dll"  base address : 0x61A90000.
Module msvcrt.dll  base address : 0x76C00000.
Module sechost.dll.mui  base address : 0x74F50000.
Module ucrtbase.dll  base address : 0x741F0000.
Module msvcp_win.dll  base address : 0x75870000.
Module Win32u.DLL  base address : 0x76BE0000.
Module gdi32  base address : 0x761B0000.
Module gdi32  base address : 0x74600000.
Module OLEAUT32.DLL  base address : 0x746F0000.
Module SAMCLI.DLL  base address : 0x72C80000.
Module VERSION.DLL  base address : 0x73BD0000.
Module security.dll  base address : 0x73F50000.
Module CFGMGR32.DLL  base address : 0x73120000.
Module SRVCLI.DLL  base address : 0x6ECF0000.
Module NETUTILS.DLL  base address : 0x73B80000.
Module imm32  base address : 0x744D0000.
Module ddraw.dll  base address : 0x6F600000.
Module resampledmo.dll  base address : 0x6F4D0000.
Module WINMMbase.DLL.MUI  base address : 0x6F320000.
Module msdmo.dll  base address : 0x6F310000.
Module opengl32  base address : 0x647A0000.
Module DXCore.DLL  base address : 0x6E5C0000.
Module DBGHELP.DLL  base address : 0x6E910000.
Module DBGCORE.DLL  base address : 0x6F280000.
Module mscoree.dll  base address : 0x74190000.
Module msvcp140.dll  base address : 0x73C10000.
Module vcruntime140.dll  base address : 0x73C80000.
[Phobos] Detected Ares 3.0.
Checking available disk space
Using GetDiskFreeSpaceEx
Free disk space is 182587 Mb
Init Encryption Keys.
Init_Keys - declarations
Init_Keys - Load
Init_Keys - Init fast key
 EXPANDMG99.MIX EXPANDMG93.MIX EXPANDMG92.MIX EXPANDMG69.MIX EXPANDMG68.MIX EXPANDMG67.MIX EXPANDMG66.MIX EXPANDMG65.MIX EXPANDMG64.MIX EXPANDMG63.MIX EXPANDMG62.MIX EXPANDMG61.MIX EXPANDMG60.MIX EXPANDMG20.MIX EXPANDMG06.MIX EXPANDMG04.MIX EXPANDMG03.MIX CACHE.MIX CACHE.MIX CACHE.MIX LOCAL.MIXMaxLabelLen = 31
Language: US
[Phobos] Applying AppIcon from "RESOURCES/CLIENTICON.ICO"
Focus_Restore()
Focus_Restore(): _MouseCaptured = false
Focus gained
Default
Default
Prep direct draw.
Prep direct draw.
SetDisplayMode: 1280x800x16
Checking hardware region fill capability...OK
Checking overlapped blit capability...OK
Display mode set
DSurface::Create_Primary
DSurface::AllowStretchBlits = true
DSurface::AllowHWFill = true
DSurface::Create_Primary - Creating surface
CreateSurface OK
DSurface::Create_Primary done
Allocating new surfaces
CompositeSurface (1112x800) SYSTEM MEMORY ENABLE_3D
TileSurface (1112x800) SYSTEM MEMORY ENABLE_3D
SidebarSurface (168x800) SYSTEM MEMORY
HiddenSurface (1280x800) SYSTEM MEMORY
AlternateSurface (1280x800) SYSTEM MEMORY
Calc_Confining_Rect(0,0,1280,800)
Profile: CPU:38 (3593Mhz Pentium 4)
Profile: RAM:10 (2048Mb)
Profile: VRAM:9 (16Mb)
Profile: VRAM speed:5 (0 blits per second)
Overall performance profile = 5
Main_Game
Init Game
Bootstrap.....LOADED NTRLMD.MIXLOADED NEUTRAL.MIX
event mempool size = 192000
 ...OK
Init Mouse
Init CDROM
Calling Force_CD_Available
Init Secondary Mixfiles....
 CONQMD.MIX CONQUER.MIX CAMEOMD.MIX CAMEO.MIX mapsmd03.mixMULTIMD.MIX THEME.MIX movmd03.mix ...OK
Init Campaigns
Init Heaps
Init Threads
Reading Game Settings
-------- Loading RA2MD.INI settings --------
GameSpeed = 1
Difficulty = 1
CampDifficulty = 0
ScrollMethod = 0
ScrollRate = 1
AutoScroll is ON
DetailLevel = 2
SideBar on RIGHT
Sidebar Text is ON
ActionLines are ON
ShowHidden is ON
ToolTips are ON
Resolution = 1280 X 800
StretchMovies is OFF
AllowHiRes is OFF
SoundVolume = 0.500000
VoiceVolume = 0.500000
ScoreVolume = 0.400000
ScoreRepeat is OFF
ScoreShuffle is ON
Emulated sound card latency default = 9
--------- Loading Ares global settings -----------
QuickExit is OFF
AllowMultiEngineer is OFF
CampaignList is OFF
ShowDebugCampaigns is OFF
Color count is 16
Mod is The Moment of Genesis (1.0.0) with FABCD527
--------- Complete -------------------------------
Init Anim System
Init Color Remap Tables
Creating TacticalMap
Reading SOUNDMD.INI
Reading EVAMD.INI
Reading THEMEMD.INI
Reading MOVIEMD.INI
Init Bulk Data
RadarClass::One_Time()
Set_View_Dimensions(0,0,1112,768)
Deleting ZBuffer
Allocating ZBuffer (1112x768)
Deleting ABuffer
Allocating ABuffer (1112x768)
MessageListClass::Init(Width: 1098)
MessageListClass::Set_Width(1104)
Set_View_Dimensions(exit)
Checking available disk space
Using GetDiskFreeSpaceEx
Free disk space is 182587 Mb
Session one time init. UniqueID is 4600beff
Init Rules
[Developer warning]An INI section inherits from section 'DisplaySD', which doesn't exist or has not been parsed yet.
Init random number
Seed is 02fcdba6
Init Commands
Game Init Completed.
ExceptionReturnStack = 001AD478
ExceptionReturnAddress = 0048CDA8
Init random number
Seed is 02fcdbc5
WinsockInterface constructed
WinsockInterface init.
About to call WSAStartup
Winsock initialised OK
Winsock version is 1.1
Found protocol UDP/IPv6, max frame size is 65527
Found protocol UDP/IP, max frame size is 65527
Found protocol Vmbus, max frame size is 0
Found protocol UDP/IP, max frame size is 65527
Found protocol UDP/IP, max frame size is 65527
Found protocol afunix, max frame size is 0
About to open primary UDP socket
About to bind the UDP socket to port 0
Socket option SO_RCVBUF set OK
Socket option SO_SNDBUF set OK
Primary UDP Socket init complete
IPX Manager: RetryDelta = 60
MaxAhead is 15
**** IPXManagerClass::Init ***
About to open primary UDP socket
About to bind the UDP socket to port 1234
Socket option SO_RCVBUF set OK
Socket option SO_SNDBUF set OK
Primary UDP Socket init complete
About to query the host name
About to call gethostbyname
Found local address: 172.17.191.157
About to open alternate UDP socket
About to bind the UDP socket
Socket option SO_RCVBUF set OK
Socket option SO_SNDBUF set OK
Alternate UDP Socket init complete
FD_WRITE - No OutBuffers left - nothing to do
FD_WRITE - No AltOutBuffers left - nothing to do
Processing sides.
Side 0: GDI 
  Americans
  Entente
Side 1: Nod 
  Russia
  China
  ASEAN
Side 2: ThirdSide 
  Confusion
  Defense
  Spread
Side 3: TraceRL 
  Rylade
Side 4: Civilian 
  Neutral
Side 5: Mutant 
  Special

----- Starting scnenario: spawnmap.ini -----
Player Count: 1
Reading scenario: spawnmap.ini
Sound frame size = 21504 bytes
Sound buffer size = 86016 bytes
Scen->IsRandom = false
 loadmd.MIXRead_Scenario_INI - Filename is spawnmap.ini
Clearing old scenario
Map.Init_Clear()
MapClass::Init_Clear entry
MapClass::Init_Clear done
RadarClass::Init_Clear
RadarClass::Init_Clear done
Logic.Init()
CurrentObjects.Clear()
Scen->Clear_All_Waypoints()
Init_Campaigns()
[Phobos] Multiplayer start waypoint found at cell 13753,4629
[Phobos] Multiplayer start waypoint found at cell 13753,4629
[Phobos] Multiplayer start waypoint found at cell 13753,4629
[Phobos] Multiplayer start waypoint found at cell 13753,4629
[Phobos] Multiplayer start waypoint found at cell 13753,4629
[Phobos] Multiplayer start waypoint found at cell 13753,4629
[Phobos] Multiplayer start waypoint found at cell 13753,4629
[Phobos] Multiplayer start waypoint found at cell 13753,4629
[Phobos] Multiplayer start waypoint found at cell 0,0
[Phobos] Multiplayer start waypoint found at cell 0,0
[Phobos] Multiplayer start waypoint found at cell 0,0
[Phobos] Multiplayer start waypoint found at cell 0,0
[Phobos] Multiplayer start waypoint found at cell 0,0
[Phobos] Multiplayer start waypoint found at cell 0,0
[Phobos] Multiplayer start waypoint found at cell 0,0
[Phobos] Multiplayer start waypoint found at cell 0,0
Assigning Starting Points for house 4 (Defense)
Starting cell taken: 6 (117,118)
Assigning Starting Points for house 5 (Spread)
Starting cell taken: 5 (93,178)
Assigning Starting Points for house 6 (Americans)
Starting cell taken: 4 (115,240)
Assigning Starting Points for house 7 (Spread)
Starting cell taken: 7 (177,94)
Converting 0 nodes.
Init theater NEWURBAN
Processing sides.
Side 0: GDI 
  Americans
  Entente
Side 1: Nod 
  Russia
  China
  ASEAN
Side 2: ThirdSide 
  Confusion
  Defense
  Spread
Side 3: TraceRL 
  Rylade
Side 4: Civilian 
  Neutral
Side 5: Mutant 
  Special
[Developer warning]Failed to parse INI file content: [PhaseShift]Armor=pstk2
[Phobos] Failed to parse INI file content: [PhaseShift]IdleAnim=NUEKANIM
[Developer warning]Failed to parse INI file content: [IronParclose]Armor=parclose
[Phobos] Failed to parse INI file content: [godtankShield]HitAnim=PLSMRING1
[Phobos] Failed to parse INI file content: [FLYGONTrailUAV02]Color=280,150,80 (Expected a valid R,G,B color)
[Phobos] Failed to parse INI file content: [FLAMEOYTrailUAV02]Color=280,150,80 (Expected a valid R,G,B color)
[Phobos] Failed to parse INI file content: [FLAMEOYTrailUAV22]Color=280,150,80 (Expected a valid R,G,B color)
[Phobos] Failed to parse INI file content: [HEADERTrailUAV02]Color=20,20,280 (Expected a valid R,G,B color)
[Phobos] Failed to parse INI file content: [HEADERTrailUAV22]Color=20,20,280 (Expected a valid R,G,B color)
[Phobos] Failed to parse INI file content: [ERDRLaser]Color=256,30,30 (Expected a valid R,G,B color)
[Phobos] Failed to parse INI file content: [BlimpTrailUAV22]Color=280,150,80 (Expected a valid R,G,B color)
[Phobos] Failed to parse INI file content: [ERDRLaser2]Color=286,10,10 (Expected a valid R,G,B color)
[Phobos] Failed to parse INI file content: [ELINAMedLaser2]Color=200,40,286 (Expected a valid R,G,B color)
[Phobos] Failed to parse INI file content: [ZEP2TrailUAV02]Color=280,150,80 (Expected a valid R,G,B color)
[Developer warning]Failed to parse INI file content: [IronCurtainSpecial]SW.Designators=20
[Phobos] Failed to parse INI file content: [IronCurtainSpecial]SW.Designators=20
[Developer warning]Failed to parse INI file content: [ParaDropSpecial]Cursor=AmerParaDrop
[Developer warning]Failed to parse INI file content: [UniversalParaDropSpecial]Cursor=AmerParaDrop
[Developer warning]Failed to parse INI file content: [EnergyBarrierSpecial]Cursor=Glacial
[Developer warning]Failed to parse INI file content: [BenignGuidanceSpecial]Cursor=Glacial
[Developer warning]Failed to parse INI file content: [MalignantPulseSpecial]Cursor=Glacial
[Developer warning]Failed to parse INI file content: [IronParcloseSpecial]Cursor=Glacial
[Developer warning]Failed to parse INI file content: [IronParcloseSpecial]SidebarPCX=icon.pcx (PCX file not found.)
[Phobos] Failed to parse INI file content: [IronParcloseSpecial]SidebarPCX=icon.pcx (PCX file not found.)
[Developer warning]Failed to parse INI file content: [IronCurtainSpecial02]SW.Designators=20
[Phobos] Failed to parse INI file content: [IronCurtainSpecial02]SW.Designators=20
[Developer warning]Failed to parse INI file content: [GAREFNAnimSpecial]SW.Warhead=Special2
[Phobos] Failed to parse INI file content: [MagneticGlory]SW.Next=MagneticGlory2
[Developer warning]An INI section inherits from section 'DisplaySD', which doesn't exist or has not been parsed yet.
[Developer warning]Failed to parse INI file content: [TENTACLE1]Weapon=TentacleWeapon
[Developer warning]Failed to parse INI file content: [GATECH]SuperWeapons=EnergyEnhanceSpecial
[Phobos] Failed to parse INI file content: [GATECH]SuperWeapons=EnergyEnhanceSpecial
[Developer warning]Failed to parse INI file content: [NACLON]DamageParticleSystems=SmallGreySmokeSys
[Developer warning]Failed to parse INI file content: [CACITY02]Foundation=5x4
[Developer warning]Failed to parse INI file content: [CACITY02]Foundation=5x4
[Developer warning]Failed to parse INI file content: [YAGRND]DamageParticleSystems=SmallGreySmokeSys
[Developer warning]Failed to parse INI file content: [GAZBDL]FactoryOwners=Arbitration
[Developer warning]Failed to parse INI file content: [GABHMI]Insignia.Veteran=dummy (File could not be found)
[Developer warning]Failed to parse INI file content: [GABHMI]Insignia.Elite=dummy (File could not be found)
[Phobos] Failed to find file dummy.shp referenced by [GABHMI]Insignia.Veteran=dummy
[Phobos] Failed to find file dummy.shp referenced by [GABHMI]Insignia.Elite=dummy
[SIWIC] 在 [GABHMI] 中 , 属性 [Insignia.Veteran] 中存在无法载入的 shp 文件 : [dummy]
[SIWIC] 在 [GABHMI] 中 , 属性 [Insignia.Elite] 中存在无法载入的 shp 文件 : [dummy]
[Phobos] Failed to parse INI file content: [NAINDPCN]Grinding.AllowTypes=DTNK
[Phobos] Failed to parse INI file content: [NAINDPCN]Grinding.AllowTypes=MEDUSA
[Developer warning]Failed to parse INI file content: [TEBOLT]SuperWeapons=MagneticFallSpecial
[Phobos] Failed to parse INI file content: [TEBOLT]SuperWeapons=MagneticFallSpecial
[Developer warning]Failed to parse INI file content: [NASIOR]SuperWeapons=VehicleOverloadSpecial
[Phobos] Failed to parse INI file content: [NASIOR]SuperWeapons=VehicleOverloadSpecial
[Developer warning]Failed to parse INI file content: [YACLON]DamageParticleSystems=SmallGreySmokeSys
[Developer warning]Failed to parse INI file content: [ENTTER]CameoPCX=.pcx (PCX file not found.)
[Phobos] Failed to parse INI file content: [ENTTER]CameoPCX=.pcx (PCX file not found.)
[SIWIC] ENTTER
[Developer warning]Failed to parse INI file content: [SOVPALACE]CameoPCX=.pcx (PCX file not found.)
[Phobos] Failed to parse INI file content: [SOVPALACE]CameoPCX=.pcx (PCX file not found.)
[SIWIC] SOVPALACE
[Phobos] [Developer warning] [CAFSJ] has Palette=newbuild set but no palette file was loaded (missing file or wrong filename). Missing palettes cause issues with lighting recalculations.
[Developer warning]Failed to parse INI file content: [AILOCK]Armor=special
[Developer warning]Failed to parse INI file content: [MagneticBSG]SuperWeapons=MagneticGlory2
[Phobos] Failed to parse INI file content: [MagneticBSG]SuperWeapons=MagneticGlory2
[Developer warning]Failed to parse INI file content: [CABYCA]Foundation=4x1
[Developer warning]Failed to parse INI file content: [CABYCA]Foundation=4x1
[Developer warning]Failed to parse INI file content: [CABYCB]Foundation=4x1
[Developer warning]Failed to parse INI file content: [CABYCB]Foundation=4x1
[Developer warning]Failed to parse INI file content: [CABYCC]Foundation=4x1
[Developer warning]Failed to parse INI file content: [CABYCC]Foundation=4x1
[Developer warning]Failed to parse INI file content: [CABYCD]Foundation=4x1
[Developer warning]Failed to parse INI file content: [CABYCD]Foundation=4x1
[Developer warning]Failed to parse INI file content: [CABYCE]Foundation=4x1
[Developer warning]Failed to parse INI file content: [CABYCE]Foundation=4x1
[Developer warning]Failed to parse INI file content: [CABYCF]Foundation=4x1
[Developer warning]Failed to parse INI file content: [CABYCF]Foundation=4x1
[Developer warning]Failed to parse INI file content: [CABYCG]Foundation=4x1
[Developer warning]Failed to parse INI file content: [CABYCG]Foundation=4x1
[Developer warning]Failed to parse INI file content: [CABYCH]Foundation=4x1
[Developer warning]Failed to parse INI file content: [CABYCH]Foundation=4x1
[Developer warning]Failed to parse INI file content: [CABYCI]Foundation=4x1
[Developer warning]Failed to parse INI file content: [CABYCI]Foundation=4x1
[Developer warning]Failed to parse INI file content: [CABYCJ]Foundation=4x1
[Developer warning]Failed to parse INI file content: [CABYCJ]Foundation=4x1
[Developer warning]Failed to parse INI file content: [CABYCK]Foundation=4x1
[Developer warning]Failed to parse INI file content: [CABYCK]Foundation=4x1
[Developer warning]Failed to parse INI file content: [CABYCL]Foundation=4x1
[Developer warning]Failed to parse INI file content: [CABYCL]Foundation=4x1
[Developer warning]Failed to parse INI file content: [CABYCM]Foundation=4x1
[Developer warning]Failed to parse INI file content: [CABYCM]Foundation=4x1
[Developer warning]Failed to parse INI file content: [CABYCN]Foundation=4x1
[Developer warning]Failed to parse INI file content: [CABYCN]Foundation=4x1
[Developer warning]Failed to parse INI file content: [CABYCO]Foundation=4x1
[Developer warning]Failed to parse INI file content: [CABYCO]Foundation=4x1
[Developer warning]Failed to parse INI file content: [BDRONE]Smoke.Anim=NOANIM
[Developer warning]Failed to parse INI file content: [CORTER_A]Armor=f_light
[Developer warning]Failed to parse INI file content: [FREEDOM_A]Armor=f_heavy
[Developer warning]Failed to parse INI file content: [A10_A]Armor=f_medium
[Developer warning]Failed to parse INI file content: [FLYGON_A]Armor=f_light
[Developer warning]Failed to parse INI file content: [Rubbish1]Armor=inviso
[Developer warning]Failed to parse INI file content: [Rubbish2]Armor=inviso
[Developer warning]Failed to parse INI file content: [Rubbish3]Armor=inviso
[Developer warning]Failed to parse INI file content: [Rubbish4]Armor=inviso
[Developer warning]Failed to parse INI file content: [Rubbish5]Armor=inviso
[Developer warning]Failed to parse INI file content: [FHZJ]Smoke.Anim=NOANIM
[Developer warning]Failed to parse INI file content: [HUNTERUAV]Armor=f_light
[Developer warning]Failed to parse INI file content: [HUNTERUAV]DamageParticleSystems=SmallIceSSys
[Developer warning]Failed to parse INI file content: [TENGER]DamageParticleSystems=SmallIceSSys
[Developer warning]Failed to parse INI file content: [UAV]Armor=f_light
[Developer warning]Failed to parse INI file content: [UAV2]Armor=f_light
[Developer warning]Failed to parse INI file content: [CNV3ROCKET]Missile.Weapon=V3Demobomb
[Developer warning]Failed to parse INI file content: [CNV3ROCKET]Missile.EliteWeapon=V3DemobombE
[Phobos] Replacing image for BEEFK with HTNK.
[Phobos] Replacing image for BEEFK with HTNK.
[Phobos] Replacing image for ROBO with ROBO.
[Developer warning]Failed to parse INI file content: [ABRT]Insignia.Veteran=dummy (File could not be found)
[Developer warning]Failed to parse INI file content: [ABRT]Insignia.Elite=dummy (File could not be found)
[Developer warning]Failed to parse INI file content: [ABRT]FactoryOwners=Arbitration
[Phobos] Failed to find file dummy.shp referenced by [ABRT]Insignia.Veteran=dummy
[Phobos] Failed to find file dummy.shp referenced by [ABRT]Insignia.Elite=dummy
[SIWIC] 在 [ABRT] 中 , 属性 [Insignia.Veteran] 中存在无法载入的 shp 文件 : [dummy]
[SIWIC] 在 [ABRT] 中 , 属性 [Insignia.Elite] 中存在无法载入的 shp 文件 : [dummy]
[Developer warning]Failed to parse INI file content: [SREF2]CameoPCX=.pcx (PCX file not found.)
[Developer warning]Failed to parse INI file content: [SREF2]AltCameoPCX=.pcx (PCX file not found.)
[Phobos] Failed to parse INI file content: [SREF2]CameoPCX=.pcx (PCX file not found.)
[SIWIC] SREF2
[Developer warning]Failed to parse INI file content: [BHRB]Insignia.Veteran=dummy (File could not be found)
[Developer warning]Failed to parse INI file content: [BHRB]Insignia.Elite=dummy (File could not be found)
[Developer warning]Failed to parse INI file content: [BHRB]Parachute.Anim=PARACHTD
[Phobos] Failed to find file dummy.shp referenced by [BHRB]Insignia.Veteran=dummy
[Phobos] Failed to find file dummy.shp referenced by [BHRB]Insignia.Elite=dummy
[SIWIC] 在 [BHRB] 中 , 属性 [Insignia.Veteran] 中存在无法载入的 shp 文件 : [dummy]
[SIWIC] 在 [BHRB] 中 , 属性 [Insignia.Elite] 中存在无法载入的 shp 文件 : [dummy]
[Developer warning]Failed to parse INI file content: [HYAENAD]CameoPCX=.pcx (PCX file not found.)
[Developer warning]Failed to parse INI file content: [HYAENAD]AltCameoPCX=.pcx (PCX file not found.)
[Phobos] Failed to parse INI file content: [HYAENAD]CameoPCX=.pcx (PCX file not found.)
[SIWIC] HYAENAD
[Developer warning]Failed to parse INI file content: [SUTNTK]AltCameoPCX=sutntk2.pcx (PCX file not found.)
[Developer warning]Failed to parse INI file content: [YMIN]DamageParticleSystems=YellowSmallSys
[Developer warning]Failed to parse INI file content: [YMON]DamageParticleSystems=YellowSmallSys
[Developer warning]Failed to parse INI file content: [YMON]CameoPCX=.pcx (PCX file not found.)
[Developer warning]Failed to parse INI file content: [YMON]AltCameoPCX=.pcx (PCX file not found.)
[Phobos] Failed to parse INI file content: [YMON]CameoPCX=.pcx (PCX file not found.)
[SIWIC] YMON
[Developer warning]Failed to parse INI file content: [RCMTC]AltCameoPCX=zcwrjicona,pcx (PCX file not found.)
[Developer warning]Failed to parse INI file content: [MIND]WaterImage=MINDWR
[Developer warning]Failed to parse INI file content: [YMCVE]AltCameoPCX=pcx.pcx (PCX file not found.)
[Developer warning]Failed to parse INI file content: [SADS]Armor=n_heavy
[Phobos] Replacing image for ROBO with ROBO.
[Phobos] Replacing image for BEEFK with HTNK.
[Phobos] Replacing image for BEEFK with HTNK.
[Phobos] Replacing image for BEEFK with HTNK.
[Developer warning]Failed to parse INI file content: [SREF2]CameoPCX=.pcx (PCX file not found.)
[Developer warning]Failed to parse INI file content: [SREF2]AltCameoPCX=.pcx (PCX file not found.)
[Phobos] Failed to parse INI file content: [SREF2]CameoPCX=.pcx (PCX file not found.)
[SIWIC] SREF2
[Developer warning]Failed to parse INI file content: [GGIFIX]CameoPCX=gdgiicon.pcx (PCX file not found.)
[Developer warning]Failed to parse INI file content: [GGIFIX]AltCameoPCX=gdgiuico.pcx (PCX file not found.)
[Phobos] Failed to parse INI file content: [GGIFIX]CameoPCX=gdgiicon.pcx (PCX file not found.)
[SIWIC] GGIFIX
[Phobos] Failed to parse INI file content: [ASTARTE]PipWrap=red (Expected a valid number)
[Phobos] Failed to parse INI file content: [ASTARTEX]PipWrap=red (Expected a valid number)
[Developer warning]Failed to parse INI file content: [E2]Armor=garrison
[Phobos] Replacing image for SDOG with DOG.
[Developer warning]Failed to parse INI file content: [LUNR]Prerequisite=NAPILE
[Phobos] Replacing image for LUNR with LUNR.
[Developer warning]Failed to parse INI file content: [MOBSTER_1]CameoPCX=jam.pcx (PCX file not found.)
[Developer warning]Failed to parse INI file content: [MOBSTER_1]AltCameoPCX=jam.pcx (PCX file not found.)
[Phobos] Failed to parse INI file content: [MOBSTER_1]CameoPCX=jam.pcx (PCX file not found.)
[SIWIC] MOBSTER_1
[Developer warning]Failed to parse INI file content: [MOUSE]CameoPCX=.pcx (PCX file not found.)
[Developer warning]Failed to parse INI file content: [MOUSE]AltCameoPCX=.pcx (PCX file not found.)
[Phobos] Failed to parse INI file content: [MOUSE]CameoPCX=.pcx (PCX file not found.)
[SIWIC] MOUSE
[Developer warning]Failed to parse INI file content: [SCOIONX]Armor=white
[Developer warning]Failed to parse INI file content: [MOBSTER_1]CameoPCX=jam.pcx (PCX file not found.)
[Developer warning]Failed to parse INI file content: [MOBSTER_1]AltCameoPCX=jam.pcx (PCX file not found.)
[Phobos] Failed to parse INI file content: [MOBSTER_1]CameoPCX=jam.pcx (PCX file not found.)
[SIWIC] MOBSTER_1
[Developer warning]Failed to parse INI file content: [MOBSTER_1]CameoPCX=jam.pcx (PCX file not found.)
[Developer warning]Failed to parse INI file content: [MOBSTER_1]AltCameoPCX=jam.pcx (PCX file not found.)
[Phobos] Failed to parse INI file content: [MOBSTER_1]CameoPCX=jam.pcx (PCX file not found.)
[SIWIC] MOBSTER_1
[Developer warning]Failed to parse INI file content: [MEDIC]AltCameoPCX=.pcx (PCX file not found.)
[Developer warning]Failed to parse INI file content: [E2union]Armor=garrison
[Phobos] Replacing image for CAML with JOSH.
[Phobos] Replacing image for DNOB with DNOB.
[Phobos] Failed to parse INI file content: [HUISDEN]ExtraWarheads=HUISD554
[Phobos] Failed to parse INI file content: [HUISDCment]ExtraWarheads=HUISD554
[Developer warning]Failed to parse INI file content: [105mmBishopSpeedE]Anim=VEMUZZLE
[Developer warning]Failed to parse INI file content: [105mmBishopE]Anim=VEMUZZLE
[Developer warning]Failed to parse INI file content: [NGEMPW]Anim=STDMUZZ
[Developer warning]Failed to parse INI file content: [MammothMissileStrike]Anim=REDFIRE
[Developer warning]Failed to parse INI file content: [MammothMissileStrikeE]Anim=REDFIRE
[Developer warning]Failed to parse INI file content: [RaiderAttack]Anim=RAIDERKILL
[Developer warning]Failed to parse INI file content: [RaiderAttackAA]Anim=RAIDERKILL
[Phobos] Failed to parse INI file content: [VortexPayload]ExtraWarheads=GAMNUKE02
[Phobos] Failed to parse INI file content: [ATFGDTBomber2]ExtraWarheads=ATFGDTBuildFixWH
[Developer warning]Failed to parse INI file content: [Sapper3]IvanBomb.Warhead=Mechanical1
[Developer warning]Failed to parse INI file content: [NeutronRifle]Beam.Color=130,200150 (Expected a valid R,G,B color)
[Phobos] Failed to parse INI file content: [NeutronRifle]Beam.Color=130,200150 (Expected a valid R,G,B color)
[Developer warning]Failed to parse INI file content: [Sapper1]IvanBomb.Warhead=Mechanical1
[Developer warning]Failed to parse INI file content: [OnaSapper]IvanBomb.Warhead=TeamkllWH
[Developer warning]Failed to parse INI file content: [ShockerSapper]IvanBomb.Warhead=TeamkllWH
[Phobos] [Developer warning] [InvisibleHighLI] has Trajectory set together with ROT value other than 0. ROT has been set to 0.
[Phobos] [Developer warning] [CorruptorMissileProj] has Trajectory set together with ROT value other than 0. ROT has been set to 0.
[Phobos] [Developer warning] [FlyDragonMissileProj] has Trajectory set together with ROT value other than 0. ROT has been set to 0.
[Phobos] [Developer warning] [PlotevmaMissileProj] has Trajectory set together with ROT value other than 0. ROT has been set to 0.
[Phobos] Failed to parse INI file content: [HellArcShipCannonProj]SubjectToCliffs=uo (Expected a valid boolean value [1, true, yes, 0, false, no])
[Phobos] Failed to parse INI file content: [ArmorMissileProj]Cluster=yes (Expected a valid number)
[Phobos] [Developer warning] [PlotevmaMissileAAProj] has Trajectory set together with ROT value other than 0. ROT has been set to 0.
[Phobos] [Developer warning] [EADERGMissileProj] has Trajectory set together with Vertical. Vertical has been set to false.
[Developer warning]Failed to parse INI file content: [CRNUKEWH]AnimList=MININUKE - added 11/30
[Phobos] Failed to parse INI file content: [ULLTBFlame3]Shield.ReplaceOnly=LLTTKShield (Expected a valid boolean value [1, true, yes, 0, false, no])
[Developer warning]Failed to parse INI file content: [OverloadDisableWH]EMP.Sparkles=EMP_FX02
[Developer warning]Failed to parse INI file content: [AsuraDeathWH]DamageAirThreshold=yes (Expected a valid number)
[Developer warning]Failed to parse INI file content: [ACVGunWH]AnimList=PIFPIF
[Developer warning]Failed to parse INI file content: [ScorpionChelaWH]AnimList=ACIDBOOM
[Developer warning]Failed to parse INI file content: [CryoBeam2WH]InfDeathAnim=FREEZE
[Phobos] Failed to parse INI file content: [ULLTBFlame220]Shield.ReplaceOnly=LLTTKShield02 (Expected a valid boolean value [1, true, yes, 0, false, no])
[Phobos] Failed to parse INI file content: [ULLTBFlame]Shield.ReplaceOnly=PhaseShift,ImmolateShield2,ThorAddition,EnergyBarrier,IronParclose,godtankShield,BasaltShield,LLTTKShield02 (Expected a valid boolean value [1, true, yes, 0, false, no])
[Developer warning]Failed to parse INI file content: [ScorpionChelaXEWH]AnimList=ACIDBOOM
[Phobos] Failed to parse INI file content: [ULLTBSECD02Flame]Shield.ReplaceOnly=PhaseShift,ImmolateShield2,ThorAddition,EnergyBarrier,IronParclose,godtankShield,BasaltShield,LLTTKShield (Expected a valid boolean value [1, true, yes, 0, false, no])
[Developer warning]Failed to parse INI file content: [ScorpionBombXEWH]AnimList=ACIDBOOM
[Developer warning]Failed to parse INI file content: [105mmBishopSpeedE]Anim=VEMUZZLE
[Developer warning]Failed to parse INI file content: [105mmBishopE]Anim=VEMUZZLE
[Developer warning]Failed to parse INI file content: [NGEMPW]Anim=STDMUZZ
[Developer warning]Failed to parse INI file content: [MammothMissileStrike]Anim=REDFIRE
[Developer warning]Failed to parse INI file content: [MammothMissileStrikeE]Anim=REDFIRE
[Developer warning]Failed to parse INI file content: [RaiderAttack]Anim=RAIDERKILL
[Developer warning]Failed to parse INI file content: [RaiderAttackAA]Anim=RAIDERKILL
[Phobos] Failed to parse INI file content: [VortexPayload]ExtraWarheads=GAMNUKE02
[Phobos] Failed to parse INI file content: [ATFGDTBomber2]ExtraWarheads=ATFGDTBuildFixWH
[Developer warning]Failed to parse INI file content: [Sapper3]IvanBomb.Warhead=Mechanical1
[Developer warning]Failed to parse INI file content: [NeutronRifle]Beam.Color=130,200150 (Expected a valid R,G,B color)
[Phobos] Failed to parse INI file content: [NeutronRifle]Beam.Color=130,200150 (Expected a valid R,G,B color)
[Developer warning]Failed to parse INI file content: [Sapper1]IvanBomb.Warhead=Mechanical1
[Developer warning]Failed to parse INI file content: [OnaSapper]IvanBomb.Warhead=TeamkllWH
[Developer warning]Failed to parse INI file content: [ShockerSapper]IvanBomb.Warhead=TeamkllWH
[SIWIC] Buff [ASDOWNUP] 的属性 [Active.Auto.CheckFail.Type] 的值 "Reset" 是无效的 , 此处使用默认值
[Developer warning]Failed to parse INI file content: [CRNUKEWH]AnimList=MININUKE - added 11/30
[Phobos] Failed to parse INI file content: [ULLTBFlame3]Shield.ReplaceOnly=LLTTKShield (Expected a valid boolean value [1, true, yes, 0, false, no])
[Developer warning]Failed to parse INI file content: [OverloadDisableWH]EMP.Sparkles=EMP_FX02
[Developer warning]Failed to parse INI file content: [AsuraDeathWH]DamageAirThreshold=yes (Expected a valid number)
[Developer warning]Failed to parse INI file content: [ACVGunWH]AnimList=PIFPIF
[Developer warning]Failed to parse INI file content: [ScorpionChelaWH]AnimList=ACIDBOOM
[Developer warning]Failed to parse INI file content: [CryoBeam2WH]InfDeathAnim=FREEZE
[Phobos] Failed to parse INI file content: [ULLTBFlame220]Shield.ReplaceOnly=LLTTKShield02 (Expected a valid boolean value [1, true, yes, 0, false, no])
[Phobos] Failed to parse INI file content: [ULLTBFlame]Shield.ReplaceOnly=PhaseShift,ImmolateShield2,ThorAddition,EnergyBarrier,IronParclose,godtankShield,BasaltShield,LLTTKShield02 (Expected a valid boolean value [1, true, yes, 0, false, no])
[Developer warning]Failed to parse INI file content: [ScorpionChelaXEWH]AnimList=ACIDBOOM
[Phobos] Failed to parse INI file content: [ULLTBSECD02Flame]Shield.ReplaceOnly=PhaseShift,ImmolateShield2,ThorAddition,EnergyBarrier,IronParclose,godtankShield,BasaltShield,LLTTKShield (Expected a valid boolean value [1, true, yes, 0, false, no])
[Developer warning]Failed to parse INI file content: [ScorpionBombXEWH]AnimList=ACIDBOOM
Exception handler fired!
Exception C0000005 at 620908D3
