Initialized Ares version: 20.333.289
Ares requires a CPU with SSE support. Available.
Set Process Affinity: 1 (1)
Optimizing list of CD drives for NoCD mode.
[Phobos] Initialized version: Special merge Build #45+3_3
[Phobos] Modules presumably injected by Syringe:
Module cncnet5.dll  base address : 0x6BBC0000.
Module Ares.dll  base address : 0x67E40000.
Module Phobos.dll  base address : 0x5C360000.
Module SIWinterIsComing.dll  base address : 0x5BE80000.
Module Phobos.dll  base address : 0x6D7C0000.
Other modules:
Module "AcGenral.dll"  base address : 0x5C020000.
Module msvcrt.dll  base address : 0x75C20000.
Module sechost.dll.mui  base address : 0x76700000.
Module Win32u.DLL  base address : 0x752E0000.
Module gdi32  base address : 0x74EC0000.
Module gdi32  base address : 0x74DD0000.
Module msvcp_win.dll  base address : 0x76C80000.
Module ucrtbase.dll  base address : 0x76460000.
Module OLEAUT32.DLL  base address : 0x75990000.
Module SAMCLI.DLL  base address : 0x71180000.
Module VERSION.DLL  base address : 0x749E0000.
Module security.dll  base address : 0x73290000.
Module SRVCLI.DLL  base address : 0x6D0F0000.
Module NETUTILS.DLL  base address : 0x74100000.
Module imm32  base address : 0x76E00000.
Module ddraw.dll  base address : 0x6B7C0000.
Module DBGHELP.DLL  base address : 0x73500000.
Module DBGCORE.DLL  base address : 0x69ED0000.
Module mscoree.dll  base address : 0x6CA20000.
Module msvcp140.dll  base address : 0x52F60000.
Module vcruntime140.dll  base address : 0x543D0000.
[Phobos] Detected Ares 3.0.
Checking available disk space
Using GetDiskFreeSpaceEx
Free disk space is 38883 Mb
Init Encryption Keys.
Init_Keys - declarations
Init_Keys - Load
Init_Keys - Init fast key
 EXPANDMG99.MIX EXPANDMG93.MIX EXPANDMG92.MIX EXPANDMG69.MIX EXPANDMG68.MIX EXPANDMG67.MIX EXPANDMG66.MIX EXPANDMG65.MIX EXPANDMG64.MIX EXPANDMG63.MIX EXPANDMG62.MIX EXPANDMG61.MIX EXPANDMG60.MIX EXPANDMG20.MIX EXPANDMG06.MIX EXPANDMG04.MIX EXPANDMG03.MIX CACHE.MIX CACHE.MIX CACHE.MIX LOCAL.MIXMaxLabelLen = 31
Language: US
[Phobos] Applying AppIcon from "RESOURCES/CLIENTICON.ICO"
Focus_Restore()
Focus_Restore(): _MouseCaptured = false
Focus gained
Default
Default
Prep direct draw.
Prep direct draw.
SetDisplayMode: 1366x768x16
Checking hardware region fill capability...OK
Checking overlapped blit capability...Failed!
Display mode set
DSurface::Create_Primary
DSurface::AllowStretchBlits = true
DSurface::AllowHWFill = true
DSurface::Create_Primary - Creating surface
CreateSurface OK
DSurface::Create_Primary done
Allocating new surfaces
CompositeSurface (1198x768) VRAM ENABLE_3D
TileSurface (1198x768) VRAM ENABLE_3D
SidebarSurface (168x768) VRAM
HiddenSurface (1366x768) VRAM
AlternateSurface (1366x768) VRAM
Calc_Confining_Rect(0,0,1366,768)
Profile: CPU:1 (2712Mhz Pentium Pro)
Profile: RAM:10 (2048Mb)
Profile: VRAM:9 (16Mb)
Profile: VRAM speed:5 (0 blits per second)
Overall performance profile = 1
Main_Game
Init Game
Bootstrap.....LOADED NTRLMD.MIXLOADED NEUTRAL.MIX
event mempool size = 192000
 ...OK
Init Mouse
Init CDROM
Calling Force_CD_Available
Init Secondary Mixfiles....
 CONQMD.MIX CONQUER.MIX CAMEOMD.MIX CAMEO.MIX mapsmd03.mixMULTIMD.MIX THEME.MIX movmd03.mix ...OK
Init Campaigns
Init Heaps
Init Threads
Reading Game Settings
-------- Loading RA2MD.INI settings --------
GameSpeed = 1
Difficulty = 1
CampDifficulty = 0
ScrollMethod = 0
ScrollRate = 0
AutoScroll is ON
DetailLevel = 2
SideBar on RIGHT
Sidebar Text is ON
ActionLines are ON
ShowHidden is ON
ToolTips are ON
Resolution = 1366 X 768
StretchMovies is OFF
AllowHiRes is OFF
SoundVolume = 0.300000
VoiceVolume = 0.300000
ScoreVolume = 0.300000
ScoreRepeat is OFF
ScoreShuffle is ON
Emulated sound card latency default = 9
--------- Loading Ares global settings -----------
QuickExit is OFF
AllowMultiEngineer is OFF
CampaignList is OFF
ShowDebugCampaigns is OFF
Color count is 16
Mod is The Moment of Genesis (1.0.0) with FABCD527
--------- Complete -------------------------------
Init Anim System
Init Color Remap Tables
Creating TacticalMap
Reading SOUNDMD.INI
Reading EVAMD.INI
Reading THEMEMD.INI
Reading MOVIEMD.INI
Init Bulk Data
RadarClass::One_Time()
Set_View_Dimensions(0,0,1198,736)
Deleting ZBuffer
Allocating ZBuffer (1198x736)
Deleting ABuffer
Allocating ABuffer (1198x736)
MessageListClass::Init(Width: 1184)
MessageListClass::Set_Width(1190)
Set_View_Dimensions(exit)
Checking available disk space
Using GetDiskFreeSpaceEx
Free disk space is 38883 Mb
Session one time init. UniqueID is 42ce51f7
Init Rules
[Developer warning]An INI section inherits from section 'DisplaySD', which doesn't exist or has not been parsed yet.
Init random number
Seed is 47c7cc0a
Init Commands
Game Init Completed.
ExceptionReturnStack = 0019D474
ExceptionReturnAddress = 0048CDA8
Init random number
Seed is 47c7cc87
WinsockInterface constructed
WinsockInterface init.
About to call WSAStartup
Winsock initialised OK
Winsock version is 1.1
Found protocol Vmbus, max frame size is 0
Found protocol afunix, max frame size is 0
Found protocol UDP/IP, max frame size is 65527
Found protocol UDP/IPv6, max frame size is 65527
Found protocol UDP/IP, max frame size is 65527
Found protocol UDP/IP, max frame size is 65527
About to open primary UDP socket
About to bind the UDP socket to port 0
Socket option SO_RCVBUF set OK
Socket option SO_SNDBUF set OK
Primary UDP Socket init complete
IPX Manager: RetryDelta = 60
MaxAhead is 15
**** IPXManagerClass::Init ***
About to open primary UDP socket
About to bind the UDP socket to port 1234
Socket option SO_RCVBUF set OK
Socket option SO_SNDBUF set OK
Primary UDP Socket init complete
About to query the host name
About to call gethostbyname
Found local address: 26.251.59.195
Found local address: 192.168.0.114
About to open alternate UDP socket
About to bind the UDP socket
Socket option SO_RCVBUF set OK
Socket option SO_SNDBUF set OK
Alternate UDP Socket init complete
Processing sides.
Side 0: GDI 
  Americans
  Entente
Side 1: Nod 
  Russia
  China
  ASEAN
Side 2: ThirdSide 
  Confusion
  Defense
  Spread
Side 3: TraceRL 
  Rylade
Side 4: Civilian 
  Neutral
Side 5: Mutant 
  Special

----- Starting scnenario: spawnmap.ini -----
Player Count: 1
Reading scenario: spawnmap.ini
Sound frame size = 21504 bytes
Sound buffer size = 86016 bytes
Scen->IsRandom = false
 loadmd.MIXRead_Scenario_INI - Filename is spawnmap.ini
Clearing old scenario
Map.Init_Clear()
MapClass::Init_Clear entry
MapClass::Init_Clear done
RadarClass::Init_Clear
RadarClass::Init_Clear done
Logic.Init()
CurrentObjects.Clear()
Scen->Clear_All_Waypoints()
Init_Campaigns()
[Phobos] Multiplayer start waypoint found at cell 13753,4917
[Phobos] Multiplayer start waypoint found at cell 13753,4917
[Phobos] Multiplayer start waypoint found at cell 0,0
[Phobos] Multiplayer start waypoint found at cell 0,0
Assigning Starting Points for house 1 (Confusion)
Starting cell taken: 1 (99,58)
Converting 0 nodes.
Init theater TEMPERATE
Processing sides.
Side 0: GDI 
  Americans
  Entente
Side 1: Nod 
  Russia
  China
  ASEAN
Side 2: ThirdSide 
  Confusion
  Defense
  Spread
Side 3: TraceRL 
  Rylade
Side 4: Civilian 
  Neutral
Side 5: Mutant 
  Special
[Developer warning]Failed to parse INI file content: [PhaseShift]Armor=pstk2
[Phobos] Failed to parse INI file content: [PhaseShift]IdleAnim=NUEKANIM
[Developer warning]Failed to parse INI file content: [IronParclose]Armor=parclose
[Phobos] Failed to parse INI file content: [godtankShield]HitAnim=PLSMRING1
[Phobos] Failed to parse INI file content: [FLYGONTrailUAV02]Color=280,150,80 (Expected a valid R,G,B color)
[Phobos] Failed to parse INI file content: [FLAMEOYTrailUAV02]Color=280,150,80 (Expected a valid R,G,B color)
[Phobos] Failed to parse INI file content: [FLAMEOYTrailUAV22]Color=280,150,80 (Expected a valid R,G,B color)
[Phobos] Failed to parse INI file content: [HEADERTrailUAV02]Color=20,20,280 (Expected a valid R,G,B color)
[Phobos] Failed to parse INI file content: [HEADERTrailUAV22]Color=20,20,280 (Expected a valid R,G,B color)
[Phobos] Failed to parse INI file content: [ERDRLaser]Color=256,30,30 (Expected a valid R,G,B color)
[Phobos] Failed to parse INI file content: [BlimpTrailUAV22]Color=280,150,80 (Expected a valid R,G,B color)
[Phobos] Failed to parse INI file content: [ERDRLaser2]Color=286,10,10 (Expected a valid R,G,B color)
[Phobos] Failed to parse INI file content: [ELINAMedLaser2]Color=200,40,286 (Expected a valid R,G,B color)
[Phobos] Failed to parse INI file content: [ZEP2TrailUAV02]Color=280,150,80 (Expected a valid R,G,B color)
[Developer warning]An INI section inherits from section 'DisplaySD', which doesn't exist or has not been parsed yet.
[Developer warning]Failed to parse INI file content: [IronCurtainSpecial]SW.Designators=20
[Phobos] Failed to parse INI file content: [IronCurtainSpecial]SW.Designators=20
[Developer warning]Failed to parse INI file content: [ParaDropSpecial]Cursor=AmerParaDrop
[Developer warning]Failed to parse INI file content: [UniversalParaDropSpecial]Cursor=AmerParaDrop
[Developer warning]Failed to parse INI file content: [EnergyBarrierSpecial]Cursor=Glacial
[Developer warning]Failed to parse INI file content: [BenignGuidanceSpecial]Cursor=Glacial
[Developer warning]Failed to parse INI file content: [MalignantPulseSpecial]Cursor=Glacial
[Developer warning]Failed to parse INI file content: [IronParcloseSpecial]Cursor=Glacial
[Developer warning]Failed to parse INI file content: [IronParcloseSpecial]SidebarPCX=icon.pcx (PCX file not found.)
[Phobos] Failed to parse INI file content: [IronParcloseSpecial]SidebarPCX=icon.pcx (PCX file not found.)
[Developer warning]Failed to parse INI file content: [IronCurtainSpecial02]SW.Designators=20
[Phobos] Failed to parse INI file content: [IronCurtainSpecial02]SW.Designators=20
[Developer warning]Failed to parse INI file content: [GAREFNAnimSpecial]SW.Warhead=Special2
[Phobos] Failed to parse INI file content: [MagneticGlory]SW.Next=MagneticGlory2
[Developer warning]Failed to parse INI file content: [TENTACLE1]Weapon=TentacleWeapon
[Developer warning]Failed to parse INI file content: [GATECH]SuperWeapons=EnergyEnhanceSpecial
[Phobos] Failed to parse INI file content: [GATECH]SuperWeapons=EnergyEnhanceSpecial
[Developer warning]Failed to parse INI file content: [NACLON]DamageParticleSystems=SmallGreySmokeSys
[Developer warning]Failed to parse INI file content: [CACITY02]Foundation=5x4
[Developer warning]Failed to parse INI file content: [CACITY02]Foundation=5x4
[Developer warning]Failed to parse INI file content: [YAGRND]DamageParticleSystems=SmallGreySmokeSys
[Developer warning]Failed to parse INI file content: [GAZBDL]FactoryOwners=Arbitration
[Developer warning]Failed to parse INI file content: [GABHMI]Insignia.Veteran=dummy (File could not be found)
[Developer warning]Failed to parse INI file content: [GABHMI]Insignia.Elite=dummy (File could not be found)
[Phobos] Failed to find file dummy.shp referenced by [GABHMI]Insignia.Veteran=dummy
[Phobos] Failed to find file dummy.shp referenced by [GABHMI]Insignia.Elite=dummy
[SIWIC] 在 [GABHMI] 中 , 属性 [Insignia.Veteran] 中存在无法载入的 shp 文件 : [dummy]
[SIWIC] 在 [GABHMI] 中 , 属性 [Insignia.Elite] 中存在无法载入的 shp 文件 : [dummy]
[Phobos] Failed to parse INI file content: [NAINDPCN]Grinding.AllowTypes=DTNK
[Phobos] Failed to parse INI file content: [NAINDPCN]Grinding.AllowTypes=MEDUSA
[Developer warning]Failed to parse INI file content: [TEBOLT]SuperWeapons=MagneticFallSpecial
[Phobos] Failed to parse INI file content: [TEBOLT]SuperWeapons=MagneticFallSpecial
[Developer warning]Failed to parse INI file content: [NASIOR]SuperWeapons=VehicleOverloadSpecial
[Phobos] Failed to parse INI file content: [NASIOR]SuperWeapons=VehicleOverloadSpecial
[Developer warning]Failed to parse INI file content: [YACLON]DamageParticleSystems=SmallGreySmokeSys
[Developer warning]Failed to parse INI file content: [ENTTER]CameoPCX=.pcx (PCX file not found.)
[Phobos] Failed to parse INI file content: [ENTTER]CameoPCX=.pcx (PCX file not found.)
[SIWIC] ENTTER
[Developer warning]Failed to parse INI file content: [SOVPALACE]CameoPCX=.pcx (PCX file not found.)
[Phobos] Failed to parse INI file content: [SOVPALACE]CameoPCX=.pcx (PCX file not found.)
[SIWIC] SOVPALACE
[Phobos] [Developer warning] [CAFSJ] has Palette=newbuild set but no palette file was loaded (missing file or wrong filename). Missing palettes cause issues with lighting recalculations.
[Developer warning]Failed to parse INI file content: [AILOCK]Armor=special
[Developer warning]Failed to parse INI file content: [MagneticBSG]SuperWeapons=MagneticGlory2
[Phobos] Failed to parse INI file content: [MagneticBSG]SuperWeapons=MagneticGlory2
[Developer warning]Failed to parse INI file content: [CABYCA]Foundation=4x1
[Developer warning]Failed to parse INI file content: [CABYCA]Foundation=4x1
[Developer warning]Failed to parse INI file content: [CABYCB]Foundation=4x1
[Developer warning]Failed to parse INI file content: [CABYCB]Foundation=4x1
[Developer warning]Failed to parse INI file content: [CABYCC]Foundation=4x1
[Developer warning]Failed to parse INI file content: [CABYCC]Foundation=4x1
[Developer warning]Failed to parse INI file content: [CABYCD]Foundation=4x1
[Developer warning]Failed to parse INI file content: [CABYCD]Foundation=4x1
[Developer warning]Failed to parse INI file content: [CABYCE]Foundation=4x1
[Developer warning]Failed to parse INI file content: [CABYCE]Foundation=4x1
[Developer warning]Failed to parse INI file content: [CABYCF]Foundation=4x1
[Developer warning]Failed to parse INI file content: [CABYCF]Foundation=4x1
[Developer warning]Failed to parse INI file content: [CABYCG]Foundation=4x1
[Developer warning]Failed to parse INI file content: [CABYCG]Foundation=4x1
[Developer warning]Failed to parse INI file content: [CABYCH]Foundation=4x1
[Developer warning]Failed to parse INI file content: [CABYCH]Foundation=4x1
[Developer warning]Failed to parse INI file content: [CABYCI]Foundation=4x1
[Developer warning]Failed to parse INI file content: [CABYCI]Foundation=4x1
[Developer warning]Failed to parse INI file content: [CABYCJ]Foundation=4x1
[Developer warning]Failed to parse INI file content: [CABYCJ]Foundation=4x1
[Developer warning]Failed to parse INI file content: [CABYCK]Foundation=4x1
[Developer warning]Failed to parse INI file content: [CABYCK]Foundation=4x1
[Developer warning]Failed to parse INI file content: [CABYCL]Foundation=4x1
[Developer warning]Failed to parse INI file content: [CABYCL]Foundation=4x1
[Developer warning]Failed to parse INI file content: [CABYCM]Foundation=4x1
[Developer warning]Failed to parse INI file content: [CABYCM]Foundation=4x1
[Developer warning]Failed to parse INI file content: [CABYCN]Foundation=4x1
[Developer warning]Failed to parse INI file content: [CABYCN]Foundation=4x1
[Developer warning]Failed to parse INI file content: [CABYCO]Foundation=4x1
[Developer warning]Failed to parse INI file content: [CABYCO]Foundation=4x1
[Developer warning]Failed to parse INI file content: [BDRONE]Smoke.Anim=NOANIM
[Developer warning]Failed to parse INI file content: [CORTER_A]Armor=f_light
[Developer warning]Failed to parse INI file content: [FREEDOM_A]Armor=f_heavy
[Developer warning]Failed to parse INI file content: [A10_A]Armor=f_medium
[Developer warning]Failed to parse INI file content: [FLYGON_A]Armor=f_light
[Developer warning]Failed to parse INI file content: [Rubbish1]Armor=inviso
[Developer warning]Failed to parse INI file content: [Rubbish2]Armor=inviso
[Developer warning]Failed to parse INI file content: [Rubbish3]Armor=inviso
[Developer warning]Failed to parse INI file content: [Rubbish4]Armor=inviso
[Developer warning]Failed to parse INI file content: [Rubbish5]Armor=inviso
[Developer warning]Failed to parse INI file content: [FHZJ]Smoke.Anim=NOANIM
[Developer warning]Failed to parse INI file content: [HUNTERUAV]Armor=f_light
[Developer warning]Failed to parse INI file content: [HUNTERUAV]DamageParticleSystems=SmallIceSSys
[Developer warning]Failed to parse INI file content: [TENGER]DamageParticleSystems=SmallIceSSys
[Developer warning]Failed to parse INI file content: [UAV]Armor=f_light
[Developer warning]Failed to parse INI file content: [UAV2]Armor=f_light
[Developer warning]Failed to parse INI file content: [CNV3ROCKET]Missile.Weapon=V3Demobomb
[Developer warning]Failed to parse INI file content: [CNV3ROCKET]Missile.EliteWeapon=V3DemobombE
[Phobos] Replacing image for BEEFK with HTNK.
[Phobos] Replacing image for BEEFK with HTNK.
[Phobos] Replacing image for ROBO with ROBO.
[Developer warning]Failed to parse INI file content: [ABRT]Insignia.Veteran=dummy (File could not be found)
[Developer warning]Failed to parse INI file content: [ABRT]Insignia.Elite=dummy (File could not be found)
[Developer warning]Failed to parse INI file content: [ABRT]FactoryOwners=Arbitration
[Phobos] Failed to find file dummy.shp referenced by [ABRT]Insignia.Veteran=dummy
[Phobos] Failed to find file dummy.shp referenced by [ABRT]Insignia.Elite=dummy
[SIWIC] 在 [ABRT] 中 , 属性 [Insignia.Veteran] 中存在无法载入的 shp 文件 : [dummy]
[SIWIC] 在 [ABRT] 中 , 属性 [Insignia.Elite] 中存在无法载入的 shp 文件 : [dummy]
[Developer warning]Failed to parse INI file content: [SREF2]CameoPCX=.pcx (PCX file not found.)
[Developer warning]Failed to parse INI file content: [SREF2]AltCameoPCX=.pcx (PCX file not found.)
[Phobos] Failed to parse INI file content: [SREF2]CameoPCX=.pcx (PCX file not found.)
[SIWIC] SREF2
[Developer warning]Failed to parse INI file content: [BHRB]Insignia.Veteran=dummy (File could not be found)
[Developer warning]Failed to parse INI file content: [BHRB]Insignia.Elite=dummy (File could not be found)
[Developer warning]Failed to parse INI file content: [BHRB]Parachute.Anim=PARACHTD
[Phobos] Failed to find file dummy.shp referenced by [BHRB]Insignia.Veteran=dummy
[Phobos] Failed to find file dummy.shp referenced by [BHRB]Insignia.Elite=dummy
[SIWIC] 在 [BHRB] 中 , 属性 [Insignia.Veteran] 中存在无法载入的 shp 文件 : [dummy]
[SIWIC] 在 [BHRB] 中 , 属性 [Insignia.Elite] 中存在无法载入的 shp 文件 : [dummy]
[Developer warning]Failed to parse INI file content: [HYAENAD]CameoPCX=.pcx (PCX file not found.)
[Developer warning]Failed to parse INI file content: [HYAENAD]AltCameoPCX=.pcx (PCX file not found.)
[Phobos] Failed to parse INI file content: [HYAENAD]CameoPCX=.pcx (PCX file not found.)
[SIWIC] HYAENAD
[Developer warning]Failed to parse INI file content: [SUTNTK]AltCameoPCX=sutntk2.pcx (PCX file not found.)
[Developer warning]Failed to parse INI file content: [YMIN]DamageParticleSystems=YellowSmallSys
[Developer warning]Failed to parse INI file content: [YMON]DamageParticleSystems=YellowSmallSys
[Developer warning]Failed to parse INI file content: [YMON]CameoPCX=.pcx (PCX file not found.)
[Developer warning]Failed to parse INI file content: [YMON]AltCameoPCX=.pcx (PCX file not found.)
[Phobos] Failed to parse INI file content: [YMON]CameoPCX=.pcx (PCX file not found.)
[SIWIC] YMON
[Developer warning]Failed to parse INI file content: [RCMTC]AltCameoPCX=zcwrjicona,pcx (PCX file not found.)
[Developer warning]Failed to parse INI file content: [MIND]WaterImage=MINDWR
[Developer warning]Failed to parse INI file content: [YMCVE]AltCameoPCX=pcx.pcx (PCX file not found.)
[Developer warning]Failed to parse INI file content: [SADS]Armor=n_heavy
[Phobos] Replacing image for ROBO with ROBO.
[Phobos] Replacing image for BEEFK with HTNK.
[Phobos] Replacing image for BEEFK with HTNK.
[Phobos] Replacing image for BEEFK with HTNK.
[Developer warning]Failed to parse INI file content: [SREF2]CameoPCX=.pcx (PCX file not found.)
[Developer warning]Failed to parse INI file content: [SREF2]AltCameoPCX=.pcx (PCX file not found.)
[Phobos] Failed to parse INI file content: [SREF2]CameoPCX=.pcx (PCX file not found.)
[SIWIC] SREF2
[Developer warning]Failed to parse INI file content: [GGIFIX]CameoPCX=gdgiicon.pcx (PCX file not found.)
[Developer warning]Failed to parse INI file content: [GGIFIX]AltCameoPCX=gdgiuico.pcx (PCX file not found.)
[Phobos] Failed to parse INI file content: [GGIFIX]CameoPCX=gdgiicon.pcx (PCX file not found.)
[SIWIC] GGIFIX
[Phobos] Failed to parse INI file content: [ASTARTE]PipWrap=red (Expected a valid number)
[Phobos] Failed to parse INI file content: [ASTARTEX]PipWrap=red (Expected a valid number)
[Developer warning]Failed to parse INI file content: [E2]Armor=garrison
[Phobos] Replacing image for SDOG with DOG.
[Developer warning]Failed to parse INI file content: [LUNR]Prerequisite=NAPILE
[Phobos] Replacing image for LUNR with LUNR.
[Developer warning]Failed to parse INI file content: [MOBSTER_1]CameoPCX=jam.pcx (PCX file not found.)
[Developer warning]Failed to parse INI file content: [MOBSTER_1]AltCameoPCX=jam.pcx (PCX file not found.)
[Phobos] Failed to parse INI file content: [MOBSTER_1]CameoPCX=jam.pcx (PCX file not found.)
[SIWIC] MOBSTER_1
[Developer warning]Failed to parse INI file content: [MOUSE]CameoPCX=.pcx (PCX file not found.)
[Developer warning]Failed to parse INI file content: [MOUSE]AltCameoPCX=.pcx (PCX file not found.)
[Phobos] Failed to parse INI file content: [MOUSE]CameoPCX=.pcx (PCX file not found.)
[SIWIC] MOUSE
[Developer warning]Failed to parse INI file content: [SCOIONX]Armor=white
[Developer warning]Failed to parse INI file content: [MOBSTER_1]CameoPCX=jam.pcx (PCX file not found.)
[Developer warning]Failed to parse INI file content: [MOBSTER_1]AltCameoPCX=jam.pcx (PCX file not found.)
[Phobos] Failed to parse INI file content: [MOBSTER_1]CameoPCX=jam.pcx (PCX file not found.)
[SIWIC] MOBSTER_1
[Developer warning]Failed to parse INI file content: [MOBSTER_1]CameoPCX=jam.pcx (PCX file not found.)
[Developer warning]Failed to parse INI file content: [MOBSTER_1]AltCameoPCX=jam.pcx (PCX file not found.)
[Phobos] Failed to parse INI file content: [MOBSTER_1]CameoPCX=jam.pcx (PCX file not found.)
[SIWIC] MOBSTER_1
[Developer warning]Failed to parse INI file content: [MEDIC]AltCameoPCX=.pcx (PCX file not found.)
[Developer warning]Failed to parse INI file content: [E2union]Armor=garrison
[Phobos] Replacing image for CAML with JOSH.
[Phobos] Replacing image for DNOB with DNOB.
[Phobos] Failed to parse INI file content: [HUISDEN]ExtraWarheads=HUISD554
[Phobos] Failed to parse INI file content: [HUISDCment]ExtraWarheads=HUISD554
[Developer warning]Failed to parse INI file content: [105mmBishopSpeedE]Anim=VEMUZZLE
[Developer warning]Failed to parse INI file content: [105mmBishopE]Anim=VEMUZZLE
[Developer warning]Failed to parse INI file content: [NGEMPW]Anim=STDMUZZ
[Developer warning]Failed to parse INI file content: [MammothMissileStrike]Anim=REDFIRE
[Developer warning]Failed to parse INI file content: [MammothMissileStrikeE]Anim=REDFIRE
[Developer warning]Failed to parse INI file content: [RaiderAttack]Anim=RAIDERKILL
[Developer warning]Failed to parse INI file content: [RaiderAttackAA]Anim=RAIDERKILL
[Phobos] Failed to parse INI file content: [VortexPayload]ExtraWarheads=GAMNUKE02
[Phobos] Failed to parse INI file content: [ATFGDTBomber2]ExtraWarheads=ATFGDTBuildFixWH
[Developer warning]Failed to parse INI file content: [Sapper3]IvanBomb.Warhead=Mechanical1
[Developer warning]Failed to parse INI file content: [NeutronRifle]Beam.Color=130,200150 (Expected a valid R,G,B color)
[Phobos] Failed to parse INI file content: [NeutronRifle]Beam.Color=130,200150 (Expected a valid R,G,B color)
[Developer warning]Failed to parse INI file content: [Sapper1]IvanBomb.Warhead=Mechanical1
[Developer warning]Failed to parse INI file content: [OnaSapper]IvanBomb.Warhead=TeamkllWH
[Developer warning]Failed to parse INI file content: [ShockerSapper]IvanBomb.Warhead=TeamkllWH
[Phobos] [Developer warning] [InvisibleHighLI] has Trajectory set together with ROT value other than 0. ROT has been set to 0.
[Phobos] [Developer warning] [CorruptorMissileProj] has Trajectory set together with ROT value other than 0. ROT has been set to 0.
[Phobos] [Developer warning] [FlyDragonMissileProj] has Trajectory set together with ROT value other than 0. ROT has been set to 0.
[Phobos] [Developer warning] [PlotevmaMissileProj] has Trajectory set together with ROT value other than 0. ROT has been set to 0.
[Phobos] Failed to parse INI file content: [HellArcShipCannonProj]SubjectToCliffs=uo (Expected a valid boolean value [1, true, yes, 0, false, no])
[Phobos] Failed to parse INI file content: [ArmorMissileProj]Cluster=yes (Expected a valid number)
[Phobos] [Developer warning] [PlotevmaMissileAAProj] has Trajectory set together with ROT value other than 0. ROT has been set to 0.
[Phobos] [Developer warning] [EADERGMissileProj] has Trajectory set together with Vertical. Vertical has been set to false.
[Developer warning]Failed to parse INI file content: [CRNUKEWH]AnimList=MININUKE - added 11/30
[Phobos] Failed to parse INI file content: [ULLTBFlame3]Shield.ReplaceOnly=LLTTKShield (Expected a valid boolean value [1, true, yes, 0, false, no])
[Developer warning]Failed to parse INI file content: [OverloadDisableWH]EMP.Sparkles=EMP_FX02
[Developer warning]Failed to parse INI file content: [AsuraDeathWH]DamageAirThreshold=yes (Expected a valid number)
[Developer warning]Failed to parse INI file content: [ACVGunWH]AnimList=PIFPIF
[Developer warning]Failed to parse INI file content: [ScorpionChelaWH]AnimList=ACIDBOOM
[Developer warning]Failed to parse INI file content: [CryoBeam2WH]InfDeathAnim=FREEZE
[Phobos] Failed to parse INI file content: [ULLTBFlame220]Shield.ReplaceOnly=LLTTKShield02 (Expected a valid boolean value [1, true, yes, 0, false, no])
[Phobos] Failed to parse INI file content: [ULLTBFlame]Shield.ReplaceOnly=PhaseShift,ImmolateShield2,ThorAddition,EnergyBarrier,IronParclose,godtankShield,BasaltShield,LLTTKShield02 (Expected a valid boolean value [1, true, yes, 0, false, no])
[Developer warning]Failed to parse INI file content: [ScorpionChelaXEWH]AnimList=ACIDBOOM
[Phobos] Failed to parse INI file content: [ULLTBSECD02Flame]Shield.ReplaceOnly=PhaseShift,ImmolateShield2,ThorAddition,EnergyBarrier,IronParclose,godtankShield,BasaltShield,LLTTKShield (Expected a valid boolean value [1, true, yes, 0, false, no])
[Developer warning]Failed to parse INI file content: [ScorpionBombXEWH]AnimList=ACIDBOOM
[Developer warning]Failed to parse INI file content: [105mmBishopSpeedE]Anim=VEMUZZLE
[Developer warning]Failed to parse INI file content: [105mmBishopE]Anim=VEMUZZLE
[Developer warning]Failed to parse INI file content: [NGEMPW]Anim=STDMUZZ
[Developer warning]Failed to parse INI file content: [MammothMissileStrike]Anim=REDFIRE
[Developer warning]Failed to parse INI file content: [MammothMissileStrikeE]Anim=REDFIRE
[Developer warning]Failed to parse INI file content: [RaiderAttack]Anim=RAIDERKILL
[Developer warning]Failed to parse INI file content: [RaiderAttackAA]Anim=RAIDERKILL
[Phobos] Failed to parse INI file content: [VortexPayload]ExtraWarheads=GAMNUKE02
[Phobos] Failed to parse INI file content: [ATFGDTBomber2]ExtraWarheads=ATFGDTBuildFixWH
[Developer warning]Failed to parse INI file content: [Sapper3]IvanBomb.Warhead=Mechanical1
[Developer warning]Failed to parse INI file content: [NeutronRifle]Beam.Color=130,200150 (Expected a valid R,G,B color)
[Phobos] Failed to parse INI file content: [NeutronRifle]Beam.Color=130,200150 (Expected a valid R,G,B color)
[Developer warning]Failed to parse INI file content: [Sapper1]IvanBomb.Warhead=Mechanical1
[Developer warning]Failed to parse INI file content: [OnaSapper]IvanBomb.Warhead=TeamkllWH
[Developer warning]Failed to parse INI file content: [ShockerSapper]IvanBomb.Warhead=TeamkllWH
[SIWIC] Buff [ASDOWNUP] 的属性 [Active.Auto.CheckFail.Type] 的值 "Reset" 是无效的 , 此处使用默认值
[Developer warning]Failed to parse INI file content: [CRNUKEWH]AnimList=MININUKE - added 11/30
[Phobos] Failed to parse INI file content: [ULLTBFlame3]Shield.ReplaceOnly=LLTTKShield (Expected a valid boolean value [1, true, yes, 0, false, no])
[Developer warning]Failed to parse INI file content: [OverloadDisableWH]EMP.Sparkles=EMP_FX02
[Developer warning]Failed to parse INI file content: [AsuraDeathWH]DamageAirThreshold=yes (Expected a valid number)
[Developer warning]Failed to parse INI file content: [ACVGunWH]AnimList=PIFPIF
[Developer warning]Failed to parse INI file content: [ScorpionChelaWH]AnimList=ACIDBOOM
[Developer warning]Failed to parse INI file content: [CryoBeam2WH]InfDeathAnim=FREEZE
[Phobos] Failed to parse INI file content: [ULLTBFlame220]Shield.ReplaceOnly=LLTTKShield02 (Expected a valid boolean value [1, true, yes, 0, false, no])
[Phobos] Failed to parse INI file content: [ULLTBFlame]Shield.ReplaceOnly=PhaseShift,ImmolateShield2,ThorAddition,EnergyBarrier,IronParclose,godtankShield,BasaltShield,LLTTKShield02 (Expected a valid boolean value [1, true, yes, 0, false, no])
[Developer warning]Failed to parse INI file content: [ScorpionChelaXEWH]AnimList=ACIDBOOM
[Phobos] Failed to parse INI file content: [ULLTBSECD02Flame]Shield.ReplaceOnly=PhaseShift,ImmolateShield2,ThorAddition,EnergyBarrier,IronParclose,godtankShield,BasaltShield,LLTTKShield (Expected a valid boolean value [1, true, yes, 0, false, no])
[Developer warning]Failed to parse INI file content: [ScorpionBombXEWH]AnimList=ACIDBOOM
Processing sides.
[Phobos] Failed to parse INI file content: [FLYGONTrailUAV02]Color=280,150,80 (Expected a valid R,G,B color)
[Phobos] Failed to parse INI file content: [FLAMEOYTrailUAV02]Color=280,150,80 (Expected a valid R,G,B color)
[Phobos] Failed to parse INI file content: [FLAMEOYTrailUAV22]Color=280,150,80 (Expected a valid R,G,B color)
[Phobos] Failed to parse INI file content: [HEADERTrailUAV02]Color=20,20,280 (Expected a valid R,G,B color)
[Phobos] Failed to parse INI file content: [HEADERTrailUAV22]Color=20,20,280 (Expected a valid R,G,B color)
[Phobos] Failed to parse INI file content: [ERDRLaser]Color=256,30,30 (Expected a valid R,G,B color)
[Phobos] Failed to parse INI file content: [BlimpTrailUAV22]Color=280,150,80 (Expected a valid R,G,B color)
[Phobos] Failed to parse INI file content: [ERDRLaser2]Color=286,10,10 (Expected a valid R,G,B color)
[Phobos] Failed to parse INI file content: [ELINAMedLaser2]Color=200,40,286 (Expected a valid R,G,B color)
[Phobos] Failed to parse INI file content: [ZEP2TrailUAV02]Color=280,150,80 (Expected a valid R,G,B color)
Processing sides.
[Phobos] Failed to parse INI file content: [FLYGONTrailUAV02]Color=280,150,80 (Expected a valid R,G,B color)
[Phobos] Failed to parse INI file content: [FLAMEOYTrailUAV02]Color=280,150,80 (Expected a valid R,G,B color)
[Phobos] Failed to parse INI file content: [FLAMEOYTrailUAV22]Color=280,150,80 (Expected a valid R,G,B color)
[Phobos] Failed to parse INI file content: [HEADERTrailUAV02]Color=20,20,280 (Expected a valid R,G,B color)
[Phobos] Failed to parse INI file content: [HEADERTrailUAV22]Color=20,20,280 (Expected a valid R,G,B color)
[Phobos] Failed to parse INI file content: [ERDRLaser]Color=256,30,30 (Expected a valid R,G,B color)
[Phobos] Failed to parse INI file content: [BlimpTrailUAV22]Color=280,150,80 (Expected a valid R,G,B color)
[Phobos] Failed to parse INI file content: [ERDRLaser2]Color=286,10,10 (Expected a valid R,G,B color)
[Phobos] Failed to parse INI file content: [ELINAMedLaser2]Color=200,40,286 (Expected a valid R,G,B color)
[Phobos] Failed to parse INI file content: [ZEP2TrailUAV02]Color=280,150,80 (Expected a valid R,G,B color)
Preparing Mixfiles for Side 02.
     Initilizing SIDEC03MD.MIX
     Initilizing SIDEC03.MIX
     Initilizing SIDENC03.MIX
RadarClass::Init_For_House()
[Developer notice]Counter attempted to overflow (given count of 583 exceeds maximum allowed count of 512).
[Developer notice]Counter attempted to overflow (given count of 732 exceeds maximum allowed count of 512).
[Developer notice]Counter attempted to overflow (given count of 583 exceeds maximum allowed count of 512).
[Developer notice]Counter attempted to overflow (given count of 732 exceeds maximum allowed count of 512).
[Developer notice]Counter attempted to overflow (given count of 732 exceeds maximum allowed count of 512).
[Developer notice]Counter attempted to overflow (given count of 583 exceeds maximum allowed count of 512).
[Developer notice]Counter attempted to overflow (given count of 732 exceeds maximum allowed count of 512).
[Developer notice]Counter attempted to overflow (given count of 583 exceeds maximum allowed count of 512).
[Developer notice]Counter attempted to overflow (given count of 732 exceeds maximum allowed count of 512).
[Developer notice]Counter attempted to overflow (given count of 732 exceeds maximum allowed count of 512).
[Developer notice]Counter attempted to overflow (given count of 583 exceeds maximum allowed count of 512).
[Developer notice]Counter attempted to overflow (given count of 732 exceeds maximum allowed count of 512).
[Developer notice]Counter attempted to overflow (given count of 583 exceeds maximum allowed count of 512).
[Developer notice]Counter attempted to overflow (given count of 732 exceeds maximum allowed count of 512).
[Developer notice]Counter attempted to overflow (given count of 732 exceeds maximum allowed count of 512).
[Developer notice]Counter attempted to overflow (given count of 583 exceeds maximum allowed count of 512).
[Developer notice]Counter attempted to overflow (given count of 732 exceeds maximum allowed count of 512).
[Developer notice]Counter attempted to overflow (given count of 583 exceeds maximum allowed count of 512).
[Developer notice]Counter attempted to overflow (given count of 732 exceeds maximum allowed count of 512).
[Developer notice]Counter attempted to overflow (given count of 732 exceeds maximum allowed count of 512).
MapClass::Init_Clear entry
MapClass::Init_Clear done
RadarClass::Init_Clear
RadarClass::Init_Clear done
Loaded 292 isometric tiles consuming 1985 Kb
[Phobos] Multiplayer start waypoint found at cell -9124,131
[Phobos] Multiplayer start waypoint found at cell -9124,131
Finished unit generation. Random number is 8834
Converting 0 nodes.
[Developer error][YDUM]SpeedType is invalid!
[Developer error][TRTNK_1]SpeedType is invalid!
[Developer error][TRTNK_2]SpeedType is invalid!
[Developer error][LZCHK]Passengers=2 and SizeLimit=0!
[Developer error][TENGOS]SpeedType is invalid!
[Developer error][CAOS,]SpeedType is invalid!
[Developer error][train1]SpeedType is invalid!
[Developer error][train2]SpeedType is invalid!
[Developer error][LZCHKunion]Passengers=2 and SizeLimit=0!
[Developer error]ShadowIndex on [BoltZEP]'s image is 1, but the HVA only has 1 sections.
[Developer error][VISC_LRG]SpeedType is invalid!
[Developer error][VISC_SML]SpeedType is invalid!
[Developer warning]Building Type [UFO] does not have a valid BuildCat set!
It was reset to Infrastructure, but you should really specify it explicitly.
[Developer error]Weapon[UltrasonicResonanceGunE] has no Warhead! This usually indicates one of two things:
- The weapon was created too late and its rules weren't read (see WEEDGUY hack);
- The weapon's name was misspelled.
[Developer error]Weapon[UltrasonicResonanceGunE] has no Projectile! This usually indicates one of two things:
- The weapon was created too late and its rules weren't read (see WEEDGUY hack);
- The weapon's name was misspelled.
[Developer error]Weapon[HEADERMissile03] has no Warhead! This usually indicates one of two things:
- The weapon was created too late and its rules weren't read (see WEEDGUY hack);
- The weapon's name was misspelled.
[Developer error]Weapon[HEADERMissile03] has no Projectile! This usually indicates one of two things:
- The weapon was created too late and its rules weren't read (see WEEDGUY hack);
- The weapon's name was misspelled.
[Developer error]Weapon[PEBTJab2] has no Warhead! This usually indicates one of two things:
- The weapon was created too late and its rules weren't read (see WEEDGUY hack);
- The weapon's name was misspelled.
[Developer error]Weapon[PEBTJab2] has no Projectile! This usually indicates one of two things:
- The weapon was created too late and its rules weren't read (see WEEDGUY hack);
- The weapon's name was misspelled.
[Developer error]Weapon[TentacleWeapon] has no Warhead! This usually indicates one of two things:
- The weapon was created too late and its rules weren't read (see WEEDGUY hack);
- The weapon's name was misspelled.
[Developer error]Weapon[TentacleWeapon] has no Projectile! This usually indicates one of two things:
- The weapon was created too late and its rules weren't read (see WEEDGUY hack);
- The weapon's name was misspelled.
[Developer warning]The [BuildingTypes] list contains more than 512 entries. This might result in unexpected behaviour and crashes.
[Developer warning]The [VehicleTypes] list contains more than 512 entries. This might result in unexpected behaviour and crashes.
MessageListClass::Init(Width: 1184)
     Releasing NEUTRAL.MIX
     Releasing NTRLMD.MIX
SoundVolume = 0.300000
VoiceVolume = 0.300000
ScoreVolume = 0.300000
ScoreRepeat is OFF
ScoreShuffle is ON
Theme::Stop(41) - Fading
Entering Create_Connections
IPX Manager: RetryDelta = 60
MaxAhead is 24
FD_WRITE - No OutBuffers left - nothing to do
FD_WRITE - No AltOutBuffers left - nothing to do
Tooltips are on.
Capture_Mouse()
Sound frame size = 11264 bytes
Sound buffer size = 45056 bytes
Sound frame size = 11264 bytes
Sound buffer size = 45056 bytes
Adding event DEPLOY
Sound frame size = 11264 bytes
Sound buffer size = 45056 bytes
Sound frame size = 11264 bytes
Sound buffer size = 45056 bytes
Sound frame size = 11264 bytes
Sound buffer size = 45056 bytes
Adding event PRODUCE
Adding event PLACE
Adding event PRODUCE
Create_One_Of...
Creating a new team named 'RUS T1 C 1'.
Create_One_Of...
Creating a new team named 'RUS T1 C 2'.
Adding event PLACE
Adding event PRODUCE
Adding event PLACE
Adding event PRODUCE
Adding event PRODUCE
Adding event PRODUCE
Adding event PRODUCE
Adding event PLACE
Adding event PRODUCE
Adding event PLACE
Adding event PLACE
Adding event PLACE
Sound frame size = 11264 bytes
Sound buffer size = 45056 bytes
Adding event PRODUCE
Create_One_Of...
Creating a new team named 'RUS T1 D 1'.
Create_One_Of...
Creating a new team named 'RUS T1 D 2'.
Create_One_Of...
Creating a new team named 'Power'.
Create_One_Of...
Creating a new team named 'Power'.
Adding event PRODUCE
Sound frame size = 11264 bytes
Sound buffer size = 45056 bytes
Adding event PLACE
Adding event PLACE
Adding event PLACE
Adding event PLACE
Adding event PRODUCE
Adding event PLACE
Adding event PLACE
Adding event PRODUCE
Adding event PRODUCE
Adding event PRODUCE
Adding event PLACE
Adding event PLACE
Adding event PRODUCE
Sound frame size = 23552 bytes
Sound buffer size = 94208 bytes
Adding event PLACE
Adding event PLACE
Adding event PLACE
Sound frame size = 11264 bytes
Sound buffer size = 45056 bytes
Adding event PRODUCE
Sound frame size = 23552 bytes
Sound buffer size = 94208 bytes
Sound frame size = 23552 bytes
Sound buffer size = 94208 bytes
Sound frame size = 23552 bytes
Sound buffer size = 94208 bytes
Adding event PLACE
Sound frame size = 23552 bytes
Sound buffer size = 94208 bytes
Create_One_Of...
Creating a new team named 'RUS T1 B 1'.
Create_One_Of...
Creating a new team named 'RUS T1 B 2'.
Adding event PLACE
Adding event PLACE
Sound frame size = 23552 bytes
Sound buffer size = 94208 bytes
Sound frame size = 11264 bytes
Sound buffer size = 45056 bytes
Adding event PLACE
Sound frame size = 23552 bytes
Sound buffer size = 94208 bytes
Sound frame size = 11264 bytes
Sound buffer size = 45056 bytes
Create_One_Of...
Creating a new team named 'USA T1 A 1'.
Create_One_Of...
Creating a new team named 'USA T1 A 2'.
Adding event PLACE
Sound frame size = 21504 bytes
Sound buffer size = 86016 bytes
Sound frame size = 21504 bytes
Sound buffer size = 86016 bytes
Sound frame size = 21504 bytes
Sound buffer size = 86016 bytes
Adding event PLACE
Sound frame size = 21504 bytes
Sound buffer size = 86016 bytes
Create_One_Of...
Creating a new team named 'RUS T1 C 1'.
Create_One_Of...
Creating a new team named 'RUS T1 C 2'.
Sound frame size = 21504 bytes
Sound buffer size = 86016 bytes
Sound frame size = 23552 bytes
Sound buffer size = 94208 bytes
Adding event PLACE
Adding event PLACE
Sound frame size = 21504 bytes
Sound buffer size = 86016 bytes
Adding event PLACE
Sound frame size = 21504 bytes
Sound buffer size = 86016 bytes
Sound frame size = 23552 bytes
Sound buffer size = 94208 bytes
Adding event IDLE
Adding event IDLE
Adding event IDLE
Adding event IDLE
Adding event IDLE
Adding event IDLE
Adding event IDLE
Adding event IDLE
Adding event IDLE
Sound frame size = 11264 bytes
Sound buffer size = 45056 bytes
Sound frame size = 11264 bytes
Sound buffer size = 45056 bytes
Sound frame size = 11264 bytes
Sound buffer size = 45056 bytes
Sound frame size = 11264 bytes
Sound buffer size = 45056 bytes
Sound frame size = 21504 bytes
Sound buffer size = 86016 bytes
Sound frame size = 21504 bytes
Sound buffer size = 86016 bytes
Sound frame size = 11264 bytes
Sound buffer size = 45056 bytes
Sound frame size = 11264 bytes
Sound buffer size = 45056 bytes
Sound frame size = 21504 bytes
Sound buffer size = 86016 bytes
Sound frame size = 11264 bytes
Sound buffer size = 45056 bytes
Sound frame size = 23552 bytes
Sound buffer size = 94208 bytes
Adding event PLACE
Sound frame size = 21504 bytes
Sound buffer size = 86016 bytes
Sound frame size = 11264 bytes
Sound buffer size = 45056 bytes
Sound frame size = 23552 bytes
Sound buffer size = 94208 bytes
Sound frame size = 23552 bytes
Sound buffer size = 94208 bytes
Sound frame size = 23552 bytes
Sound buffer size = 94208 bytes
Sound frame size = 23552 bytes
Sound buffer size = 94208 bytes
Sound frame size = 21504 bytes
Sound buffer size = 86016 bytes
Sound frame size = 23552 bytes
Sound buffer size = 94208 bytes
Adding event PLACE
Create_One_Of...
Creating a new team named 'Power'.
Create_One_Of...
Creating a new team named 'Power'.
Sound frame size = 21504 bytes
Sound buffer size = 86016 bytes
Sound frame size = 21504 bytes
Sound buffer size = 86016 bytes
Sound frame size = 11264 bytes
Sound buffer size = 45056 bytes
Sound frame size = 21504 bytes
Sound buffer size = 86016 bytes
Sound frame size = 21504 bytes
Sound buffer size = 86016 bytes
Sound frame size = 23552 bytes
Sound buffer size = 94208 bytes
Adding event PLACE
Adding event PLACE
Sound frame size = 21504 bytes
Sound buffer size = 86016 bytes
Sound frame size = 23552 bytes
Sound buffer size = 94208 bytes
Sound frame size = 11264 bytes
Sound buffer size = 45056 bytes
Sound frame size = 21504 bytes
Sound buffer size = 86016 bytes
Adding event PLACE
Adding event PRODUCE
Sound frame size = 11264 bytes
Sound buffer size = 45056 bytes
Sound frame size = 23552 bytes
Sound buffer size = 94208 bytes
Sound frame size = 11264 bytes
Sound buffer size = 45056 bytes
Sound frame size = 23552 bytes
Sound buffer size = 94208 bytes
Sound frame size = 21504 bytes
Sound buffer size = 86016 bytes
Sound frame size = 23552 bytes
Sound buffer size = 94208 bytes
Sound frame size = 21504 bytes
Sound buffer size = 86016 bytes
Sound frame size = 11264 bytes
Sound buffer size = 45056 bytes
Sound frame size = 11264 bytes
Sound buffer size = 45056 bytes
Sound frame size = 23552 bytes
Sound buffer size = 94208 bytes
Sound frame size = 21504 bytes
Sound buffer size = 86016 bytes
Sound frame size = 11264 bytes
Sound buffer size = 45056 bytes
Sound frame size = 11264 bytes
Sound buffer size = 45056 bytes
Sound frame size = 23552 bytes
Sound buffer size = 94208 bytes
Sound frame size = 23552 bytes
Sound buffer size = 94208 bytes
Sound frame size = 11264 bytes
Sound buffer size = 45056 bytes
Sound frame size = 23552 bytes
Sound buffer size = 94208 bytes
Sound frame size = 23552 bytes
Sound buffer size = 94208 bytes
Sound frame size = 23552 bytes
Sound buffer size = 94208 bytes
Sound frame size = 11264 bytes
Sound buffer size = 45056 bytes
Sound frame size = 11264 bytes
Sound buffer size = 45056 bytes
Sound frame size = 21504 bytes
Sound buffer size = 86016 bytes
Sound frame size = 23552 bytes
Sound buffer size = 94208 bytes
Sound frame size = 11264 bytes
Sound buffer size = 45056 bytes
Sound frame size = 21504 bytes
Sound buffer size = 86016 bytes
Sound frame size = 23552 bytes
Sound buffer size = 94208 bytes
Sound frame size = 21504 bytes
Sound buffer size = 86016 bytes
Adding event PRODUCE
Sound frame size = 11264 bytes
Sound buffer size = 45056 bytes
Sound frame size = 11264 bytes
Sound buffer size = 45056 bytes
Sound frame size = 11264 bytes
Sound buffer size = 45056 bytes
Create_One_Of...
Creating a new team named 'RUS T1 TK A 1'.
Create_One_Of...
Creating a new team named 'RUS T1 TK A 2'.
Sound frame size = 21504 bytes
Sound buffer size = 86016 bytes
Sound frame size = 11264 bytes
Sound buffer size = 45056 bytes
Sound frame size = 21504 bytes
Sound buffer size = 86016 bytes
Sound frame size = 21504 bytes
Sound buffer size = 86016 bytes
Sound frame size = 23552 bytes
Sound buffer size = 94208 bytes
Sound frame size = 11264 bytes
Sound buffer size = 45056 bytes
Sound frame size = 23552 bytes
Sound buffer size = 94208 bytes
Sound frame size = 21504 bytes
Sound buffer size = 86016 bytes
Sound frame size = 23552 bytes
Sound buffer size = 94208 bytes
Sound frame size = 11264 bytes
Sound buffer size = 45056 bytes
Sound frame size = 11264 bytes
Sound buffer size = 45056 bytes
Sound frame size = 11264 bytes
Sound buffer size = 45056 bytes
Sound frame size = 21504 bytes
Sound buffer size = 86016 bytes
Sound frame size = 21504 bytes
Sound buffer size = 86016 bytes
Sound frame size = 11264 bytes
Sound buffer size = 45056 bytes
Adding event PLACE
Sound frame size = 11264 bytes
Sound buffer size = 45056 bytes
Sound frame size = 21504 bytes
Sound buffer size = 86016 bytes
Sound frame size = 23552 bytes
Sound buffer size = 94208 bytes
Sound frame size = 23552 bytes
Sound buffer size = 94208 bytes
Sound frame size = 21504 bytes
Sound buffer size = 86016 bytes
Sound frame size = 11264 bytes
Sound buffer size = 45056 bytes
Sound frame size = 21504 bytes
Sound buffer size = 86016 bytes
Weapons factory bib clear - kicking out unit
Sound frame size = 23552 bytes
Sound buffer size = 94208 bytes
Sound frame size = 21504 bytes
Sound buffer size = 86016 bytes
Sound frame size = 23552 bytes
Sound buffer size = 94208 bytes
Sound frame size = 11264 bytes
Sound buffer size = 45056 bytes
Sound frame size = 21504 bytes
Sound buffer size = 86016 bytes
Create_One_Of...
Creating a new team named 'RUS T1 TK B 1'.
Create_One_Of...
Creating a new team named 'RUS T1 TK B 2'.
Sound frame size = 21504 bytes
Sound buffer size = 86016 bytes
Sound frame size = 11264 bytes
Sound buffer size = 45056 bytes
Sound frame size = 11264 bytes
Sound buffer size = 45056 bytes
Sound frame size = 23552 bytes
Sound buffer size = 94208 bytes
Sound frame size = 11264 bytes
Sound buffer size = 45056 bytes
Sound frame size = 21504 bytes
Sound buffer size = 86016 bytes
Sound frame size = 23552 bytes
Sound buffer size = 94208 bytes
Sound frame size = 23552 bytes
Sound buffer size = 94208 bytes
Sound frame size = 23552 bytes
Sound buffer size = 94208 bytes
Sound frame size = 11264 bytes
Sound buffer size = 45056 bytes
Sound frame size = 21504 bytes
Sound buffer size = 86016 bytes
Sound frame size = 23552 bytes
Sound buffer size = 94208 bytes
Sound frame size = 21504 bytes
Sound buffer size = 86016 bytes
Sound frame size = 23552 bytes
Sound buffer size = 94208 bytes
Adding event PLACE
Sound frame size = 11264 bytes
Sound buffer size = 45056 bytes
Sound frame size = 21504 bytes
Sound buffer size = 86016 bytes
Sound frame size = 11264 bytes
Sound buffer size = 45056 bytes
Sound frame size = 11264 bytes
Sound buffer size = 45056 bytes
Sound frame size = 21504 bytes
Sound buffer size = 86016 bytes
Sound frame size = 11264 bytes
Sound buffer size = 45056 bytes
Adding event PRODUCE
Sound frame size = 11264 bytes
Sound buffer size = 45056 bytes
Sound frame size = 23552 bytes
Sound buffer size = 94208 bytes
Sound frame size = 11264 bytes
Sound buffer size = 45056 bytes
Sound frame size = 21504 bytes
Sound buffer size = 86016 bytes
Sound frame size = 23552 bytes
Sound buffer size = 94208 bytes
Sound frame size = 23552 bytes
Sound buffer size = 94208 bytes
Sound frame size = 11264 bytes
Sound buffer size = 45056 bytes
Sound frame size = 11264 bytes
Sound buffer size = 45056 bytes
Sound frame size = 21504 bytes
Sound buffer size = 86016 bytes
Sound frame size = 23552 bytes
Sound buffer size = 94208 bytes
Sound frame size = 11264 bytes
Sound buffer size = 45056 bytes
Sound frame size = 23552 bytes
Sound buffer size = 94208 bytes
Sound frame size = 11264 bytes
Sound buffer size = 45056 bytes
Weapons factory bib clear - kicking out unit
Sound frame size = 11264 bytes
Sound buffer size = 45056 bytes
Sound frame size = 21504 bytes
Sound buffer size = 86016 bytes
Sound frame size = 21504 bytes
Sound buffer size = 86016 bytes
Sound frame size = 11264 bytes
Sound buffer size = 45056 bytes
Sound frame size = 11264 bytes
Sound buffer size = 45056 bytes
Sound frame size = 11264 bytes
Sound buffer size = 45056 bytes
Sound frame size = 21504 bytes
Sound buffer size = 86016 bytes
Sound frame size = 11264 bytes
Sound buffer size = 45056 bytes
Sound frame size = 23552 bytes
Sound buffer size = 94208 bytes
Sound frame size = 21504 bytes
Sound buffer size = 86016 bytes
Sound frame size = 23552 bytes
Sound buffer size = 94208 bytes
Adding event PRODUCE
Sound frame size = 21504 bytes
Sound buffer size = 86016 bytes
Sound frame size = 11264 bytes
Sound buffer size = 45056 bytes
Sound frame size = 23552 bytes
Sound buffer size = 94208 bytes
Sound frame size = 21504 bytes
Sound buffer size = 86016 bytes
Create_One_Of...
Creating a new team named 'RUS T1 TK D 1'.
Create_One_Of...
Creating a new team named 'RUS T1 TK D 2'.
Sound frame size = 11264 bytes
Sound buffer size = 45056 bytes
Sound frame size = 23552 bytes
Sound buffer size = 94208 bytes
Sound frame size = 21504 bytes
Sound buffer size = 86016 bytes
Sound frame size = 21504 bytes
Sound buffer size = 86016 bytes
Sound frame size = 11264 bytes
Sound buffer size = 45056 bytes
Sound frame size = 21504 bytes
Sound buffer size = 86016 bytes
Sound frame size = 21504 bytes
Sound buffer size = 86016 bytes
Sound frame size = 11264 bytes
Sound buffer size = 45056 bytes
Sound frame size = 23552 bytes
Sound buffer size = 94208 bytes
Sound frame size = 23552 bytes
Sound buffer size = 94208 bytes
Sound frame size = 11264 bytes
Sound buffer size = 45056 bytes
Adding event PLACE
Sound frame size = 11264 bytes
Sound buffer size = 45056 bytes
Sound frame size = 11264 bytes
Sound buffer size = 45056 bytes
Sound frame size = 11264 bytes
Sound buffer size = 45056 bytes
Sound frame size = 11264 bytes
Sound buffer size = 45056 bytes
Sound frame size = 21504 bytes
Sound buffer size = 86016 bytes
Sound frame size = 11264 bytes
Sound buffer size = 45056 bytes
Weapons factory bib clear - kicking out unit
Sound frame size = 21504 bytes
Sound buffer size = 86016 bytes
Adding event PRODUCE
Sound frame size = 11264 bytes
Sound buffer size = 45056 bytes
Sound frame size = 23552 bytes
Sound buffer size = 94208 bytes
Sound frame size = 21504 bytes
Sound buffer size = 86016 bytes
Sound frame size = 21504 bytes
Sound buffer size = 86016 bytes
Sound frame size = 11264 bytes
Sound buffer size = 45056 bytes
Sound frame size = 21504 bytes
Sound buffer size = 86016 bytes
Sound frame size = 11264 bytes
Sound buffer size = 45056 bytes
Sound frame size = 11264 bytes
Sound buffer size = 45056 bytes
Sound frame size = 21504 bytes
Sound buffer size = 86016 bytes
Sound frame size = 21504 bytes
Sound buffer size = 86016 bytes
Sound frame size = 11264 bytes
Sound buffer size = 45056 bytes
Sound frame size = 23552 bytes
Sound buffer size = 94208 bytes
Sound frame size = 11264 bytes
Sound buffer size = 45056 bytes
Sound frame size = 23552 bytes
Sound buffer size = 94208 bytes
Sound frame size = 11264 bytes
Sound buffer size = 45056 bytes
Sound frame size = 21504 bytes
Sound buffer size = 86016 bytes
Sound frame size = 11264 bytes
Sound buffer size = 45056 bytes
Sound frame size = 11264 bytes
Sound buffer size = 45056 bytes
Sound frame size = 11264 bytes
Sound buffer size = 45056 bytes
Create_One_Of...
Creating a new team named 'RUS T1 TK C 1'.
Create_One_Of...
Creating a new team named 'RUS T1 TK C 2'.
Sound frame size = 23552 bytes
Sound buffer size = 94208 bytes
Sound frame size = 11264 bytes
Sound buffer size = 45056 bytes
Adding event SUSPEND
Adding event ABANDON_ALL
(006abbda) : <human player> is abandoning production of Arkville Miner[YMIN]
Sound frame size = 11264 bytes
Sound buffer size = 45056 bytes
Sound frame size = 11264 bytes
Sound buffer size = 45056 bytes
Adding event PRODUCE
Weapons factory bib clear - kicking out unit
Sound frame size = 11264 bytes
Sound buffer size = 45056 bytes
Weapons factory bib clear - kicking out unit
Adding event PLACE
Adding event PLACE
Radar: TacticalMap availability is on
Radar: ACTIVATING
Adding event PRODUCE
Weapons factory bib clear - kicking out unit
Create_One_Of...
Creating a new team named 'USA T1 A 1'.
Create_One_Of...
Creating a new team named 'USA T1 A 2'.
Adding event PRODUCE
Adding event PRODUCE
Adding event PRODUCE
Adding event PRODUCE
Adding event PRODUCE
Adding event PRODUCE
Adding event PRODUCE
Adding event PRODUCE
Adding event SUSPEND
Adding event ABANDON
(006abbda) : <human player> is abandoning production of Arc Kinetic Energy Gun[YARCGUN]
Weapons factory bib clear - kicking out unit
Adding event PRODUCE
Create_One_Of...
Creating a new team named 'ENT T2 E 1'.
Create_One_Of...
Creating a new team named 'ENT T2 E 2'.
Adding event PLACE
Adding event PLACE
Weapons factory bib clear - kicking out unit
Adding event PLACE
Create_One_Of...
Creating a new team named 'RUS T2 B 1'.
Create_One_Of...
Creating a new team named 'RUS T2 B 2'.
Weapons factory bib clear - kicking out unit
Adding event PRODUCE
Create_One_Of...
Creating a new team named 'C T2 C23'.
Create_One_Of...
Creating a new team named 'C T2 C2 3'.
Adding event PLACE
Weapons factory bib clear - kicking out unit
Adding event PLACE
Weapons factory bib clear - kicking out unit
Adding event PRODUCE
Adding event ARCHIVE
Adding event PRODUCE
Weapons factory bib clear - kicking out unit
Adding event PLACE
Adding event PLACE
Create_One_Of...
Creating a new team named 'ENT T2 E 1'.
Create_One_Of...
Creating a new team named 'ENT T2 E 2'.
Adding event PLACE
Adding event PRODUCE
Adding event PLACE
Adding event PLACE
Adding event PLACE
Weapons factory bib clear - kicking out unit
Adding event PLACE
Weapons factory bib clear - kicking out unit
Adding event PLACE
Sound frame size = 11264 bytes
Sound buffer size = 45056 bytes
Weapons factory bib clear - kicking out unit
Adding event PLACE
Weapons factory bib clear - kicking out unit
Adding event PRODUCE
Weapons factory bib clear - kicking out unit
Adding event PLACE
Adding event PRODUCE
Weapons factory bib clear - kicking out unit
Weapons factory bib clear - kicking out unit
Adding event PLACE
Create_One_Of...
Creating a new team named 'RUS T1 B 1'.
Create_One_Of...
Creating a new team named 'RUS T1 B 2'.
Adding event PRODUCE
Adding event PLACE
Weapons factory bib clear - kicking out unit
Adding event PLACE
Weapons factory bib clear - kicking out unit
Create_One_Of...
Creating a new team named 'USA F T2 A 1'.
Create_One_Of...
Creating a new team named 'USA F T2 A 2'.
Sound frame size = 23552 bytes
Sound buffer size = 94208 bytes
Adding event PLACE
Adding event PLACE
Adding event PRODUCE
Create_One_Of...
Creating a new team named 'USA W 1 1'.
Create_One_Of...
Creating a new team named 'USA W 1 1'.
Weapons factory bib clear - kicking out unit
Create_One_Of...
Creating a new team named 'USA W 1 1'.
Create_One_Of...
Creating a new team named 'USA W 1 1'.
Adding event PLACE
Adding event PLACE
Weapons factory bib clear - kicking out unit
Create_One_Of...
Creating a new team named 'USA F T2 A 1'.
Create_One_Of...
Creating a new team named 'ENT F T2 A 2'.
Adding event PRODUCE
Adding event SPECIAL_PLACE
[LAUNCH] PsychicRevealSpecial
Adding event PLACE
Weapons factory bib clear - kicking out unit
Adding event PLACE
Create_One_Of...
Creating a new team named 'C T2 C23'.
Create_One_Of...
Creating a new team named 'C T2 C2 3'.
[LAUNCH] PsychicRevealSpecial
Weapons factory bib clear - kicking out unit
Adding event PLACE
Sound frame size = 11264 bytes
Sound buffer size = 45056 bytes
Weapons factory bib clear - kicking out unit
Sound frame size = 23552 bytes
Sound buffer size = 94208 bytes
Sound frame size = 11264 bytes
Sound buffer size = 45056 bytes
Adding event PLACE
Weapons factory bib clear - kicking out unit
Adding event PLACE
Weapons factory bib clear - kicking out unit
Adding event PRODUCE
Adding event PRODUCE
Weapons factory bib clear - kicking out unit
Weapons factory bib clear - kicking out unit
Adding event PLACE
Weapons factory bib clear - kicking out unit
Adding event PLACE
Create_One_Of...
Creating a new team named 'ENT T2 C 1'.
Create_One_Of...
Creating a new team named 'ENT T2 C 2'.
Create_One_Of...
Creating a new team named 'RUS T2 A 1'.
Create_One_Of...
Creating a new team named 'RUS T2 A 2'.
Weapons factory bib clear - kicking out unit
Adding event PLACE
Create_One_Of...
Creating a new team named 'C T2 C23'.
Create_One_Of...
Creating a new team named 'C T2 C2 3'.
Weapons factory bib clear - kicking out unit
[LAUNCH] ParaDropSpecial
Weapons factory bib clear - kicking out unit
Adding event PLACE
Weapons factory bib clear - kicking out unit
Sound frame size = 23552 bytes
Sound buffer size = 94208 bytes
Sound frame size = 23552 bytes
Sound buffer size = 94208 bytes
Sound frame size = 11264 bytes
Sound buffer size = 45056 bytes
Sound frame size = 23552 bytes
Sound buffer size = 94208 bytes
Sound frame size = 11264 bytes
Sound buffer size = 45056 bytes
Adding event PLACE
Weapons factory bib clear - kicking out unit
Adding event PRODUCE
[LAUNCH] PsychicRevealSpecial
Adding event PRODUCE
Adding event PRODUCE
Adding event PLACE
Adding event PLACE
Adding event PLACE
Adding event PRODUCE
Adding event PRODUCE
Adding event PRODUCE
Adding event PRODUCE
Adding event PLACE
Create_One_Of...
Creating a new team named 'ENT T2 D 1'.
Create_One_Of...
Creating a new team named 'ENT T2 D 2'.
Adding event PLACE
Adding event PLACE
Adding event PLACE
Adding event PLACE
Adding event PLACE
Sound frame size = 11264 bytes
Sound buffer size = 45056 bytes
Adding event PLACE
Weapons factory bib clear - kicking out unit
Adding event PLACE
Create_One_Of...
Creating a new team named 'C T2 C23'.
Create_One_Of...
Creating a new team named 'C T2 C2 3'.
Adding event PRODUCE
Adding event PLACE
Weapons factory bib clear - kicking out unit
Weapons factory bib clear - kicking out unit
Adding event PRODUCE
Sound frame size = 23552 bytes
Sound buffer size = 94208 bytes
Sound frame size = 11264 bytes
Sound buffer size = 45056 bytes
Sound frame size = 23552 bytes
Sound buffer size = 94208 bytes
Weapons factory bib clear - kicking out unit
Sound frame size = 11264 bytes
Sound buffer size = 45056 bytes
Sound frame size = 23552 bytes
Sound buffer size = 94208 bytes
Adding event PLACE
[Phobos] CreateUnit: Using stored turret facing 126
Weapons factory bib clear - kicking out unit
Sound frame size = 11264 bytes
Sound buffer size = 45056 bytes
Sound frame size = 23552 bytes
Sound buffer size = 94208 bytes
Sound frame size = 11264 bytes
Sound buffer size = 45056 bytes
Sound frame size = 23552 bytes
Sound buffer size = 94208 bytes
Create_One_Of...
Creating a new team named 'RUS T1 TK C 1'.
Create_One_Of...
Creating a new team named 'RUS T1 TK C 2'.
Sound frame size = 11264 bytes
Sound buffer size = 45056 bytes
Sound frame size = 23552 bytes
Sound buffer size = 94208 bytes
Sound frame size = 23552 bytes
Sound buffer size = 94208 bytes
Sound frame size = 11264 bytes
Sound buffer size = 45056 bytes
Weapons factory bib clear - kicking out unit
Sound frame size = 11264 bytes
Sound buffer size = 45056 bytes
Adding event PLACE
Warning.  A* without HS: (120,81) to (121, 80)
Warning.  A* without HS: (122,80) to (121, 80)
Sound frame size = 23552 bytes
Sound buffer size = 94208 bytes
Warning.  A* without HS: (120,81) to (121, 80)
Sound frame size = 11264 bytes
Sound buffer size = 45056 bytes
Sound frame size = 23552 bytes
Sound buffer size = 94208 bytes
Sound frame size = 11264 bytes
Sound buffer size = 45056 bytes
Sound frame size = 23552 bytes
Sound buffer size = 94208 bytes
Sound frame size = 23552 bytes
Sound buffer size = 94208 bytes
Sound frame size = 23552 bytes
Sound buffer size = 94208 bytes
Sound frame size = 23552 bytes
Sound buffer size = 94208 bytes
Sound frame size = 23552 bytes
Sound buffer size = 94208 bytes
Sound frame size = 23552 bytes
Sound buffer size = 94208 bytes
Sound frame size = 11264 bytes
Sound buffer size = 45056 bytes
Adding event PLACE
Weapons factory bib clear - kicking out unit
Sound frame size = 11264 bytes
Sound buffer size = 45056 bytes
Sound frame size = 23552 bytes
Sound buffer size = 94208 bytes
Sound frame size = 11264 bytes
Sound buffer size = 45056 bytes
Sound frame size = 23552 bytes
Sound buffer size = 94208 bytes
Sound frame size = 23552 bytes
Sound buffer size = 94208 bytes
Sound frame size = 23552 bytes
Sound buffer size = 94208 bytes
Sound frame size = 23552 bytes
Sound buffer size = 94208 bytes
Sound frame size = 23552 bytes
Sound buffer size = 94208 bytes
Sound frame size = 11264 bytes
Sound buffer size = 45056 bytes
Weapons factory bib clear - kicking out unit
Sound frame size = 23552 bytes
Sound buffer size = 94208 bytes
Sound frame size = 23552 bytes
Sound buffer size = 94208 bytes
Sound frame size = 11264 bytes
Sound buffer size = 45056 bytes
Sound frame size = 11264 bytes
Sound buffer size = 45056 bytes
Sound frame size = 11264 bytes
Sound buffer size = 45056 bytes
Sound frame size = 23552 bytes
Sound buffer size = 94208 bytes
Sound frame size = 11264 bytes
Sound buffer size = 45056 bytes
Sound frame size = 11264 bytes
Sound buffer size = 45056 bytes
Sound frame size = 11264 bytes
Sound buffer size = 45056 bytes
Adding event SELL
Sound frame size = 11264 bytes
Sound buffer size = 45056 bytes
Sound frame size = 23552 bytes
Sound buffer size = 94208 bytes
Sound frame size = 11264 bytes
Sound buffer size = 45056 bytes
Sound frame size = 23552 bytes
Sound buffer size = 94208 bytes
Sound frame size = 23552 bytes
Sound buffer size = 94208 bytes
Sound frame size = 11264 bytes
Sound buffer size = 45056 bytes
Sound frame size = 11264 bytes
Sound buffer size = 45056 bytes
Sound frame size = 23552 bytes
Sound buffer size = 94208 bytes
Sound frame size = 11264 bytes
Sound buffer size = 45056 bytes
Sound frame size = 21504 bytes
Sound buffer size = 86016 bytes
Sound frame size = 23552 bytes
Sound buffer size = 94208 bytes
[LAUNCH] ParaDropSpecial
Sound frame size = 11264 bytes
Sound buffer size = 45056 bytes
Sound frame size = 23552 bytes
Sound buffer size = 94208 bytes
Sound frame size = 11264 bytes
Sound buffer size = 45056 bytes
Sound frame size = 23552 bytes
Sound buffer size = 94208 bytes
Sound frame size = 23552 bytes
Sound buffer size = 94208 bytes
Sound frame size = 23552 bytes
Sound buffer size = 94208 bytes
Sound frame size = 11264 bytes
Sound buffer size = 45056 bytes
Sound frame size = 23552 bytes
Sound buffer size = 94208 bytes
Sound frame size = 23552 bytes
Sound buffer size = 94208 bytes
Sound frame size = 11264 bytes
Sound buffer size = 45056 bytes
Adding event DEPLOY
Sound frame size = 11264 bytes
Sound buffer size = 45056 bytes
Create_One_Of...
Creating a new team named 'C T2 C23'.
Create_One_Of...
Creating a new team named 'C T2 C2 3'.
Sound frame size = 11264 bytes
Sound buffer size = 45056 bytes
Sound frame size = 23552 bytes
Sound buffer size = 94208 bytes
Sound frame size = 11264 bytes
Sound buffer size = 45056 bytes
Weapons factory bib clear - kicking out unit
Sound frame size = 11264 bytes
Sound buffer size = 45056 bytes
Sound frame size = 23552 bytes
Sound buffer size = 94208 bytes
Sound frame size = 23552 bytes
Sound buffer size = 94208 bytes
Sound frame size = 23552 bytes
Sound buffer size = 94208 bytes
Sound frame size = 11264 bytes
Sound buffer size = 45056 bytes
Sound frame size = 11264 bytes
Sound buffer size = 45056 bytes
Adding event PLACE
Weapons factory bib clear - kicking out unit
Sound frame size = 11264 bytes
Sound buffer size = 45056 bytes
Sound frame size = 23552 bytes
Sound buffer size = 94208 bytes
Sound frame size = 11264 bytes
Sound buffer size = 45056 bytes
Sound frame size = 23552 bytes
Sound buffer size = 94208 bytes
Sound frame size = 11264 bytes
Sound buffer size = 45056 bytes
Sound frame size = 23552 bytes
Sound buffer size = 94208 bytes
Sound frame size = 11264 bytes
Sound buffer size = 45056 bytes
Sound frame size = 23552 bytes
Sound buffer size = 94208 bytes
Sound frame size = 11264 bytes
Sound buffer size = 45056 bytes
Sound frame size = 23552 bytes
Sound buffer size = 94208 bytes
Sound frame size = 11264 bytes
Sound buffer size = 45056 bytes
Sound frame size = 23552 bytes
Sound buffer size = 94208 bytes
Sound frame size = 11264 bytes
Sound buffer size = 45056 bytes
Sound frame size = 23552 bytes
Sound buffer size = 94208 bytes
Sound frame size = 11264 bytes
Sound buffer size = 45056 bytes
Sound frame size = 23552 bytes
Sound buffer size = 94208 bytes
Sound frame size = 11264 bytes
Sound buffer size = 45056 bytes
Sound frame size = 23552 bytes
Sound buffer size = 94208 bytes
Sound frame size = 23552 bytes
Sound buffer size = 94208 bytes
Sound frame size = 11264 bytes
Sound buffer size = 45056 bytes
Sound frame size = 11264 bytes
Sound buffer size = 45056 bytes
Sound frame size = 23552 bytes
Sound buffer size = 94208 bytes
Sound frame size = 11264 bytes
Sound buffer size = 45056 bytes
Sound frame size = 23552 bytes
Sound buffer size = 94208 bytes
Sound frame size = 23552 bytes
Sound buffer size = 94208 bytes
Sound frame size = 11264 bytes
Sound buffer size = 45056 bytes
Sound frame size = 23552 bytes
Sound buffer size = 94208 bytes
Sound frame size = 11264 bytes
Sound buffer size = 45056 bytes
Sound frame size = 11264 bytes
Sound buffer size = 45056 bytes
Sound frame size = 23552 bytes
Sound buffer size = 94208 bytes
Sound frame size = 11264 bytes
Sound buffer size = 45056 bytes
Sound frame size = 23552 bytes
Sound buffer size = 94208 bytes
Sound frame size = 23552 bytes
Sound buffer size = 94208 bytes
Sound frame size = 11264 bytes
Sound buffer size = 45056 bytes
Sound frame size = 23552 bytes
Sound buffer size = 94208 bytes
Sound frame size = 11264 bytes
Sound buffer size = 45056 bytes
Sound frame size = 11264 bytes
Sound buffer size = 45056 bytes
Sound frame size = 23552 bytes
Sound buffer size = 94208 bytes
Sound frame size = 23552 bytes
Sound buffer size = 94208 bytes
Sound frame size = 23552 bytes
Sound buffer size = 94208 bytes
Sound frame size = 11264 bytes
Sound buffer size = 45056 bytes
Sound frame size = 23552 bytes
Sound buffer size = 94208 bytes
Sound frame size = 23552 bytes
Sound buffer size = 94208 bytes
Sound frame size = 11264 bytes
Sound buffer size = 45056 bytes
Sound frame size = 23552 bytes
Sound buffer size = 94208 bytes
Sound frame size = 23552 bytes
Sound buffer size = 94208 bytes
Sound frame size = 23552 bytes
Sound buffer size = 94208 bytes
Sound frame size = 11264 bytes
Sound buffer size = 45056 bytes
Weapons factory bib clear - kicking out unit
Sound frame size = 11264 bytes
Sound buffer size = 45056 bytes
Sound frame size = 11264 bytes
Sound buffer size = 45056 bytes
[LAUNCH] WarChestSpecial
Sound frame size = 11264 bytes
Sound buffer size = 45056 bytes
Sound frame size = 23552 bytes
Sound buffer size = 94208 bytes
Sound frame size = 11264 bytes
Sound buffer size = 45056 bytes
Sound frame size = 23552 bytes
Sound buffer size = 94208 bytes
Adding event PRODUCE
Sound frame size = 23552 bytes
Sound buffer size = 94208 bytes
Sound frame size = 11264 bytes
Sound buffer size = 45056 bytes
Sound frame size = 11264 bytes
Sound buffer size = 45056 bytes
Sound frame size = 23552 bytes
Sound buffer size = 94208 bytes
Sound frame size = 11264 bytes
Sound buffer size = 45056 bytes
Sound frame size = 23552 bytes
Sound buffer size = 94208 bytes
Sound frame size = 11264 bytes
Sound buffer size = 45056 bytes
Sound frame size = 23552 bytes
Sound buffer size = 94208 bytes
Sound frame size = 11264 bytes
Sound buffer size = 45056 bytes
Sound frame size = 23552 bytes
Sound buffer size = 94208 bytes
[LAUNCH] PsychicRevealSpecial
Sound frame size = 11264 bytes
Sound buffer size = 45056 bytes
Sound frame size = 23552 bytes
Sound buffer size = 94208 bytes
Sound frame size = 21504 bytes
Sound buffer size = 86016 bytes
Sound frame size = 11264 bytes
Sound buffer size = 45056 bytes
Sound frame size = 23552 bytes
Sound buffer size = 94208 bytes
Sound frame size = 11264 bytes
Sound buffer size = 45056 bytes
Adding event PLACE
Sound frame size = 21504 bytes
Sound buffer size = 86016 bytes
Sound frame size = 11264 bytes
Sound buffer size = 45056 bytes
Sound frame size = 23552 bytes
Sound buffer size = 94208 bytes
Sound frame size = 21504 bytes
Sound buffer size = 86016 bytes
Sound frame size = 11264 bytes
Sound buffer size = 45056 bytes
Sound frame size = 23552 bytes
Sound buffer size = 94208 bytes
Sound frame size = 23552 bytes
Sound buffer size = 94208 bytes
Sound frame size = 21504 bytes
Sound buffer size = 86016 bytes
Sound frame size = 11264 bytes
Sound buffer size = 45056 bytes
Sound frame size = 23552 bytes
Sound buffer size = 94208 bytes
Adding event PLACE
Sound frame size = 21504 bytes
Sound buffer size = 86016 bytes
Weapons factory bib clear - kicking out unit
Sound frame size = 23552 bytes
Sound buffer size = 94208 bytes
Sound frame size = 21504 bytes
Sound buffer size = 86016 bytes
Sound frame size = 23552 bytes
Sound buffer size = 94208 bytes
Sound frame size = 11264 bytes
Sound buffer size = 45056 bytes
Sound frame size = 11264 bytes
Sound buffer size = 45056 bytes
Sound frame size = 23552 bytes
Sound buffer size = 94208 bytes
Sound frame size = 23552 bytes
Sound buffer size = 94208 bytes
Sound frame size = 11264 bytes
Sound buffer size = 45056 bytes
Sound frame size = 23552 bytes
Sound buffer size = 94208 bytes
Sound frame size = 11264 bytes
Sound buffer size = 45056 bytes
Adding event PLACE
Sound frame size = 11264 bytes
Sound buffer size = 45056 bytes
Sound frame size = 11264 bytes
Sound buffer size = 45056 bytes
Sound frame size = 23552 bytes
Sound buffer size = 94208 bytes
Weapons factory bib clear - kicking out unit
Sound frame size = 23552 bytes
Sound buffer size = 94208 bytes
Sound frame size = 21504 bytes
Sound buffer size = 86016 bytes
Sound frame size = 11264 bytes
Sound buffer size = 45056 bytes
Sound frame size = 23552 bytes
Sound buffer size = 94208 bytes
Sound frame size = 11264 bytes
Sound buffer size = 45056 bytes
Sound frame size = 11264 bytes
Sound buffer size = 45056 bytes
Sound frame size = 23552 bytes
Sound buffer size = 94208 bytes
Sound frame size = 23552 bytes
Sound buffer size = 94208 bytes
Sound frame size = 11264 bytes
Sound buffer size = 45056 bytes
Sound frame size = 11264 bytes
Sound buffer size = 45056 bytes
Sound frame size = 23552 bytes
Sound buffer size = 94208 bytes
Sound frame size = 21504 bytes
Sound buffer size = 86016 bytes
Sound frame size = 11264 bytes
Sound buffer size = 45056 bytes
Sound frame size = 11264 bytes
Sound buffer size = 45056 bytes
Sound frame size = 23552 bytes
Sound buffer size = 94208 bytes
Create_One_Of...
Creating a new team named 'USA W 1 1'.
Create_One_Of...
Creating a new team named 'USA W 1 1'.
Sound frame size = 23552 bytes
Sound buffer size = 94208 bytes
Sound frame size = 21504 bytes
Sound buffer size = 86016 bytes
Sound frame size = 11264 bytes
Sound buffer size = 45056 bytes
Sound frame size = 11264 bytes
Sound buffer size = 45056 bytes
Sound frame size = 11264 bytes
Sound buffer size = 45056 bytes
Sound frame size = 11264 bytes
Sound buffer size = 45056 bytes
Sound frame size = 11264 bytes
Sound buffer size = 45056 bytes
Sound frame size = 11264 bytes
Sound buffer size = 45056 bytes
Sound frame size = 11264 bytes
Sound buffer size = 45056 bytes
Sound frame size = 11264 bytes
Sound buffer size = 45056 bytes
Adding event PRODUCE
Create_One_Of...
Creating a new team named 'RUS T2 B 1'.
Create_One_Of...
Creating a new team named 'RUS T2 B 2'.
Adding event PRODUCE
Sound frame size = 23552 bytes
Sound buffer size = 94208 bytes
Weapons factory bib clear - kicking out unit
Sound frame size = 11264 bytes
Sound buffer size = 45056 bytes
Adding event PLACE
Weapons factory bib clear - kicking out unit
Sound frame size = 23552 bytes
Sound buffer size = 94208 bytes
Sound frame size = 11264 bytes
Sound buffer size = 45056 bytes
Sound frame size = 23552 bytes
Sound buffer size = 94208 bytes
Sound frame size = 11264 bytes
Sound buffer size = 45056 bytes
Weapons factory bib clear - kicking out unit
Adding event PRODUCE
Sound frame size = 11264 bytes
Sound buffer size = 45056 bytes
Sound frame size = 23552 bytes
Sound buffer size = 94208 bytes
Create_One_Of...
Creating a new team named 'C T2 C23'.
Create_One_Of...
Creating a new team named 'C T2 C2 3'.
Adding event PRODUCE
Adding event PRODUCE
Adding event PRODUCE
Adding event PLACE
Weapons factory bib clear - kicking out unit
Sound frame size = 11264 bytes
Sound buffer size = 45056 bytes
Sound frame size = 23552 bytes
Sound buffer size = 94208 bytes
Sound frame size = 23552 bytes
Sound buffer size = 94208 bytes
Weapons factory bib clear - kicking out unit
Sound frame size = 11264 bytes
Sound buffer size = 45056 bytes
Sound frame size = 11264 bytes
Sound buffer size = 45056 bytes
Sound frame size = 23552 bytes
Sound buffer size = 94208 bytes
Sound frame size = 23552 bytes
Sound buffer size = 94208 bytes
Sound frame size = 11264 bytes
Sound buffer size = 45056 bytes
Sound frame size = 11264 bytes
Sound buffer size = 45056 bytes
Weapons factory bib clear - kicking out unit
Sound frame size = 23552 bytes
Sound buffer size = 94208 bytes
Sound frame size = 23552 bytes
Sound buffer size = 94208 bytes
Weapons factory bib clear - kicking out unit
Sound frame size = 11264 bytes
Sound buffer size = 45056 bytes
Adding event PLACE
Weapons factory bib clear - kicking out unit
Sound frame size = 23552 bytes
Sound buffer size = 94208 bytes
Sound frame size = 11264 bytes
Sound buffer size = 45056 bytes
Adding event PLACE
Sound frame size = 11264 bytes
Sound buffer size = 45056 bytes
Weapons factory bib clear - kicking out unit
Sound frame size = 21504 bytes
Sound buffer size = 86016 bytes
Sound frame size = 23552 bytes
Sound buffer size = 94208 bytes
Sound frame size = 21504 bytes
Sound buffer size = 86016 bytes
Weapons factory bib clear - kicking out unit
Sound frame size = 21504 bytes
Sound buffer size = 86016 bytes
Sound frame size = 21504 bytes
Sound buffer size = 86016 bytes
Sound frame size = 11264 bytes
Sound buffer size = 45056 bytes
Sound frame size = 11264 bytes
Sound buffer size = 45056 bytes
Sound frame size = 11264 bytes
Sound buffer size = 45056 bytes
Sound frame size = 21504 bytes
Sound buffer size = 86016 bytes
Adding event PLACE
Sound frame size = 11264 bytes
Sound buffer size = 45056 bytes
Sound frame size = 21504 bytes
Sound buffer size = 86016 bytes
Adding event PRODUCE
[LAUNCH] ParaDropSpecial
Sound frame size = 23552 bytes
Sound buffer size = 94208 bytes
Sound frame size = 21504 bytes
Sound buffer size = 86016 bytes
Create_One_Of...
Creating a new team named 'RUS T2 A 1'.
Create_One_Of...
Creating a new team named 'RUS T2 A 2'.
Sound frame size = 11264 bytes
Sound buffer size = 45056 bytes
Sound frame size = 11264 bytes
Sound buffer size = 45056 bytes
Sound frame size = 21504 bytes
Sound buffer size = 86016 bytes
Weapons factory bib clear - kicking out unit
Sound frame size = 11264 bytes
Sound buffer size = 45056 bytes
Sound frame size = 11264 bytes
Sound buffer size = 45056 bytes
Sound frame size = 23552 bytes
Sound buffer size = 94208 bytes
Sound frame size = 11264 bytes
Sound buffer size = 45056 bytes
Sound frame size = 23552 bytes
Sound buffer size = 94208 bytes
Sound frame size = 11264 bytes
Sound buffer size = 45056 bytes
Sound frame size = 11264 bytes
Sound buffer size = 45056 bytes
Weapons factory bib clear - kicking out unit
Adding event PLACE
Sound frame size = 11264 bytes
Sound buffer size = 45056 bytes
Adding event PLACE
Weapons factory bib clear - kicking out unit
Sound frame size = 23552 bytes
Sound buffer size = 94208 bytes
Sound frame size = 23552 bytes
Sound buffer size = 94208 bytes
Sound frame size = 23552 bytes
Sound buffer size = 94208 bytes
Weapons factory bib clear - kicking out unit
Sound frame size = 11264 bytes
Sound buffer size = 45056 bytes
Sound frame size = 11264 bytes
Sound buffer size = 45056 bytes
Sound frame size = 11264 bytes
Sound buffer size = 45056 bytes
Weapons factory bib clear - kicking out unit
Sound frame size = 23552 bytes
Sound buffer size = 94208 bytes
Sound frame size = 23552 bytes
Sound buffer size = 94208 bytes
AICapture: I think (Nothing Special) so I roll a 58 and decide (Add To Team) with a Hephaestus Tank.
Sound frame size = 11264 bytes
Sound buffer size = 45056 bytes
[LAUNCH] WarChestSpecial
Sound frame size = 23552 bytes
Sound buffer size = 94208 bytes
Sound frame size = 11264 bytes
Sound buffer size = 45056 bytes
Weapons factory bib clear - kicking out unit
Sound frame size = 23552 bytes
Sound buffer size = 94208 bytes
[LAUNCH] PsychicRevealSpecial
Adding event PLACE
Weapons factory bib clear - kicking out unit
Weapons factory bib clear - kicking out unit
Create_One_Of...
Creating a new team named 'C T2 C23'.
Create_One_Of...
Creating a new team named 'C T2 C2 3'.
Sound frame size = 11264 bytes
Sound buffer size = 45056 bytes
Sound frame size = 23552 bytes
Sound buffer size = 94208 bytes
Sound frame size = 11264 bytes
Sound buffer size = 45056 bytes
Sound frame size = 11264 bytes
Sound buffer size = 45056 bytes
Sound frame size = 23552 bytes
Sound buffer size = 94208 bytes
Create_One_Of...
Creating a new team named 'USA W 1 1'.
Create_One_Of...
Creating a new team named 'USA W 1 1'.
Sound frame size = 23552 bytes
Sound buffer size = 94208 bytes
Sound frame size = 11264 bytes
Sound buffer size = 45056 bytes
Sound frame size = 23552 bytes
Sound buffer size = 94208 bytes
Sound frame size = 11264 bytes
Sound buffer size = 45056 bytes
Sound frame size = 21504 bytes
Sound buffer size = 86016 bytes
Sound frame size = 23552 bytes
Sound buffer size = 94208 bytes
Sound frame size = 11264 bytes
Sound buffer size = 45056 bytes
Sound frame size = 23552 bytes
Sound buffer size = 94208 bytes
Weapons factory bib clear - kicking out unit
Sound frame size = 11264 bytes
Sound buffer size = 45056 bytes
Weapons factory bib clear - kicking out unit
Sound frame size = 21504 bytes
Sound buffer size = 86016 bytes
Sound frame size = 23552 bytes
Sound buffer size = 94208 bytes
Sound frame size = 23552 bytes
Sound buffer size = 94208 bytes
Sound frame size = 11264 bytes
Sound buffer size = 45056 bytes
Sound frame size = 21504 bytes
Sound buffer size = 86016 bytes
Sound frame size = 11264 bytes
Sound buffer size = 45056 bytes
Sound frame size = 23552 bytes
Sound buffer size = 94208 bytes
Sound frame size = 11264 bytes
Sound buffer size = 45056 bytes
Sound frame size = 21504 bytes
Sound buffer size = 86016 bytes
Sound frame size = 46080 bytes
Sound buffer size = 184320 bytes
Sound frame size = 23552 bytes
Sound buffer size = 94208 bytes
Adding event PLACE
Weapons factory bib clear - kicking out unit
Regular findpath failure: (79,77) to (70, 82)
Regular findpath failure: (79,77) to (70, 82)
Regular findpath failure: (79,77) to (70, 82)
Regular findpath failure: (79,77) to (70, 82)
Regular findpath failure: (79,77) to (70, 82)
Sound frame size = 23552 bytes
Sound buffer size = 94208 bytes
Weapons factory bib clear - kicking out unit
Weapons factory bib clear - kicking out unit
Sound frame size = 46080 bytes
Sound buffer size = 184320 bytes
Sound frame size = 11264 bytes
Sound buffer size = 45056 bytes
Sound frame size = 11264 bytes
Sound buffer size = 45056 bytes
Sound frame size = 11264 bytes
Sound buffer size = 45056 bytes
Sound frame size = 11264 bytes
Sound buffer size = 45056 bytes
Sound frame size = 11264 bytes
Sound buffer size = 45056 bytes
Sound frame size = 11264 bytes
Sound buffer size = 45056 bytes
Sound frame size = 46080 bytes
Sound buffer size = 184320 bytes
Sound frame size = 23552 bytes
Sound buffer size = 94208 bytes
Sound frame size = 46080 bytes
Sound buffer size = 184320 bytes
Weapons factory bib clear - kicking out unit
Weapons factory bib clear - kicking out unit
Sound frame size = 23552 bytes
Sound buffer size = 94208 bytes
Sound frame size = 11264 bytes
Sound buffer size = 45056 bytes
Sound frame size = 23552 bytes
Sound buffer size = 94208 bytes
Sound frame size = 23552 bytes
Sound buffer size = 94208 bytes
Sound frame size = 11264 bytes
Sound buffer size = 45056 bytes
Sound frame size = 23552 bytes
Sound buffer size = 94208 bytes
Sound frame size = 46080 bytes
Sound buffer size = 184320 bytes
Sound frame size = 11264 bytes
Sound buffer size = 45056 bytes
Sound frame size = 11264 bytes
Sound buffer size = 45056 bytes
Adding event PLACE
Weapons factory bib clear - kicking out unit
Adding event PLACE
Sound frame size = 11264 bytes
Sound buffer size = 45056 bytes
Sound frame size = 11264 bytes
Sound buffer size = 45056 bytes
Adding event PRODUCE
Sound frame size = 46080 bytes
Sound buffer size = 184320 bytes
Sound frame size = 23552 bytes
Sound buffer size = 94208 bytes
Weapons factory bib clear - kicking out unit
Weapons factory bib clear - kicking out unit
Sound frame size = 11264 bytes
Sound buffer size = 45056 bytes
Sound frame size = 11264 bytes
Sound buffer size = 45056 bytes
Create_One_Of...
Creating a new team named 'C T2 C23'.
Create_One_Of...
Creating a new team named 'C T2 C2 3'.
Regular findpath failure: (77,77) to (70, 82)
Regular findpath failure: (77,77) to (70, 82)
Regular findpath failure: (77,77) to (70, 82)
Regular findpath failure: (77,77) to (70, 82)
Regular findpath failure: (77,77) to (70, 82)
Regular findpath failure: (78,77) to (70, 82)
Regular findpath failure: (78,77) to (70, 82)
Regular findpath failure: (78,77) to (70, 82)
Regular findpath failure: (78,77) to (70, 82)
Regular findpath failure: (78,77) to (70, 82)
(0045022c) : Computer is abandoning production of Yuri Submarine Pen[YAYARD]
Adding event PLACE
Sound frame size = 46080 bytes
Sound buffer size = 184320 bytes
Sound frame size = 11264 bytes
Sound buffer size = 45056 bytes
Weapons factory bib clear - kicking out unit
Sound frame size = 23552 bytes
Sound buffer size = 94208 bytes
Sound frame size = 23552 bytes
Sound buffer size = 94208 bytes
Sound frame size = 23552 bytes
Sound buffer size = 94208 bytes
Sound frame size = 23552 bytes
Sound buffer size = 94208 bytes
Sound frame size = 23552 bytes
Sound buffer size = 94208 bytes
Sound frame size = 11264 bytes
Sound buffer size = 45056 bytes
Sound frame size = 46080 bytes
Sound buffer size = 184320 bytes
Sound frame size = 11264 bytes
Sound buffer size = 45056 bytes
Sound frame size = 23552 bytes
Sound buffer size = 94208 bytes
Weapons factory bib clear - kicking out unit
Weapons factory bib clear - kicking out unit
Sound frame size = 11264 bytes
Sound buffer size = 45056 bytes
Sound frame size = 11264 bytes
Sound buffer size = 45056 bytes
Sound frame size = 11264 bytes
Sound buffer size = 45056 bytes
Sound frame size = 21504 bytes
Sound buffer size = 86016 bytes
Regular findpath failure: (70,82) to (72, 79)
Sound frame size = 46080 bytes
Sound buffer size = 184320 bytes
Create_One_Of...
Creating a new team named 'RUS T1 B 1'.
Create_One_Of...
Creating a new team named 'RUS T1 B 2'.
Sound frame size = 11264 bytes
Sound buffer size = 45056 bytes
Sound frame size = 46080 bytes
Sound buffer size = 184320 bytes
Adding event PLACE
Regular findpath failure: (76,77) to (70, 82)
Regular findpath failure: (76,75) to (69, 81)
Regular findpath failure: (76,75) to (69, 81)
Regular findpath failure: (76,75) to (69, 81)
Regular findpath failure: (76,75) to (69, 81)
Regular findpath failure: (76,75) to (69, 81)
Sound frame size = 11264 bytes
Sound buffer size = 45056 bytes
Regular findpath failure: (76,76) to (69, 81)
Regular findpath failure: (76,76) to (69, 81)
Regular findpath failure: (76,76) to (69, 81)
Regular findpath failure: (76,76) to (69, 81)
Regular findpath failure: (76,76) to (69, 81)
Sound frame size = 46080 bytes
Sound buffer size = 184320 bytes
Regular findpath failure: (75,76) to (69, 81)
Regular findpath failure: (75,76) to (69, 81)
Regular findpath failure: (75,76) to (69, 81)
Regular findpath failure: (75,76) to (69, 81)
Regular findpath failure: (75,76) to (69, 81)
Weapons factory bib clear - kicking out unit
Regular findpath failure: (75,76) to (69, 81)
Regular findpath failure: (75,76) to (69, 81)
Regular findpath failure: (75,76) to (69, 81)
Regular findpath failure: (75,76) to (69, 81)
Regular findpath failure: (75,76) to (69, 81)
Sound frame size = 11264 bytes
Sound buffer size = 45056 bytes
Weapons factory bib clear - kicking out unit
Weapons factory bib clear - kicking out unit
[LAUNCH] ParaDropSpecial
Sound frame size = 11264 bytes
Sound buffer size = 45056 bytes
Sound frame size = 23552 bytes
Sound buffer size = 94208 bytes
Crate at 90,56 contains 'reveal'
Sound frame size = 11264 bytes
Sound buffer size = 45056 bytes
Sound frame size = 11264 bytes
Sound buffer size = 45056 bytes
Sound frame size = 11264 bytes
Sound buffer size = 45056 bytes
Sound frame size = 23552 bytes
Sound buffer size = 94208 bytes
Sound frame size = 23552 bytes
Sound buffer size = 94208 bytes
Sound frame size = 11264 bytes
Sound buffer size = 45056 bytes
Sound frame size = 11264 bytes
Sound buffer size = 45056 bytes
Weapons factory bib clear - kicking out unit
Weapons factory bib clear - kicking out unit
Adding event PLACE
Sound frame size = 23552 bytes
Sound buffer size = 94208 bytes
Weapons factory bib clear - kicking out unit
Sound frame size = 11264 bytes
Sound buffer size = 45056 bytes
Sound frame size = 23552 bytes
Sound buffer size = 94208 bytes
Sound frame size = 23552 bytes
Sound buffer size = 94208 bytes
Create_One_Of...
Creating a new team named 'RUS T1 TK A 1'.
Create_One_Of...
Creating a new team named 'RUS T1 TK A 2'.
Sound frame size = 23552 bytes
Sound buffer size = 94208 bytes
Sound frame size = 11264 bytes
Sound buffer size = 45056 bytes
Sound frame size = 11264 bytes
Sound buffer size = 45056 bytes
Adding event IDLE
Adding event IDLE
Adding event IDLE
Adding event IDLE
Adding event IDLE
Adding event IDLE
Adding event IDLE
Adding event IDLE
[LAUNCH] WarChestSpecial
Create_One_Of...
Creating a new team named 'C T2 C23'.
Create_One_Of...
Creating a new team named 'C T2 C2 3'.
Sound frame size = 11264 bytes
Sound buffer size = 45056 bytes
Sound frame size = 23552 bytes
Sound buffer size = 94208 bytes
Weapons factory bib clear - kicking out unit
Weapons factory bib clear - kicking out unit
[LAUNCH] PsychicRevealSpecial
Sound frame size = 11264 bytes
Sound buffer size = 45056 bytes
Adding event PLACE
Sound frame size = 23552 bytes
Sound buffer size = 94208 bytes
Weapons factory bib clear - kicking out unit
Sound frame size = 23552 bytes
Sound buffer size = 94208 bytes
Sound frame size = 11264 bytes
Sound buffer size = 45056 bytes
Sound frame size = 23552 bytes
Sound buffer size = 94208 bytes
Weapons factory bib clear - kicking out unit
Weapons factory bib clear - kicking out unit
Sound frame size = 11264 bytes
Sound buffer size = 45056 bytes
Sound frame size = 23552 bytes
Sound buffer size = 94208 bytes
Sound frame size = 23552 bytes
Sound buffer size = 94208 bytes
Adding event PLACE
Adding event PRODUCE
Sound frame size = 23552 bytes
Sound buffer size = 94208 bytes
Weapons factory bib clear - kicking out unit
Weapons factory bib clear - kicking out unit
Adding event PLACE
Weapons factory bib clear - kicking out unit
Sound frame size = 11264 bytes
Sound buffer size = 45056 bytes
Sound frame size = 11264 bytes
Sound buffer size = 45056 bytes
Sound frame size = 11264 bytes
Sound buffer size = 45056 bytes
Sound frame size = 23552 bytes
Sound buffer size = 94208 bytes
Sound frame size = 11264 bytes
Sound buffer size = 45056 bytes
Sound frame size = 23552 bytes
Sound buffer size = 94208 bytes
Weapons factory bib clear - kicking out unit
Weapons factory bib clear - kicking out unit
Sound frame size = 11264 bytes
Sound buffer size = 45056 bytes
Sound frame size = 23552 bytes
Sound buffer size = 94208 bytes
Adding event PLACE
Weapons factory bib clear - kicking out unit
Weapons factory bib clear - kicking out unit
Weapons factory bib clear - kicking out unit
Adding event PLACE
Sound frame size = 11264 bytes
Sound buffer size = 45056 bytes
Create_One_Of...
Creating a new team named 'USA T3 D 1'.
Create_One_Of...
Creating a new team named 'USA T3 D 2'.
Adding event PRODUCE
Sound frame size = 23552 bytes
Sound buffer size = 94208 bytes
Sound frame size = 23552 bytes
Sound buffer size = 94208 bytes
Regular findpath failure: (80,76) to (78, 71)
Regular findpath failure: (80,76) to (78, 71)
Regular findpath failure: (80,76) to (78, 71)
Regular findpath failure: (80,76) to (78, 71)
Regular findpath failure: (80,76) to (78, 71)
Sound frame size = 11264 bytes
Sound buffer size = 45056 bytes
Sound frame size = 11264 bytes
Sound buffer size = 45056 bytes
Sound frame size = 23552 bytes
Sound buffer size = 94208 bytes
Adding event SPECIAL_PLACE
[LAUNCH] PsychicRevealSpecial
Sound frame size = 11264 bytes
Sound buffer size = 45056 bytes
Weapons factory bib clear - kicking out unit
Weapons factory bib clear - kicking out unit
Adding event PLACE
Weapons factory bib clear - kicking out unit
Sound frame size = 11264 bytes
Sound buffer size = 45056 bytes
Sound frame size = 23552 bytes
Sound buffer size = 94208 bytes
Sound frame size = 23552 bytes
Sound buffer size = 94208 bytes
Weapons factory bib clear - kicking out unit
Weapons factory bib clear - kicking out unit
Sound frame size = 23552 bytes
Sound buffer size = 94208 bytes
Sound frame size = 11264 bytes
Sound buffer size = 45056 bytes
Sound frame size = 23552 bytes
Sound buffer size = 94208 bytes
Sound frame size = 11264 bytes
Sound buffer size = 45056 bytes
Sound frame size = 23552 bytes
Sound buffer size = 94208 bytes
Sound frame size = 11264 bytes
Sound buffer size = 45056 bytes
Sound frame size = 23552 bytes
Sound buffer size = 94208 bytes
Sound frame size = 11264 bytes
Sound buffer size = 45056 bytes
Weapons factory bib clear - kicking out unit
Weapons factory bib clear - kicking out unit
Sound frame size = 23552 bytes
Sound buffer size = 94208 bytes
Sound frame size = 11264 bytes
Sound buffer size = 45056 bytes
Sound frame size = 11264 bytes
Sound buffer size = 45056 bytes
Sound frame size = 23552 bytes
Sound buffer size = 94208 bytes
Adding event PLACE
Weapons factory bib clear - kicking out unit
Sound frame size = 23552 bytes
Sound buffer size = 94208 bytes
Sound frame size = 23552 bytes
Sound buffer size = 94208 bytes
Sound frame size = 11264 bytes
Sound buffer size = 45056 bytes
Sound frame size = 23552 bytes
Sound buffer size = 94208 bytes
Sound frame size = 11264 bytes
Sound buffer size = 45056 bytes
Sound frame size = 23552 bytes
Sound buffer size = 94208 bytes
Sound frame size = 11264 bytes
Sound buffer size = 45056 bytes
Sound frame size = 23552 bytes
Sound buffer size = 94208 bytes
Sound frame size = 23552 bytes
Sound buffer size = 94208 bytes
Sound frame size = 23552 bytes
Sound buffer size = 94208 bytes
Sound frame size = 23552 bytes
Sound buffer size = 94208 bytes
Create_One_Of...
Creating a new team named 'C T2 C23'.
Create_One_Of...
Creating a new team named 'C T2 C2 3'.
Sound frame size = 23552 bytes
Sound buffer size = 94208 bytes
Sound frame size = 11264 bytes
Sound buffer size = 45056 bytes
Weapons factory bib clear - kicking out unit
Weapons factory bib clear - kicking out unit
Sound frame size = 23552 bytes
Sound buffer size = 94208 bytes
Sound frame size = 11264 bytes
Sound buffer size = 45056 bytes
Sound frame size = 11264 bytes
Sound buffer size = 45056 bytes
Sound frame size = 23552 bytes
Sound buffer size = 94208 bytes
Sound frame size = 11264 bytes
Sound buffer size = 45056 bytes
Sound frame size = 23552 bytes
Sound buffer size = 94208 bytes
Sound frame size = 11264 bytes
Sound buffer size = 45056 bytes
Sound frame size = 11264 bytes
Sound buffer size = 45056 bytes
Sound frame size = 11264 bytes
Sound buffer size = 45056 bytes
Sound frame size = 11264 bytes
Sound buffer size = 45056 bytes
Adding event PLACE
Weapons factory bib clear - kicking out unit
Sound frame size = 11264 bytes
Sound buffer size = 45056 bytes
Sound frame size = 23552 bytes
Sound buffer size = 94208 bytes
Weapons factory bib clear - kicking out unit
Weapons factory bib clear - kicking out unit
Sound frame size = 11264 bytes
Sound buffer size = 45056 bytes
Sound frame size = 21504 bytes
Sound buffer size = 86016 bytes
Sound frame size = 23552 bytes
Sound buffer size = 94208 bytes
Sound frame size = 11264 bytes
Sound buffer size = 45056 bytes
Sound frame size = 11264 bytes
Sound buffer size = 45056 bytes
AICapture: I think (Nothing Special) so I roll a 4 and decide (Add To Team) with a Hephaestus Tank.
AICapture: Naw, let's put him in hunt.
Sound frame size = 11264 bytes
Sound buffer size = 45056 bytes
Weapons factory bib clear - kicking out unit
Weapons factory bib clear - kicking out unit
[LAUNCH] ParaDropSpecial
Sound frame size = 23552 bytes
Sound buffer size = 94208 bytes
Adding event PLACE
Weapons factory bib clear - kicking out unit
Sound frame size = 23552 bytes
Sound buffer size = 94208 bytes
Sound frame size = 11264 bytes
Sound buffer size = 45056 bytes
Sound frame size = 11264 bytes
Sound buffer size = 45056 bytes
Sound frame size = 11264 bytes
Sound buffer size = 45056 bytes
Adding event PLACE
Weapons factory bib clear - kicking out unit
Weapons factory bib clear - kicking out unit
Adding event PRODUCE
Adding event PRODUCE
Sound frame size = 23552 bytes
Sound buffer size = 94208 bytes
Adding event PLACE
Adding event PLACE
Adding event PLACE
Weapons factory bib clear - kicking out unit
Sound frame size = 11264 bytes
Sound buffer size = 45056 bytes
Sound frame size = 23552 bytes
Sound buffer size = 94208 bytes
Adding event PLACE
Sound frame size = 23552 bytes
Sound buffer size = 94208 bytes
Adding event PLACE
Weapons factory bib clear - kicking out unit
Weapons factory bib clear - kicking out unit
Adding event PLACE
Sound frame size = 23552 bytes
Sound buffer size = 94208 bytes
Sound frame size = 11264 bytes
Sound buffer size = 45056 bytes
Adding event PLACE
Sound frame size = 11264 bytes
Sound buffer size = 45056 bytes
Sound frame size = 23552 bytes
Sound buffer size = 94208 bytes
Sound frame size = 11264 bytes
Sound buffer size = 45056 bytes
Adding event PLACE
[LAUNCH] WarChestSpecial
Adding event PLACE
Sound frame size = 11264 bytes
Sound buffer size = 45056 bytes
Adding event PLACE
Sound frame size = 23552 bytes
Sound buffer size = 94208 bytes
Adding event PLACE
Adding event PLACE
Weapons factory bib clear - kicking out unit
[LAUNCH] PsychicRevealSpecial
Sound frame size = 11264 bytes
Sound buffer size = 45056 bytes
Warning.  A* without HS: (102,104) to (101, 104)
Sound frame size = 23552 bytes
Sound buffer size = 94208 bytes
Sound frame size = 11264 bytes
Sound buffer size = 45056 bytes
Weapons factory bib clear - kicking out unit
Weapons factory bib clear - kicking out unit
Sound frame size = 23552 bytes
Sound buffer size = 94208 bytes
Sound frame size = 11264 bytes
Sound buffer size = 45056 bytes
Sound frame size = 23552 bytes
Sound buffer size = 94208 bytes
Sound frame size = 23552 bytes
Sound buffer size = 94208 bytes
Sound frame size = 11264 bytes
Sound buffer size = 45056 bytes
Adding event PLACE
Sound frame size = 23552 bytes
Sound buffer size = 94208 bytes
Sound frame size = 23552 bytes
Sound buffer size = 94208 bytes
Weapons factory bib clear - kicking out unit
Create_One_Of...
Creating a new team named 'C T3 BF 1'.
Create_One_Of...
Creating a new team named 'C T3 BF 2'.
Sound frame size = 11264 bytes
Sound buffer size = 45056 bytes
Sound frame size = 23552 bytes
Sound buffer size = 94208 bytes
Sound frame size = 11264 bytes
Sound buffer size = 45056 bytes
Adding event PRODUCE
Adding event PRODUCE
Sound frame size = 11264 bytes
Sound buffer size = 45056 bytes
Adding event PRODUCE
Adding event PRODUCE
Sound frame size = 11264 bytes
Sound buffer size = 45056 bytes
Create_One_Of...
Creating a new team named 'C T2 C23'.
Create_One_Of...
Creating a new team named 'C T2 C2 3'.
Adding event PRODUCE
Sound frame size = 23552 bytes
Sound buffer size = 94208 bytes
Weapons factory bib clear - kicking out unit
Weapons factory bib clear - kicking out unit
Sound frame size = 23552 bytes
Sound buffer size = 94208 bytes
Sound frame size = 23552 bytes
Sound buffer size = 94208 bytes
Sound frame size = 23552 bytes
Sound buffer size = 94208 bytes
Sound frame size = 23552 bytes
Sound buffer size = 94208 bytes
Adding event PLACE
Weapons factory bib clear - kicking out unit
Sound frame size = 23552 bytes
Sound buffer size = 94208 bytes
[LAUNCH] WarChestSpecial
Sound frame size = 11264 bytes
Sound buffer size = 45056 bytes
Sound frame size = 11264 bytes
Sound buffer size = 45056 bytes
Sound frame size = 11264 bytes
Sound buffer size = 45056 bytes
Sound frame size = 11264 bytes
Sound buffer size = 45056 bytes
Sound frame size = 11264 bytes
Sound buffer size = 45056 bytes
Sound frame size = 23552 bytes
Sound buffer size = 94208 bytes
Sound frame size = 23552 bytes
Sound buffer size = 94208 bytes
Sound frame size = 11264 bytes
Sound buffer size = 45056 bytes
Sound frame size = 11264 bytes
Sound buffer size = 45056 bytes
Sound frame size = 23552 bytes
Sound buffer size = 94208 bytes
Sound frame size = 11264 bytes
Sound buffer size = 45056 bytes
Adding event PLACE
Weapons factory bib clear - kicking out unit
Sound frame size = 23552 bytes
Sound buffer size = 94208 bytes
Sound frame size = 23552 bytes
Sound buffer size = 94208 bytes
Sound frame size = 11264 bytes
Sound buffer size = 45056 bytes
Sound frame size = 11264 bytes
Sound buffer size = 45056 bytes
Sound frame size = 11264 bytes
Sound buffer size = 45056 bytes
Sound frame size = 23552 bytes
Sound buffer size = 94208 bytes
Adding event OPTIONS
Paused ElapsedTimer = 30626
Tooltips are off.
Release_Mouse()
Default
Default
Default
Default
Adding event EXIT
Capture_Mouse()
Resume ElapsedTimer = 30626
Tooltips are on.
Sending game results.  SawCompletion=1
Processing EXIT event on frame 30592
LOADED NTRLMD.MIXLOADED NEUTRAL.MIX
Tooltips are off.
Release_Mouse()
Theme::Stop(30) - Fading
Disconnect_Gracefully
     Releasing NEUTRAL.MIX
     Releasing NTRLMD.MIX
LOADED NTRLMD.MIXLOADED NEUTRAL.MIX
Game loop finished. Average FPS = 59
     Releasing NEUTRAL.MIX
     Releasing NTRLMD.MIX
Closing log file on request 111